<?xml version="1.0" encoding="UTF-8"?>
<testsuite xmlns:xsi="http://www.w3.org/2001/XMLSchema-instance" xsi:noNamespaceSchemaLocation="https://maven.apache.org/surefire/maven-surefire-plugin/xsd/surefire-test-report-3.0.xsd" version="3.0" name="com.sismics.util.format.TestPdfFormatHandler" time="16.642" tests="1" errors="0" skipped="0" failures="0">
  <properties>
    <property name="awt.toolkit" value="sun.awt.X11.XToolkit"/>
    <property name="java.specification.version" value="11"/>
    <property name="sun.cpu.isalist" value=""/>
    <property name="sun.jnu.encoding" value="UTF-8"/>
    <property name="java.class.path" value="/mnt/d/2024SPRING/Software/Teedy/docs-core/target/test-classes:/mnt/d/2024SPRING/Software/Teedy/docs-core/target/classes:/mnt/d/program_files/apache-maven-3.9.5-bin/maven-repo/org/hibernate/hibernate-core/5.4.27.Final/hibernate-core-5.4.27.Final.jar:/mnt/d/program_files/apache-maven-3.9.5-bin/maven-repo/org/jboss/logging/jboss-logging/3.4.1.Final/jboss-logging-3.4.1.Final.jar:/mnt/d/program_files/apache-maven-3.9.5-bin/maven-repo/javax/persistence/javax.persistence-api/2.2/javax.persistence-api-2.2.jar:/mnt/d/program_files/apache-maven-3.9.5-bin/maven-repo/org/javassist/javassist/3.27.0-GA/javassist-3.27.0-GA.jar:/mnt/d/program_files/apache-maven-3.9.5-bin/maven-repo/net/bytebuddy/byte-buddy/1.10.17/byte-buddy-1.10.17.jar:/mnt/d/program_files/apache-maven-3.9.5-bin/maven-repo/antlr/antlr/2.7.7/antlr-2.7.7.jar:/mnt/d/program_files/apache-maven-3.9.5-bin/maven-repo/org/jboss/spec/javax/transaction/jboss-transaction-api_1.2_spec/1.1.1.Final/jboss-transaction-api_1.2_spec-1.1.1.Final.jar:/mnt/d/program_files/apache-maven-3.9.5-bin/maven-repo/org/jboss/jandex/2.1.3.Final/jandex-2.1.3.Final.jar:/mnt/d/program_files/apache-maven-3.9.5-bin/maven-repo/com/fasterxml/classmate/1.5.1/classmate-1.5.1.jar:/mnt/d/program_files/apache-maven-3.9.5-bin/maven-repo/javax/activation/javax.activation-api/1.2.0/javax.activation-api-1.2.0.jar:/mnt/d/program_files/apache-maven-3.9.5-bin/maven-repo/org/dom4j/dom4j/2.1.3/dom4j-2.1.3.jar:/mnt/d/program_files/apache-maven-3.9.5-bin/maven-repo/org/hibernate/common/hibernate-commons-annotations/5.1.2.Final/hibernate-commons-annotations-5.1.2.Final.jar:/mnt/d/program_files/apache-maven-3.9.5-bin/maven-repo/org/glassfish/jaxb/jaxb-runtime/2.3.1/jaxb-runtime-2.3.1.jar:/mnt/d/program_files/apache-maven-3.9.5-bin/maven-repo/org/glassfish/jaxb/txw2/2.3.1/txw2-2.3.1.jar:/mnt/d/program_files/apache-maven-3.9.5-bin/maven-repo/com/sun/istack/istack-commons-runtime/3.0.7/istack-commons-runtime-3.0.7.jar:/mnt/d/program_files/apache-maven-3.9.5-bin/maven-repo/org/jvnet/staxex/stax-ex/1.8/stax-ex-1.8.jar:/mnt/d/program_files/apache-maven-3.9.5-bin/maven-repo/com/sun/xml/fastinfoset/FastInfoset/1.2.15/FastInfoset-1.2.15.jar:/mnt/d/program_files/apache-maven-3.9.5-bin/maven-repo/org/hibernate/hibernate-entitymanager/5.4.27.Final/hibernate-entitymanager-5.4.27.Final.jar:/mnt/d/program_files/apache-maven-3.9.5-bin/maven-repo/org/hibernate/hibernate-c3p0/5.4.27.Final/hibernate-c3p0-5.4.27.Final.jar:/mnt/d/program_files/apache-maven-3.9.5-bin/maven-repo/com/mchange/c3p0/0.9.5.5/c3p0-0.9.5.5.jar:/mnt/d/program_files/apache-maven-3.9.5-bin/maven-repo/com/mchange/mchange-commons-java/0.2.19/mchange-commons-java-0.2.19.jar:/mnt/d/program_files/apache-maven-3.9.5-bin/maven-repo/joda-time/joda-time/2.10.9/joda-time-2.10.9.jar:/mnt/d/program_files/apache-maven-3.9.5-bin/maven-repo/com/google/guava/guava/30.1-jre/guava-30.1-jre.jar:/mnt/d/program_files/apache-maven-3.9.5-bin/maven-repo/com/google/guava/failureaccess/1.0.1/failureaccess-1.0.1.jar:/mnt/d/program_files/apache-maven-3.9.5-bin/maven-repo/com/google/guava/listenablefuture/9999.0-empty-to-avoid-conflict-with-guava/listenablefuture-9999.0-empty-to-avoid-conflict-with-guava.jar:/mnt/d/program_files/apache-maven-3.9.5-bin/maven-repo/com/google/code/findbugs/jsr305/3.0.2/jsr305-3.0.2.jar:/mnt/d/program_files/apache-maven-3.9.5-bin/maven-repo/org/checkerframework/checker-qual/3.5.0/checker-qual-3.5.0.jar:/mnt/d/program_files/apache-maven-3.9.5-bin/maven-repo/com/google/errorprone/error_prone_annotations/2.3.4/error_prone_annotations-2.3.4.jar:/mnt/d/program_files/apache-maven-3.9.5-bin/maven-repo/com/google/j2objc/j2objc-annotations/1.3/j2objc-annotations-1.3.jar:/mnt/d/program_files/apache-maven-3.9.5-bin/maven-repo/org/apache/commons/commons-compress/1.18/commons-compress-1.18.jar:/mnt/d/program_files/apache-maven-3.9.5-bin/maven-repo/commons-lang/commons-lang/2.6/commons-lang-2.6.jar:/mnt/d/program_files/apache-maven-3.9.5-bin/maven-repo/org/apache/commons/commons-email/1.5/commons-email-1.5.jar:/mnt/d/program_files/apache-maven-3.9.5-bin/maven-repo/org/freemarker/freemarker/2.3.30/freemarker-2.3.30.jar:/mnt/d/program_files/apache-maven-3.9.5-bin/maven-repo/org/glassfish/javax.json/1.1.4/javax.json-1.1.4.jar:/mnt/d/program_files/apache-maven-3.9.5-bin/maven-repo/org/jsoup/jsoup/1.13.1/jsoup-1.13.1.jar:/mnt/d/program_files/apache-maven-3.9.5-bin/maven-repo/log4j/log4j/1.2.17/log4j-1.2.17.jar:/mnt/d/program_files/apache-maven-3.9.5-bin/maven-repo/org/slf4j/slf4j-log4j12/1.7.30/slf4j-log4j12-1.7.30.jar:/mnt/d/program_files/apache-maven-3.9.5-bin/maven-repo/org/slf4j/slf4j-api/1.7.30/slf4j-api-1.7.30.jar:/mnt/d/program_files/apache-maven-3.9.5-bin/maven-repo/org/slf4j/jcl-over-slf4j/1.7.30/jcl-over-slf4j-1.7.30.jar:/mnt/d/program_files/apache-maven-3.9.5-bin/maven-repo/at/favre/lib/bcrypt/0.9.0/bcrypt-0.9.0.jar:/mnt/d/program_files/apache-maven-3.9.5-bin/maven-repo/at/favre/lib/bytes/1.3.0/bytes-1.3.0.jar:/mnt/d/program_files/apache-maven-3.9.5-bin/maven-repo/org/apache/lucene/lucene-core/8.7.0/lucene-core-8.7.0.jar:/mnt/d/program_files/apache-maven-3.9.5-bin/maven-repo/org/apache/lucene/lucene-analyzers-common/8.7.0/lucene-analyzers-common-8.7.0.jar:/mnt/d/program_files/apache-maven-3.9.5-bin/maven-repo/org/apache/lucene/lucene-queryparser/8.7.0/lucene-queryparser-8.7.0.jar:/mnt/d/program_files/apache-maven-3.9.5-bin/maven-repo/org/apache/lucene/lucene-queries/8.7.0/lucene-queries-8.7.0.jar:/mnt/d/program_files/apache-maven-3.9.5-bin/maven-repo/org/apache/lucene/lucene-sandbox/8.7.0/lucene-sandbox-8.7.0.jar:/mnt/d/program_files/apache-maven-3.9.5-bin/maven-repo/org/apache/lucene/lucene-suggest/8.7.0/lucene-suggest-8.7.0.jar:/mnt/d/program_files/apache-maven-3.9.5-bin/maven-repo/org/apache/lucene/lucene-highlighter/8.7.0/lucene-highlighter-8.7.0.jar:/mnt/d/program_files/apache-maven-3.9.5-bin/maven-repo/org/apache/lucene/lucene-memory/8.7.0/lucene-memory-8.7.0.jar:/mnt/d/program_files/apache-maven-3.9.5-bin/maven-repo/com/sun/mail/javax.mail/1.6.2/javax.mail-1.6.2.jar:/mnt/d/program_files/apache-maven-3.9.5-bin/maven-repo/javax/activation/activation/1.1/activation-1.1.jar:/mnt/d/program_files/apache-maven-3.9.5-bin/maven-repo/com/squareup/okhttp3/okhttp/4.9.0/okhttp-4.9.0.jar:/mnt/d/program_files/apache-maven-3.9.5-bin/maven-repo/com/squareup/okio/okio/2.8.0/okio-2.8.0.jar:/mnt/d/program_files/apache-maven-3.9.5-bin/maven-repo/org/jetbrains/kotlin/kotlin-stdlib-common/1.4.0/kotlin-stdlib-common-1.4.0.jar:/mnt/d/program_files/apache-maven-3.9.5-bin/maven-repo/org/jetbrains/kotlin/kotlin-stdlib/1.4.10/kotlin-stdlib-1.4.10.jar:/mnt/d/program_files/apache-maven-3.9.5-bin/maven-repo/org/jetbrains/annotations/13.0/annotations-13.0.jar:/mnt/d/program_files/apache-maven-3.9.5-bin/maven-repo/org/apache/directory/api/api-all/2.0.1/api-all-2.0.1.jar:/mnt/d/program_files/apache-maven-3.9.5-bin/maven-repo/org/apache/servicemix/bundles/org.apache.servicemix.bundles.xpp3/1.1.4c_7/org.apache.servicemix.bundles.xpp3-1.1.4c_7.jar:/mnt/d/program_files/apache-maven-3.9.5-bin/maven-repo/org/apache/servicemix/bundles/org.apache.servicemix.bundles.dom4j/2.1.1_1/org.apache.servicemix.bundles.dom4j-2.1.1_1.jar:/mnt/d/program_files/apache-maven-3.9.5-bin/maven-repo/org/apache/commons/commons-pool2/2.8.0/commons-pool2-2.8.0.jar:/mnt/d/program_files/apache-maven-3.9.5-bin/maven-repo/org/apache/mina/mina-core/2.1.3/mina-core-2.1.3.jar:/mnt/d/program_files/apache-maven-3.9.5-bin/maven-repo/org/apache/commons/commons-lang3/3.9/commons-lang3-3.9.jar:/mnt/d/program_files/apache-maven-3.9.5-bin/maven-repo/org/apache/commons/commons-collections4/4.4/commons-collections4-4.4.jar:/mnt/d/program_files/apache-maven-3.9.5-bin/maven-repo/org/apache/servicemix/bundles/org.apache.servicemix.bundles.antlr/2.7.7_5/org.apache.servicemix.bundles.antlr-2.7.7_5.jar:/mnt/d/program_files/apache-maven-3.9.5-bin/maven-repo/commons-codec/commons-codec/1.14/commons-codec-1.14.jar:/mnt/d/program_files/apache-maven-3.9.5-bin/maven-repo/org/apache/lucene/lucene-backward-codecs/8.7.0/lucene-backward-codecs-8.7.0.jar:/mnt/d/program_files/apache-maven-3.9.5-bin/maven-repo/org/imgscalr/imgscalr-lib/4.2/imgscalr-lib-4.2.jar:/mnt/d/program_files/apache-maven-3.9.5-bin/maven-repo/org/apache/pdfbox/pdfbox/2.0.22/pdfbox-2.0.22.jar:/mnt/d/program_files/apache-maven-3.9.5-bin/maven-repo/org/apache/pdfbox/fontbox/2.0.22/fontbox-2.0.22.jar:/mnt/d/program_files/apache-maven-3.9.5-bin/maven-repo/commons-logging/commons-logging/1.2/commons-logging-1.2.jar:/mnt/d/program_files/apache-maven-3.9.5-bin/maven-repo/org/bouncycastle/bcprov-jdk15on/1.68/bcprov-jdk15on-1.68.jar:/mnt/d/program_files/apache-maven-3.9.5-bin/maven-repo/fr/opensagres/xdocreport/fr.opensagres.odfdom.converter.pdf/2.0.2/fr.opensagres.odfdom.converter.pdf-2.0.2.jar:/mnt/d/program_files/apache-maven-3.9.5-bin/maven-repo/fr/opensagres/xdocreport/fr.opensagres.odfdom.converter.core/2.0.2/fr.opensagres.odfdom.converter.core-2.0.2.jar:/mnt/d/program_files/apache-maven-3.9.5-bin/maven-repo/org/odftoolkit/odfdom-java/0.8.7/odfdom-java-0.8.7.jar:/mnt/d/program_files/apache-maven-3.9.5-bin/maven-repo/xerces/xercesImpl/2.9.1/xercesImpl-2.9.1.jar:/mnt/d/program_files/apache-maven-3.9.5-bin/maven-repo/xml-apis/xml-apis/1.3.04/xml-apis-1.3.04.jar:/mnt/d/program_files/apache-maven-3.9.5-bin/maven-repo/fr/opensagres/xdocreport/fr.opensagres.xdocreport.itext.extension/2.0.2/fr.opensagres.xdocreport.itext.extension-2.0.2.jar:/mnt/d/program_files/apache-maven-3.9.5-bin/maven-repo/com/lowagie/itext/2.1.7/itext-2.1.7.jar:/mnt/d/program_files/apache-maven-3.9.5-bin/maven-repo/fr/opensagres/xdocreport/fr.opensagres.poi.xwpf.converter.pdf/2.0.2/fr.opensagres.poi.xwpf.converter.pdf-2.0.2.jar:/mnt/d/program_files/apache-maven-3.9.5-bin/maven-repo/fr/opensagres/xdocreport/fr.opensagres.poi.xwpf.converter.core/2.0.2/fr.opensagres.poi.xwpf.converter.core-2.0.2.jar:/mnt/d/program_files/apache-maven-3.9.5-bin/maven-repo/org/apache/poi/poi-ooxml/4.0.1/poi-ooxml-4.0.1.jar:/mnt/d/program_files/apache-maven-3.9.5-bin/maven-repo/org/apache/poi/poi/4.0.1/poi-4.0.1.jar:/mnt/d/program_files/apache-maven-3.9.5-bin/maven-repo/org/apache/commons/commons-math3/3.6.1/commons-math3-3.6.1.jar:/mnt/d/program_files/apache-maven-3.9.5-bin/maven-repo/com/github/virtuald/curvesapi/1.05/curvesapi-1.05.jar:/mnt/d/program_files/apache-maven-3.9.5-bin/maven-repo/org/apache/poi/ooxml-schemas/1.4/ooxml-schemas-1.4.jar:/mnt/d/program_files/apache-maven-3.9.5-bin/maven-repo/org/apache/xmlbeans/xmlbeans/3.0.1/xmlbeans-3.0.1.jar:/mnt/d/program_files/apache-maven-3.9.5-bin/maven-repo/com/twelvemonkeys/imageio/imageio-jpeg/3.6.2/imageio-jpeg-3.6.2.jar:/mnt/d/program_files/apache-maven-3.9.5-bin/maven-repo/com/twelvemonkeys/imageio/imageio-core/3.6.2/imageio-core-3.6.2.jar:/mnt/d/program_files/apache-maven-3.9.5-bin/maven-repo/com/twelvemonkeys/imageio/imageio-metadata/3.6.2/imageio-metadata-3.6.2.jar:/mnt/d/program_files/apache-maven-3.9.5-bin/maven-repo/com/twelvemonkeys/common/common-lang/3.6.2/common-lang-3.6.2.jar:/mnt/d/program_files/apache-maven-3.9.5-bin/maven-repo/com/twelvemonkeys/common/common-io/3.6.2/common-io-3.6.2.jar:/mnt/d/program_files/apache-maven-3.9.5-bin/maven-repo/com/twelvemonkeys/common/common-image/3.6.2/common-image-3.6.2.jar:/mnt/d/program_files/apache-maven-3.9.5-bin/maven-repo/com/twelvemonkeys/imageio/imageio-tiff/3.6.2/imageio-tiff-3.6.2.jar:/mnt/d/program_files/apache-maven-3.9.5-bin/maven-repo/com/github/jai-imageio/jai-imageio-jpeg2000/1.4.0/jai-imageio-jpeg2000-1.4.0.jar:/mnt/d/program_files/apache-maven-3.9.5-bin/maven-repo/com/github/jai-imageio/jai-imageio-core/1.4.0/jai-imageio-core-1.4.0.jar:/mnt/d/program_files/apache-maven-3.9.5-bin/maven-repo/com/levigo/jbig2/levigo-jbig2-imageio/2.0/levigo-jbig2-imageio-2.0.jar:/mnt/d/program_files/apache-maven-3.9.5-bin/maven-repo/org/postgresql/postgresql/42.2.18/postgresql-42.2.18.jar:/mnt/d/program_files/apache-maven-3.9.5-bin/maven-repo/javax/xml/bind/jaxb-api/2.3.0/jaxb-api-2.3.0.jar:/mnt/d/program_files/apache-maven-3.9.5-bin/maven-repo/com/sun/xml/bind/jaxb-core/2.3.0/jaxb-core-2.3.0.jar:/mnt/d/program_files/apache-maven-3.9.5-bin/maven-repo/com/sun/xml/bind/jaxb-impl/2.3.0/jaxb-impl-2.3.0.jar:/mnt/d/program_files/apache-maven-3.9.5-bin/maven-repo/junit/junit/4.13.1/junit-4.13.1.jar:/mnt/d/program_files/apache-maven-3.9.5-bin/maven-repo/org/hamcrest/hamcrest-core/1.3/hamcrest-core-1.3.jar:/mnt/d/program_files/apache-maven-3.9.5-bin/maven-repo/com/h2database/h2/1.4.199/h2-1.4.199.jar:"/>
    <property name="java.vm.vendor" value="Ubuntu"/>
    <property name="sun.arch.data.model" value="64"/>
    <property name="java.vendor.url" value="https://ubuntu.com/"/>
    <property name="user.timezone" value=""/>
    <property name="java.vm.specification.version" value="11"/>
    <property name="os.name" value="Linux"/>
    <property name="sun.java.launcher" value="SUN_STANDARD"/>
    <property name="sun.boot.library.path" value="/usr/lib/jvm/java-11-openjdk-amd64/lib"/>
    <property name="sun.java.command" value="/mnt/d/2024SPRING/Software/Teedy/docs-core/target/surefire/surefirebooter14161526940701990678.jar /mnt/d/2024SPRING/Software/Teedy/docs-core/target/surefire 2024-04-29T18-31-54_946-jvmRun1 surefire738708464539270381tmp surefire_38687207349008911499tmp"/>
    <property name="jdk.debug" value="release"/>
    <property name="surefire.test.class.path" value="/mnt/d/2024SPRING/Software/Teedy/docs-core/target/test-classes:/mnt/d/2024SPRING/Software/Teedy/docs-core/target/classes:/mnt/d/program_files/apache-maven-3.9.5-bin/maven-repo/org/hibernate/hibernate-core/5.4.27.Final/hibernate-core-5.4.27.Final.jar:/mnt/d/program_files/apache-maven-3.9.5-bin/maven-repo/org/jboss/logging/jboss-logging/3.4.1.Final/jboss-logging-3.4.1.Final.jar:/mnt/d/program_files/apache-maven-3.9.5-bin/maven-repo/javax/persistence/javax.persistence-api/2.2/javax.persistence-api-2.2.jar:/mnt/d/program_files/apache-maven-3.9.5-bin/maven-repo/org/javassist/javassist/3.27.0-GA/javassist-3.27.0-GA.jar:/mnt/d/program_files/apache-maven-3.9.5-bin/maven-repo/net/bytebuddy/byte-buddy/1.10.17/byte-buddy-1.10.17.jar:/mnt/d/program_files/apache-maven-3.9.5-bin/maven-repo/antlr/antlr/2.7.7/antlr-2.7.7.jar:/mnt/d/program_files/apache-maven-3.9.5-bin/maven-repo/org/jboss/spec/javax/transaction/jboss-transaction-api_1.2_spec/1.1.1.Final/jboss-transaction-api_1.2_spec-1.1.1.Final.jar:/mnt/d/program_files/apache-maven-3.9.5-bin/maven-repo/org/jboss/jandex/2.1.3.Final/jandex-2.1.3.Final.jar:/mnt/d/program_files/apache-maven-3.9.5-bin/maven-repo/com/fasterxml/classmate/1.5.1/classmate-1.5.1.jar:/mnt/d/program_files/apache-maven-3.9.5-bin/maven-repo/javax/activation/javax.activation-api/1.2.0/javax.activation-api-1.2.0.jar:/mnt/d/program_files/apache-maven-3.9.5-bin/maven-repo/org/dom4j/dom4j/2.1.3/dom4j-2.1.3.jar:/mnt/d/program_files/apache-maven-3.9.5-bin/maven-repo/org/hibernate/common/hibernate-commons-annotations/5.1.2.Final/hibernate-commons-annotations-5.1.2.Final.jar:/mnt/d/program_files/apache-maven-3.9.5-bin/maven-repo/org/glassfish/jaxb/jaxb-runtime/2.3.1/jaxb-runtime-2.3.1.jar:/mnt/d/program_files/apache-maven-3.9.5-bin/maven-repo/org/glassfish/jaxb/txw2/2.3.1/txw2-2.3.1.jar:/mnt/d/program_files/apache-maven-3.9.5-bin/maven-repo/com/sun/istack/istack-commons-runtime/3.0.7/istack-commons-runtime-3.0.7.jar:/mnt/d/program_files/apache-maven-3.9.5-bin/maven-repo/org/jvnet/staxex/stax-ex/1.8/stax-ex-1.8.jar:/mnt/d/program_files/apache-maven-3.9.5-bin/maven-repo/com/sun/xml/fastinfoset/FastInfoset/1.2.15/FastInfoset-1.2.15.jar:/mnt/d/program_files/apache-maven-3.9.5-bin/maven-repo/org/hibernate/hibernate-entitymanager/5.4.27.Final/hibernate-entitymanager-5.4.27.Final.jar:/mnt/d/program_files/apache-maven-3.9.5-bin/maven-repo/org/hibernate/hibernate-c3p0/5.4.27.Final/hibernate-c3p0-5.4.27.Final.jar:/mnt/d/program_files/apache-maven-3.9.5-bin/maven-repo/com/mchange/c3p0/0.9.5.5/c3p0-0.9.5.5.jar:/mnt/d/program_files/apache-maven-3.9.5-bin/maven-repo/com/mchange/mchange-commons-java/0.2.19/mchange-commons-java-0.2.19.jar:/mnt/d/program_files/apache-maven-3.9.5-bin/maven-repo/joda-time/joda-time/2.10.9/joda-time-2.10.9.jar:/mnt/d/program_files/apache-maven-3.9.5-bin/maven-repo/com/google/guava/guava/30.1-jre/guava-30.1-jre.jar:/mnt/d/program_files/apache-maven-3.9.5-bin/maven-repo/com/google/guava/failureaccess/1.0.1/failureaccess-1.0.1.jar:/mnt/d/program_files/apache-maven-3.9.5-bin/maven-repo/com/google/guava/listenablefuture/9999.0-empty-to-avoid-conflict-with-guava/listenablefuture-9999.0-empty-to-avoid-conflict-with-guava.jar:/mnt/d/program_files/apache-maven-3.9.5-bin/maven-repo/com/google/code/findbugs/jsr305/3.0.2/jsr305-3.0.2.jar:/mnt/d/program_files/apache-maven-3.9.5-bin/maven-repo/org/checkerframework/checker-qual/3.5.0/checker-qual-3.5.0.jar:/mnt/d/program_files/apache-maven-3.9.5-bin/maven-repo/com/google/errorprone/error_prone_annotations/2.3.4/error_prone_annotations-2.3.4.jar:/mnt/d/program_files/apache-maven-3.9.5-bin/maven-repo/com/google/j2objc/j2objc-annotations/1.3/j2objc-annotations-1.3.jar:/mnt/d/program_files/apache-maven-3.9.5-bin/maven-repo/org/apache/commons/commons-compress/1.18/commons-compress-1.18.jar:/mnt/d/program_files/apache-maven-3.9.5-bin/maven-repo/commons-lang/commons-lang/2.6/commons-lang-2.6.jar:/mnt/d/program_files/apache-maven-3.9.5-bin/maven-repo/org/apache/commons/commons-email/1.5/commons-email-1.5.jar:/mnt/d/program_files/apache-maven-3.9.5-bin/maven-repo/org/freemarker/freemarker/2.3.30/freemarker-2.3.30.jar:/mnt/d/program_files/apache-maven-3.9.5-bin/maven-repo/org/glassfish/javax.json/1.1.4/javax.json-1.1.4.jar:/mnt/d/program_files/apache-maven-3.9.5-bin/maven-repo/org/jsoup/jsoup/1.13.1/jsoup-1.13.1.jar:/mnt/d/program_files/apache-maven-3.9.5-bin/maven-repo/log4j/log4j/1.2.17/log4j-1.2.17.jar:/mnt/d/program_files/apache-maven-3.9.5-bin/maven-repo/org/slf4j/slf4j-log4j12/1.7.30/slf4j-log4j12-1.7.30.jar:/mnt/d/program_files/apache-maven-3.9.5-bin/maven-repo/org/slf4j/slf4j-api/1.7.30/slf4j-api-1.7.30.jar:/mnt/d/program_files/apache-maven-3.9.5-bin/maven-repo/org/slf4j/jcl-over-slf4j/1.7.30/jcl-over-slf4j-1.7.30.jar:/mnt/d/program_files/apache-maven-3.9.5-bin/maven-repo/at/favre/lib/bcrypt/0.9.0/bcrypt-0.9.0.jar:/mnt/d/program_files/apache-maven-3.9.5-bin/maven-repo/at/favre/lib/bytes/1.3.0/bytes-1.3.0.jar:/mnt/d/program_files/apache-maven-3.9.5-bin/maven-repo/org/apache/lucene/lucene-core/8.7.0/lucene-core-8.7.0.jar:/mnt/d/program_files/apache-maven-3.9.5-bin/maven-repo/org/apache/lucene/lucene-analyzers-common/8.7.0/lucene-analyzers-common-8.7.0.jar:/mnt/d/program_files/apache-maven-3.9.5-bin/maven-repo/org/apache/lucene/lucene-queryparser/8.7.0/lucene-queryparser-8.7.0.jar:/mnt/d/program_files/apache-maven-3.9.5-bin/maven-repo/org/apache/lucene/lucene-queries/8.7.0/lucene-queries-8.7.0.jar:/mnt/d/program_files/apache-maven-3.9.5-bin/maven-repo/org/apache/lucene/lucene-sandbox/8.7.0/lucene-sandbox-8.7.0.jar:/mnt/d/program_files/apache-maven-3.9.5-bin/maven-repo/org/apache/lucene/lucene-suggest/8.7.0/lucene-suggest-8.7.0.jar:/mnt/d/program_files/apache-maven-3.9.5-bin/maven-repo/org/apache/lucene/lucene-highlighter/8.7.0/lucene-highlighter-8.7.0.jar:/mnt/d/program_files/apache-maven-3.9.5-bin/maven-repo/org/apache/lucene/lucene-memory/8.7.0/lucene-memory-8.7.0.jar:/mnt/d/program_files/apache-maven-3.9.5-bin/maven-repo/com/sun/mail/javax.mail/1.6.2/javax.mail-1.6.2.jar:/mnt/d/program_files/apache-maven-3.9.5-bin/maven-repo/javax/activation/activation/1.1/activation-1.1.jar:/mnt/d/program_files/apache-maven-3.9.5-bin/maven-repo/com/squareup/okhttp3/okhttp/4.9.0/okhttp-4.9.0.jar:/mnt/d/program_files/apache-maven-3.9.5-bin/maven-repo/com/squareup/okio/okio/2.8.0/okio-2.8.0.jar:/mnt/d/program_files/apache-maven-3.9.5-bin/maven-repo/org/jetbrains/kotlin/kotlin-stdlib-common/1.4.0/kotlin-stdlib-common-1.4.0.jar:/mnt/d/program_files/apache-maven-3.9.5-bin/maven-repo/org/jetbrains/kotlin/kotlin-stdlib/1.4.10/kotlin-stdlib-1.4.10.jar:/mnt/d/program_files/apache-maven-3.9.5-bin/maven-repo/org/jetbrains/annotations/13.0/annotations-13.0.jar:/mnt/d/program_files/apache-maven-3.9.5-bin/maven-repo/org/apache/directory/api/api-all/2.0.1/api-all-2.0.1.jar:/mnt/d/program_files/apache-maven-3.9.5-bin/maven-repo/org/apache/servicemix/bundles/org.apache.servicemix.bundles.xpp3/1.1.4c_7/org.apache.servicemix.bundles.xpp3-1.1.4c_7.jar:/mnt/d/program_files/apache-maven-3.9.5-bin/maven-repo/org/apache/servicemix/bundles/org.apache.servicemix.bundles.dom4j/2.1.1_1/org.apache.servicemix.bundles.dom4j-2.1.1_1.jar:/mnt/d/program_files/apache-maven-3.9.5-bin/maven-repo/org/apache/commons/commons-pool2/2.8.0/commons-pool2-2.8.0.jar:/mnt/d/program_files/apache-maven-3.9.5-bin/maven-repo/org/apache/mina/mina-core/2.1.3/mina-core-2.1.3.jar:/mnt/d/program_files/apache-maven-3.9.5-bin/maven-repo/org/apache/commons/commons-lang3/3.9/commons-lang3-3.9.jar:/mnt/d/program_files/apache-maven-3.9.5-bin/maven-repo/org/apache/commons/commons-collections4/4.4/commons-collections4-4.4.jar:/mnt/d/program_files/apache-maven-3.9.5-bin/maven-repo/org/apache/servicemix/bundles/org.apache.servicemix.bundles.antlr/2.7.7_5/org.apache.servicemix.bundles.antlr-2.7.7_5.jar:/mnt/d/program_files/apache-maven-3.9.5-bin/maven-repo/commons-codec/commons-codec/1.14/commons-codec-1.14.jar:/mnt/d/program_files/apache-maven-3.9.5-bin/maven-repo/org/apache/lucene/lucene-backward-codecs/8.7.0/lucene-backward-codecs-8.7.0.jar:/mnt/d/program_files/apache-maven-3.9.5-bin/maven-repo/org/imgscalr/imgscalr-lib/4.2/imgscalr-lib-4.2.jar:/mnt/d/program_files/apache-maven-3.9.5-bin/maven-repo/org/apache/pdfbox/pdfbox/2.0.22/pdfbox-2.0.22.jar:/mnt/d/program_files/apache-maven-3.9.5-bin/maven-repo/org/apache/pdfbox/fontbox/2.0.22/fontbox-2.0.22.jar:/mnt/d/program_files/apache-maven-3.9.5-bin/maven-repo/commons-logging/commons-logging/1.2/commons-logging-1.2.jar:/mnt/d/program_files/apache-maven-3.9.5-bin/maven-repo/org/bouncycastle/bcprov-jdk15on/1.68/bcprov-jdk15on-1.68.jar:/mnt/d/program_files/apache-maven-3.9.5-bin/maven-repo/fr/opensagres/xdocreport/fr.opensagres.odfdom.converter.pdf/2.0.2/fr.opensagres.odfdom.converter.pdf-2.0.2.jar:/mnt/d/program_files/apache-maven-3.9.5-bin/maven-repo/fr/opensagres/xdocreport/fr.opensagres.odfdom.converter.core/2.0.2/fr.opensagres.odfdom.converter.core-2.0.2.jar:/mnt/d/program_files/apache-maven-3.9.5-bin/maven-repo/org/odftoolkit/odfdom-java/0.8.7/odfdom-java-0.8.7.jar:/mnt/d/program_files/apache-maven-3.9.5-bin/maven-repo/xerces/xercesImpl/2.9.1/xercesImpl-2.9.1.jar:/mnt/d/program_files/apache-maven-3.9.5-bin/maven-repo/xml-apis/xml-apis/1.3.04/xml-apis-1.3.04.jar:/mnt/d/program_files/apache-maven-3.9.5-bin/maven-repo/fr/opensagres/xdocreport/fr.opensagres.xdocreport.itext.extension/2.0.2/fr.opensagres.xdocreport.itext.extension-2.0.2.jar:/mnt/d/program_files/apache-maven-3.9.5-bin/maven-repo/com/lowagie/itext/2.1.7/itext-2.1.7.jar:/mnt/d/program_files/apache-maven-3.9.5-bin/maven-repo/fr/opensagres/xdocreport/fr.opensagres.poi.xwpf.converter.pdf/2.0.2/fr.opensagres.poi.xwpf.converter.pdf-2.0.2.jar:/mnt/d/program_files/apache-maven-3.9.5-bin/maven-repo/fr/opensagres/xdocreport/fr.opensagres.poi.xwpf.converter.core/2.0.2/fr.opensagres.poi.xwpf.converter.core-2.0.2.jar:/mnt/d/program_files/apache-maven-3.9.5-bin/maven-repo/org/apache/poi/poi-ooxml/4.0.1/poi-ooxml-4.0.1.jar:/mnt/d/program_files/apache-maven-3.9.5-bin/maven-repo/org/apache/poi/poi/4.0.1/poi-4.0.1.jar:/mnt/d/program_files/apache-maven-3.9.5-bin/maven-repo/org/apache/commons/commons-math3/3.6.1/commons-math3-3.6.1.jar:/mnt/d/program_files/apache-maven-3.9.5-bin/maven-repo/com/github/virtuald/curvesapi/1.05/curvesapi-1.05.jar:/mnt/d/program_files/apache-maven-3.9.5-bin/maven-repo/org/apache/poi/ooxml-schemas/1.4/ooxml-schemas-1.4.jar:/mnt/d/program_files/apache-maven-3.9.5-bin/maven-repo/org/apache/xmlbeans/xmlbeans/3.0.1/xmlbeans-3.0.1.jar:/mnt/d/program_files/apache-maven-3.9.5-bin/maven-repo/com/twelvemonkeys/imageio/imageio-jpeg/3.6.2/imageio-jpeg-3.6.2.jar:/mnt/d/program_files/apache-maven-3.9.5-bin/maven-repo/com/twelvemonkeys/imageio/imageio-core/3.6.2/imageio-core-3.6.2.jar:/mnt/d/program_files/apache-maven-3.9.5-bin/maven-repo/com/twelvemonkeys/imageio/imageio-metadata/3.6.2/imageio-metadata-3.6.2.jar:/mnt/d/program_files/apache-maven-3.9.5-bin/maven-repo/com/twelvemonkeys/common/common-lang/3.6.2/common-lang-3.6.2.jar:/mnt/d/program_files/apache-maven-3.9.5-bin/maven-repo/com/twelvemonkeys/common/common-io/3.6.2/common-io-3.6.2.jar:/mnt/d/program_files/apache-maven-3.9.5-bin/maven-repo/com/twelvemonkeys/common/common-image/3.6.2/common-image-3.6.2.jar:/mnt/d/program_files/apache-maven-3.9.5-bin/maven-repo/com/twelvemonkeys/imageio/imageio-tiff/3.6.2/imageio-tiff-3.6.2.jar:/mnt/d/program_files/apache-maven-3.9.5-bin/maven-repo/com/github/jai-imageio/jai-imageio-jpeg2000/1.4.0/jai-imageio-jpeg2000-1.4.0.jar:/mnt/d/program_files/apache-maven-3.9.5-bin/maven-repo/com/github/jai-imageio/jai-imageio-core/1.4.0/jai-imageio-core-1.4.0.jar:/mnt/d/program_files/apache-maven-3.9.5-bin/maven-repo/com/levigo/jbig2/levigo-jbig2-imageio/2.0/levigo-jbig2-imageio-2.0.jar:/mnt/d/program_files/apache-maven-3.9.5-bin/maven-repo/org/postgresql/postgresql/42.2.18/postgresql-42.2.18.jar:/mnt/d/program_files/apache-maven-3.9.5-bin/maven-repo/javax/xml/bind/jaxb-api/2.3.0/jaxb-api-2.3.0.jar:/mnt/d/program_files/apache-maven-3.9.5-bin/maven-repo/com/sun/xml/bind/jaxb-core/2.3.0/jaxb-core-2.3.0.jar:/mnt/d/program_files/apache-maven-3.9.5-bin/maven-repo/com/sun/xml/bind/jaxb-impl/2.3.0/jaxb-impl-2.3.0.jar:/mnt/d/program_files/apache-maven-3.9.5-bin/maven-repo/junit/junit/4.13.1/junit-4.13.1.jar:/mnt/d/program_files/apache-maven-3.9.5-bin/maven-repo/org/hamcrest/hamcrest-core/1.3/hamcrest-core-1.3.jar:/mnt/d/program_files/apache-maven-3.9.5-bin/maven-repo/com/h2database/h2/1.4.199/h2-1.4.199.jar:"/>
    <property name="sun.cpu.endian" value="little"/>
    <property name="user.home" value="/root"/>
    <property name="user.language" value="en"/>
    <property name="java.specification.vendor" value="Oracle Corporation"/>
    <property name="java.version.date" value="2024-01-16"/>
    <property name="java.home" value="/usr/lib/jvm/java-11-openjdk-amd64"/>
    <property name="file.separator" value="/"/>
    <property name="basedir" value="/mnt/d/2024SPRING/Software/Teedy/docs-core"/>
    <property name="java.vm.compressedOopsMode" value="32-bit"/>
    <property name="line.separator" value="&#10;"/>
    <property name="java.specification.name" value="Java Platform API Specification"/>
    <property name="java.vm.specification.vendor" value="Oracle Corporation"/>
    <property name="java.awt.graphicsenv" value="sun.awt.X11GraphicsEnvironment"/>
    <property name="surefire.real.class.path" value="/mnt/d/2024SPRING/Software/Teedy/docs-core/target/surefire/surefirebooter14161526940701990678.jar"/>
    <property name="sun.management.compiler" value="HotSpot 64-Bit Tiered Compilers"/>
    <property name="java.runtime.version" value="11.0.22+7-post-Ubuntu-0ubuntu222.04.1"/>
    <property name="user.name" value="root"/>
    <property name="path.separator" value=":"/>
    <property name="os.version" value="5.15.133.1-microsoft-standard-WSL2"/>
    <property name="java.runtime.name" value="OpenJDK Runtime Environment"/>
    <property name="file.encoding" value="UTF-8"/>
    <property name="java.vm.name" value="OpenJDK 64-Bit Server VM"/>
    <property name="localRepository" value="/mnt/d/program_files/apache-maven-3.9.5-bin/maven-repo"/>
    <property name="java.vendor.url.bug" value="https://bugs.launchpad.net/ubuntu/+source/openjdk-lts"/>
    <property name="java.io.tmpdir" value="/tmp"/>
    <property name="java.version" value="11.0.22"/>
    <property name="user.dir" value="/mnt/d/2024SPRING/Software/Teedy/docs-core"/>
    <property name="os.arch" value="amd64"/>
    <property name="java.vm.specification.name" value="Java Virtual Machine Specification"/>
    <property name="java.awt.printerjob" value="sun.print.PSPrinterJob"/>
    <property name="sun.os.patch.level" value="unknown"/>
    <property name="java.library.path" value="/usr/java/packages/lib:/usr/lib/x86_64-linux-gnu/jni:/lib/x86_64-linux-gnu:/usr/lib/x86_64-linux-gnu:/usr/lib/jni:/lib:/usr/lib"/>
    <property name="java.vm.info" value="mixed mode, sharing"/>
    <property name="java.vendor" value="Ubuntu"/>
    <property name="java.vm.version" value="11.0.22+7-post-Ubuntu-0ubuntu222.04.1"/>
    <property name="java.specification.maintenance.version" value="2"/>
    <property name="sun.io.unicode.encoding" value="UnicodeLittle"/>
    <property name="java.class.version" value="55.0"/>
  </properties>
  <testcase name="testIssue373" classname="com.sismics.util.format.TestPdfFormatHandler" time="16.288">
    <system-out><![CDATA[29 Apr 2024 18:33:29,111 INFO com.sismics.docs.core.util.format.PdfFormatHandler.extractContent(PdfFormatHandler.java:62) OCR page 1/1 of PDF file containing only images 
29 Apr 2024 18:33:38,913 INFO com.sismics.util.ClasspathScanner.findClasses(ClasspathScanner.java:48) Found 1 classes for IndexingHandler 
29 Apr 2024 18:33:39,056 INFO com.sismics.docs.core.util.indexing.LuceneIndexingHandler.initLucene(LuceneIndexingHandler.java:115) Using RAM Lucene storage 
29 Apr 2024 18:33:40,205 INFO com.sismics.docs.core.service.FileService.startUp(FileService.java:39) File service starting up 
29 Apr 2024 18:33:40,273 INFO com.sismics.docs.core.service.InboxService.startUp(InboxService.java:55) Inbox service starting up 
29 Apr 2024 18:33:40,337 INFO com.sismics.util.jpa.EMF.getEntityManagerProperties(EMF.java:67) Configuring EntityManager from hibernate.properties 
29 Apr 2024 18:33:40,435 DEBUG org.hibernate.boot.registry.selector.internal.StrategySelectorBuilder.<clinit>(StrategySelectorBuilder.java:44) Logging Provider: org.jboss.logging.Log4jLoggerProvider 
29 Apr 2024 18:33:41,824 INFO com.mchange.v2.log.slf4j.Slf4jMLog$Slf4jMLogger$InfoLogger.log(Slf4jMLog.java:212) MLog clients using slf4j logging. 
29 Apr 2024 18:33:41,876 DEBUG com.mchange.v2.log.slf4j.Slf4jMLog$Slf4jMLogger$DebugLogger.log(Slf4jMLog.java:207) Reading VM config for path list /com/mchange/v2/log/default-mchange-log.properties, /mchange-commons.properties, /c3p0.properties, hocon:/reference,/application,/c3p0,/, /mchange-log.properties, / 
29 Apr 2024 18:33:41,876 DEBUG com.mchange.v2.log.slf4j.Slf4jMLog$Slf4jMLogger$DebugLogger.log(Slf4jMLog.java:207) The configuration file for resource identifier '/mchange-commons.properties' could not be found. Skipping. 
29 Apr 2024 18:33:41,877 DEBUG com.mchange.v2.log.slf4j.Slf4jMLog$Slf4jMLogger$DebugLogger.log(Slf4jMLog.java:207) The configuration file for resource identifier '/c3p0.properties' could not be found. Skipping. 
29 Apr 2024 18:33:41,877 DEBUG com.mchange.v2.log.slf4j.Slf4jMLog$Slf4jMLogger$DebugLogger.log(Slf4jMLog.java:207) The configuration file for resource identifier 'hocon:/reference,/application,/c3p0,/' could not be found. Skipping. 
29 Apr 2024 18:33:41,877 DEBUG com.mchange.v2.log.slf4j.Slf4jMLog$Slf4jMLogger$DebugLogger.log(Slf4jMLog.java:207) The configuration file for resource identifier '/mchange-log.properties' could not be found. Skipping. 
29 Apr 2024 18:33:41,907 DEBUG com.mchange.v2.log.slf4j.Slf4jMLog$Slf4jMLogger$DebugLogger.log(Slf4jMLog.java:207) The configuration file for resource identifier '/mchange-commons.properties' could not be found. Skipping. 
29 Apr 2024 18:33:41,907 DEBUG com.mchange.v2.log.slf4j.Slf4jMLog$Slf4jMLogger$DebugLogger.log(Slf4jMLog.java:207) The configuration file for resource identifier '/mchange-log.properties' could not be found. Skipping. 
29 Apr 2024 18:33:41,908 DEBUG com.mchange.v2.log.slf4j.Slf4jMLog$Slf4jMLogger$DebugLogger.log(Slf4jMLog.java:207) The configuration file for resource identifier 'hocon:/reference,/application,/c3p0,/' could not be found. Skipping. 
29 Apr 2024 18:33:41,908 DEBUG com.mchange.v2.log.slf4j.Slf4jMLog$Slf4jMLogger$DebugLogger.log(Slf4jMLog.java:207) The configuration file for resource identifier '/c3p0.properties' could not be found. Skipping. 
29 Apr 2024 18:33:42,442 INFO com.mchange.v2.log.slf4j.Slf4jMLog$Slf4jMLogger$InfoLogger.log(Slf4jMLog.java:212) Initializing c3p0-0.9.5.5 [built 11-December-2019 22:18:33 -0800; debug? true; trace: 10] 
29 Apr 2024 18:33:42,596 DEBUG com.mchange.v2.log.slf4j.Slf4jMLog$Slf4jMLogger$DebugLogger.log(Slf4jMLog.java:204) MBean: com.mchange.v2.c3p0:type=PooledDataSource,identityToken=z8kfsxb3bhphwu80f19n|1eba07c0,name=z8kfsxb3bhphwu80f19n|1eba07c0 registered. 
29 Apr 2024 18:33:42,854 DEBUG com.mchange.v2.log.slf4j.Slf4jMLog$Slf4jMLogger$DebugLogger.log(Slf4jMLog.java:204) MBean: com.mchange.v2.c3p0:type=PooledDataSource,identityToken=z8kfsxb3bhphwu80f19n|1eba07c0,name=z8kfsxb3bhphwu80f19n|1eba07c0 unregistered, in order to be reregistered after update. 
29 Apr 2024 18:33:42,855 DEBUG com.mchange.v2.log.slf4j.Slf4jMLog$Slf4jMLogger$DebugLogger.log(Slf4jMLog.java:204) MBean: com.mchange.v2.c3p0:type=PooledDataSource,identityToken=z8kfsxb3bhphwu80f19n|1eba07c0,name=z8kfsxb3bhphwu80f19n|1eba07c0 registered. 
29 Apr 2024 18:33:43,123 INFO com.mchange.v2.log.slf4j.Slf4jMLog$Slf4jMLogger$InfoLogger.log(Slf4jMLog.java:212) Initializing c3p0 pool... com.mchange.v2.c3p0.PoolBackedDataSource@1edb9df [ connectionPoolDataSource -> com.mchange.v2.c3p0.WrapperConnectionPoolDataSource@b33ad307 [ acquireIncrement -> 3, acquireRetryAttempts -> 30, acquireRetryDelay -> 1000, autoCommitOnClose -> false, automaticTestTable -> null, breakAfterAcquireFailure -> false, checkoutTimeout -> 0, connectionCustomizerClassName -> null, connectionTesterClassName -> com.mchange.v2.c3p0.impl.DefaultConnectionTester, contextClassLoaderSource -> caller, debugUnreturnedConnectionStackTraces -> false, factoryClassLocation -> null, forceIgnoreUnresolvedTransactions -> false, forceSynchronousCheckins -> false, identityToken -> z8kfsxb3bhphwu80f19n|5e45faf9, idleConnectionTestPeriod -> 0, initialPoolSize -> 1, maxAdministrativeTaskTime -> 0, maxConnectionAge -> 0, maxIdleTime -> 0, maxIdleTimeExcessConnections -> 0, maxPoolSize -> 10, maxStatements -> 0, maxStatementsPerConnection -> 0, minPoolSize -> 1, nestedDataSource -> com.mchange.v2.c3p0.DriverManagerDataSource@c4a320b [ description -> null, driverClass -> null, factoryClassLocation -> null, forceUseNamedDriverClass -> false, identityToken -> z8kfsxb3bhphwu80f19n|1177cc83, jdbcUrl -> jdbc:h2:mem:docs, properties -> {password=******, user=******} ], preferredTestQuery -> null, privilegeSpawnedThreads -> false, propertyCycle -> 0, statementCacheNumDeferredCloseThreads -> 0, testConnectionOnCheckin -> false, testConnectionOnCheckout -> false, unreturnedConnectionTimeout -> 0, usesTraditionalReflectiveProxies -> false; userOverrides: {} ], dataSourceName -> null, extensions -> {}, factoryClassLocation -> null, identityToken -> z8kfsxb3bhphwu80f19n|1eba07c0, numHelperThreads -> 3 ] 
29 Apr 2024 18:33:43,275 DEBUG com.mchange.v2.log.slf4j.Slf4jMLog$Slf4jMLogger$DebugLogger.log(Slf4jMLog.java:207) The configuration file for resource identifier '/mchange-commons.properties' could not be found. Skipping. 
29 Apr 2024 18:33:43,275 DEBUG com.mchange.v2.log.slf4j.Slf4jMLog$Slf4jMLogger$DebugLogger.log(Slf4jMLog.java:207) The configuration file for resource identifier '/mchange-log.properties' could not be found. Skipping. 
29 Apr 2024 18:33:43,275 DEBUG com.mchange.v2.log.slf4j.Slf4jMLog$Slf4jMLogger$DebugLogger.log(Slf4jMLog.java:207) The configuration file for resource identifier '/c3p0.properties' could not be found. Skipping. 
29 Apr 2024 18:33:43,276 DEBUG com.mchange.v2.log.slf4j.Slf4jMLog$Slf4jMLogger$DebugLogger.log(Slf4jMLog.java:207) The configuration file for resource identifier 'hocon:/reference,/application,/c3p0,/' could not be found. Skipping. 
29 Apr 2024 18:33:43,286 DEBUG com.mchange.v2.log.slf4j.Slf4jMLog$Slf4jMLogger$DebugLogger.log(Slf4jMLog.java:204) com.mchange.v2.resourcepool.BasicResourcePool@64782f79 config: [start -> 1; min -> 1; max -> 10; inc -> 3; num_acq_attempts -> 30; acq_attempt_delay -> 1000; check_idle_resources_delay -> 0; max_resource_age -> 0; max_idle_time -> 0; excess_max_idle_time -> 0; destroy_unreturned_resc_time -> 0; expiration_enforcement_delay -> 0; break_on_acquisition_failure -> false; debug_store_checkout_exceptions -> false; force_synchronous_checkins -> false] 
29 Apr 2024 18:33:43,287 DEBUG com.mchange.v2.log.slf4j.Slf4jMLog$Slf4jMLogger$DebugLogger.log(Slf4jMLog.java:204) Created new pool for auth, username (masked): 'sa******'. 
29 Apr 2024 18:33:43,287 DEBUG com.mchange.v2.log.slf4j.Slf4jMLog$Slf4jMLogger$DebugLogger.log(Slf4jMLog.java:204) acquire test -- pool size: 0; target_pool_size: 1; desired target? 1 
29 Apr 2024 18:33:43,287 DEBUG com.mchange.v2.log.slf4j.Slf4jMLog$Slf4jMLogger$DebugLogger.log(Slf4jMLog.java:204) awaitAvailable(): [unknown] 
]]></system-out>
  </testcase>
</testsuite>