<?xml version="1.0" encoding="UTF-8"?>
<testsuite xmlns:xsi="http://www.w3.org/2001/XMLSchema-instance" xsi:noNamespaceSchemaLocation="https://maven.apache.org/surefire/maven-surefire-plugin/xsd/surefire-test-report-3.0.xsd" version="3.0" name="com.sismics.docs.core.util.TestFileUtil" time="54.151" tests="6" errors="0" skipped="0" failures="0">
  <properties>
    <property name="awt.toolkit" value="sun.awt.X11.XToolkit"/>
    <property name="java.specification.version" value="11"/>
    <property name="sun.cpu.isalist" value=""/>
    <property name="sun.jnu.encoding" value="UTF-8"/>
    <property name="java.class.path" value="/mnt/d/2024SPRING/Software/Teedy/docs-core/target/test-classes:/mnt/d/2024SPRING/Software/Teedy/docs-core/target/classes:/mnt/d/program_files/apache-maven-3.9.5-bin/maven-repo/org/hibernate/hibernate-core/5.4.27.Final/hibernate-core-5.4.27.Final.jar:/mnt/d/program_files/apache-maven-3.9.5-bin/maven-repo/org/jboss/logging/jboss-logging/3.4.1.Final/jboss-logging-3.4.1.Final.jar:/mnt/d/program_files/apache-maven-3.9.5-bin/maven-repo/javax/persistence/javax.persistence-api/2.2/javax.persistence-api-2.2.jar:/mnt/d/program_files/apache-maven-3.9.5-bin/maven-repo/org/javassist/javassist/3.27.0-GA/javassist-3.27.0-GA.jar:/mnt/d/program_files/apache-maven-3.9.5-bin/maven-repo/net/bytebuddy/byte-buddy/1.10.17/byte-buddy-1.10.17.jar:/mnt/d/program_files/apache-maven-3.9.5-bin/maven-repo/antlr/antlr/2.7.7/antlr-2.7.7.jar:/mnt/d/program_files/apache-maven-3.9.5-bin/maven-repo/org/jboss/spec/javax/transaction/jboss-transaction-api_1.2_spec/1.1.1.Final/jboss-transaction-api_1.2_spec-1.1.1.Final.jar:/mnt/d/program_files/apache-maven-3.9.5-bin/maven-repo/org/jboss/jandex/2.1.3.Final/jandex-2.1.3.Final.jar:/mnt/d/program_files/apache-maven-3.9.5-bin/maven-repo/com/fasterxml/classmate/1.5.1/classmate-1.5.1.jar:/mnt/d/program_files/apache-maven-3.9.5-bin/maven-repo/javax/activation/javax.activation-api/1.2.0/javax.activation-api-1.2.0.jar:/mnt/d/program_files/apache-maven-3.9.5-bin/maven-repo/org/dom4j/dom4j/2.1.3/dom4j-2.1.3.jar:/mnt/d/program_files/apache-maven-3.9.5-bin/maven-repo/org/hibernate/common/hibernate-commons-annotations/5.1.2.Final/hibernate-commons-annotations-5.1.2.Final.jar:/mnt/d/program_files/apache-maven-3.9.5-bin/maven-repo/org/glassfish/jaxb/jaxb-runtime/2.3.1/jaxb-runtime-2.3.1.jar:/mnt/d/program_files/apache-maven-3.9.5-bin/maven-repo/org/glassfish/jaxb/txw2/2.3.1/txw2-2.3.1.jar:/mnt/d/program_files/apache-maven-3.9.5-bin/maven-repo/com/sun/istack/istack-commons-runtime/3.0.7/istack-commons-runtime-3.0.7.jar:/mnt/d/program_files/apache-maven-3.9.5-bin/maven-repo/org/jvnet/staxex/stax-ex/1.8/stax-ex-1.8.jar:/mnt/d/program_files/apache-maven-3.9.5-bin/maven-repo/com/sun/xml/fastinfoset/FastInfoset/1.2.15/FastInfoset-1.2.15.jar:/mnt/d/program_files/apache-maven-3.9.5-bin/maven-repo/org/hibernate/hibernate-entitymanager/5.4.27.Final/hibernate-entitymanager-5.4.27.Final.jar:/mnt/d/program_files/apache-maven-3.9.5-bin/maven-repo/org/hibernate/hibernate-c3p0/5.4.27.Final/hibernate-c3p0-5.4.27.Final.jar:/mnt/d/program_files/apache-maven-3.9.5-bin/maven-repo/com/mchange/c3p0/0.9.5.5/c3p0-0.9.5.5.jar:/mnt/d/program_files/apache-maven-3.9.5-bin/maven-repo/com/mchange/mchange-commons-java/0.2.19/mchange-commons-java-0.2.19.jar:/mnt/d/program_files/apache-maven-3.9.5-bin/maven-repo/joda-time/joda-time/2.10.9/joda-time-2.10.9.jar:/mnt/d/program_files/apache-maven-3.9.5-bin/maven-repo/com/google/guava/guava/30.1-jre/guava-30.1-jre.jar:/mnt/d/program_files/apache-maven-3.9.5-bin/maven-repo/com/google/guava/failureaccess/1.0.1/failureaccess-1.0.1.jar:/mnt/d/program_files/apache-maven-3.9.5-bin/maven-repo/com/google/guava/listenablefuture/9999.0-empty-to-avoid-conflict-with-guava/listenablefuture-9999.0-empty-to-avoid-conflict-with-guava.jar:/mnt/d/program_files/apache-maven-3.9.5-bin/maven-repo/com/google/code/findbugs/jsr305/3.0.2/jsr305-3.0.2.jar:/mnt/d/program_files/apache-maven-3.9.5-bin/maven-repo/org/checkerframework/checker-qual/3.5.0/checker-qual-3.5.0.jar:/mnt/d/program_files/apache-maven-3.9.5-bin/maven-repo/com/google/errorprone/error_prone_annotations/2.3.4/error_prone_annotations-2.3.4.jar:/mnt/d/program_files/apache-maven-3.9.5-bin/maven-repo/com/google/j2objc/j2objc-annotations/1.3/j2objc-annotations-1.3.jar:/mnt/d/program_files/apache-maven-3.9.5-bin/maven-repo/org/apache/commons/commons-compress/1.18/commons-compress-1.18.jar:/mnt/d/program_files/apache-maven-3.9.5-bin/maven-repo/commons-lang/commons-lang/2.6/commons-lang-2.6.jar:/mnt/d/program_files/apache-maven-3.9.5-bin/maven-repo/org/apache/commons/commons-email/1.5/commons-email-1.5.jar:/mnt/d/program_files/apache-maven-3.9.5-bin/maven-repo/org/freemarker/freemarker/2.3.30/freemarker-2.3.30.jar:/mnt/d/program_files/apache-maven-3.9.5-bin/maven-repo/org/glassfish/javax.json/1.1.4/javax.json-1.1.4.jar:/mnt/d/program_files/apache-maven-3.9.5-bin/maven-repo/org/jsoup/jsoup/1.13.1/jsoup-1.13.1.jar:/mnt/d/program_files/apache-maven-3.9.5-bin/maven-repo/log4j/log4j/1.2.17/log4j-1.2.17.jar:/mnt/d/program_files/apache-maven-3.9.5-bin/maven-repo/org/slf4j/slf4j-log4j12/1.7.30/slf4j-log4j12-1.7.30.jar:/mnt/d/program_files/apache-maven-3.9.5-bin/maven-repo/org/slf4j/slf4j-api/1.7.30/slf4j-api-1.7.30.jar:/mnt/d/program_files/apache-maven-3.9.5-bin/maven-repo/org/slf4j/jcl-over-slf4j/1.7.30/jcl-over-slf4j-1.7.30.jar:/mnt/d/program_files/apache-maven-3.9.5-bin/maven-repo/at/favre/lib/bcrypt/0.9.0/bcrypt-0.9.0.jar:/mnt/d/program_files/apache-maven-3.9.5-bin/maven-repo/at/favre/lib/bytes/1.3.0/bytes-1.3.0.jar:/mnt/d/program_files/apache-maven-3.9.5-bin/maven-repo/org/apache/lucene/lucene-core/8.7.0/lucene-core-8.7.0.jar:/mnt/d/program_files/apache-maven-3.9.5-bin/maven-repo/org/apache/lucene/lucene-analyzers-common/8.7.0/lucene-analyzers-common-8.7.0.jar:/mnt/d/program_files/apache-maven-3.9.5-bin/maven-repo/org/apache/lucene/lucene-queryparser/8.7.0/lucene-queryparser-8.7.0.jar:/mnt/d/program_files/apache-maven-3.9.5-bin/maven-repo/org/apache/lucene/lucene-queries/8.7.0/lucene-queries-8.7.0.jar:/mnt/d/program_files/apache-maven-3.9.5-bin/maven-repo/org/apache/lucene/lucene-sandbox/8.7.0/lucene-sandbox-8.7.0.jar:/mnt/d/program_files/apache-maven-3.9.5-bin/maven-repo/org/apache/lucene/lucene-suggest/8.7.0/lucene-suggest-8.7.0.jar:/mnt/d/program_files/apache-maven-3.9.5-bin/maven-repo/org/apache/lucene/lucene-highlighter/8.7.0/lucene-highlighter-8.7.0.jar:/mnt/d/program_files/apache-maven-3.9.5-bin/maven-repo/org/apache/lucene/lucene-memory/8.7.0/lucene-memory-8.7.0.jar:/mnt/d/program_files/apache-maven-3.9.5-bin/maven-repo/com/sun/mail/javax.mail/1.6.2/javax.mail-1.6.2.jar:/mnt/d/program_files/apache-maven-3.9.5-bin/maven-repo/javax/activation/activation/1.1/activation-1.1.jar:/mnt/d/program_files/apache-maven-3.9.5-bin/maven-repo/com/squareup/okhttp3/okhttp/4.9.0/okhttp-4.9.0.jar:/mnt/d/program_files/apache-maven-3.9.5-bin/maven-repo/com/squareup/okio/okio/2.8.0/okio-2.8.0.jar:/mnt/d/program_files/apache-maven-3.9.5-bin/maven-repo/org/jetbrains/kotlin/kotlin-stdlib-common/1.4.0/kotlin-stdlib-common-1.4.0.jar:/mnt/d/program_files/apache-maven-3.9.5-bin/maven-repo/org/jetbrains/kotlin/kotlin-stdlib/1.4.10/kotlin-stdlib-1.4.10.jar:/mnt/d/program_files/apache-maven-3.9.5-bin/maven-repo/org/jetbrains/annotations/13.0/annotations-13.0.jar:/mnt/d/program_files/apache-maven-3.9.5-bin/maven-repo/org/apache/directory/api/api-all/2.0.1/api-all-2.0.1.jar:/mnt/d/program_files/apache-maven-3.9.5-bin/maven-repo/org/apache/servicemix/bundles/org.apache.servicemix.bundles.xpp3/1.1.4c_7/org.apache.servicemix.bundles.xpp3-1.1.4c_7.jar:/mnt/d/program_files/apache-maven-3.9.5-bin/maven-repo/org/apache/servicemix/bundles/org.apache.servicemix.bundles.dom4j/2.1.1_1/org.apache.servicemix.bundles.dom4j-2.1.1_1.jar:/mnt/d/program_files/apache-maven-3.9.5-bin/maven-repo/org/apache/commons/commons-pool2/2.8.0/commons-pool2-2.8.0.jar:/mnt/d/program_files/apache-maven-3.9.5-bin/maven-repo/org/apache/mina/mina-core/2.1.3/mina-core-2.1.3.jar:/mnt/d/program_files/apache-maven-3.9.5-bin/maven-repo/org/apache/commons/commons-lang3/3.9/commons-lang3-3.9.jar:/mnt/d/program_files/apache-maven-3.9.5-bin/maven-repo/org/apache/commons/commons-collections4/4.4/commons-collections4-4.4.jar:/mnt/d/program_files/apache-maven-3.9.5-bin/maven-repo/org/apache/servicemix/bundles/org.apache.servicemix.bundles.antlr/2.7.7_5/org.apache.servicemix.bundles.antlr-2.7.7_5.jar:/mnt/d/program_files/apache-maven-3.9.5-bin/maven-repo/commons-codec/commons-codec/1.14/commons-codec-1.14.jar:/mnt/d/program_files/apache-maven-3.9.5-bin/maven-repo/org/apache/lucene/lucene-backward-codecs/8.7.0/lucene-backward-codecs-8.7.0.jar:/mnt/d/program_files/apache-maven-3.9.5-bin/maven-repo/org/imgscalr/imgscalr-lib/4.2/imgscalr-lib-4.2.jar:/mnt/d/program_files/apache-maven-3.9.5-bin/maven-repo/org/apache/pdfbox/pdfbox/2.0.22/pdfbox-2.0.22.jar:/mnt/d/program_files/apache-maven-3.9.5-bin/maven-repo/org/apache/pdfbox/fontbox/2.0.22/fontbox-2.0.22.jar:/mnt/d/program_files/apache-maven-3.9.5-bin/maven-repo/commons-logging/commons-logging/1.2/commons-logging-1.2.jar:/mnt/d/program_files/apache-maven-3.9.5-bin/maven-repo/org/bouncycastle/bcprov-jdk15on/1.68/bcprov-jdk15on-1.68.jar:/mnt/d/program_files/apache-maven-3.9.5-bin/maven-repo/fr/opensagres/xdocreport/fr.opensagres.odfdom.converter.pdf/2.0.2/fr.opensagres.odfdom.converter.pdf-2.0.2.jar:/mnt/d/program_files/apache-maven-3.9.5-bin/maven-repo/fr/opensagres/xdocreport/fr.opensagres.odfdom.converter.core/2.0.2/fr.opensagres.odfdom.converter.core-2.0.2.jar:/mnt/d/program_files/apache-maven-3.9.5-bin/maven-repo/org/odftoolkit/odfdom-java/0.8.7/odfdom-java-0.8.7.jar:/mnt/d/program_files/apache-maven-3.9.5-bin/maven-repo/xerces/xercesImpl/2.9.1/xercesImpl-2.9.1.jar:/mnt/d/program_files/apache-maven-3.9.5-bin/maven-repo/xml-apis/xml-apis/1.3.04/xml-apis-1.3.04.jar:/mnt/d/program_files/apache-maven-3.9.5-bin/maven-repo/fr/opensagres/xdocreport/fr.opensagres.xdocreport.itext.extension/2.0.2/fr.opensagres.xdocreport.itext.extension-2.0.2.jar:/mnt/d/program_files/apache-maven-3.9.5-bin/maven-repo/com/lowagie/itext/2.1.7/itext-2.1.7.jar:/mnt/d/program_files/apache-maven-3.9.5-bin/maven-repo/fr/opensagres/xdocreport/fr.opensagres.poi.xwpf.converter.pdf/2.0.2/fr.opensagres.poi.xwpf.converter.pdf-2.0.2.jar:/mnt/d/program_files/apache-maven-3.9.5-bin/maven-repo/fr/opensagres/xdocreport/fr.opensagres.poi.xwpf.converter.core/2.0.2/fr.opensagres.poi.xwpf.converter.core-2.0.2.jar:/mnt/d/program_files/apache-maven-3.9.5-bin/maven-repo/org/apache/poi/poi-ooxml/4.0.1/poi-ooxml-4.0.1.jar:/mnt/d/program_files/apache-maven-3.9.5-bin/maven-repo/org/apache/poi/poi/4.0.1/poi-4.0.1.jar:/mnt/d/program_files/apache-maven-3.9.5-bin/maven-repo/org/apache/commons/commons-math3/3.6.1/commons-math3-3.6.1.jar:/mnt/d/program_files/apache-maven-3.9.5-bin/maven-repo/com/github/virtuald/curvesapi/1.05/curvesapi-1.05.jar:/mnt/d/program_files/apache-maven-3.9.5-bin/maven-repo/org/apache/poi/ooxml-schemas/1.4/ooxml-schemas-1.4.jar:/mnt/d/program_files/apache-maven-3.9.5-bin/maven-repo/org/apache/xmlbeans/xmlbeans/3.0.1/xmlbeans-3.0.1.jar:/mnt/d/program_files/apache-maven-3.9.5-bin/maven-repo/com/twelvemonkeys/imageio/imageio-jpeg/3.6.2/imageio-jpeg-3.6.2.jar:/mnt/d/program_files/apache-maven-3.9.5-bin/maven-repo/com/twelvemonkeys/imageio/imageio-core/3.6.2/imageio-core-3.6.2.jar:/mnt/d/program_files/apache-maven-3.9.5-bin/maven-repo/com/twelvemonkeys/imageio/imageio-metadata/3.6.2/imageio-metadata-3.6.2.jar:/mnt/d/program_files/apache-maven-3.9.5-bin/maven-repo/com/twelvemonkeys/common/common-lang/3.6.2/common-lang-3.6.2.jar:/mnt/d/program_files/apache-maven-3.9.5-bin/maven-repo/com/twelvemonkeys/common/common-io/3.6.2/common-io-3.6.2.jar:/mnt/d/program_files/apache-maven-3.9.5-bin/maven-repo/com/twelvemonkeys/common/common-image/3.6.2/common-image-3.6.2.jar:/mnt/d/program_files/apache-maven-3.9.5-bin/maven-repo/com/twelvemonkeys/imageio/imageio-tiff/3.6.2/imageio-tiff-3.6.2.jar:/mnt/d/program_files/apache-maven-3.9.5-bin/maven-repo/com/github/jai-imageio/jai-imageio-jpeg2000/1.4.0/jai-imageio-jpeg2000-1.4.0.jar:/mnt/d/program_files/apache-maven-3.9.5-bin/maven-repo/com/github/jai-imageio/jai-imageio-core/1.4.0/jai-imageio-core-1.4.0.jar:/mnt/d/program_files/apache-maven-3.9.5-bin/maven-repo/com/levigo/jbig2/levigo-jbig2-imageio/2.0/levigo-jbig2-imageio-2.0.jar:/mnt/d/program_files/apache-maven-3.9.5-bin/maven-repo/org/postgresql/postgresql/42.2.18/postgresql-42.2.18.jar:/mnt/d/program_files/apache-maven-3.9.5-bin/maven-repo/javax/xml/bind/jaxb-api/2.3.0/jaxb-api-2.3.0.jar:/mnt/d/program_files/apache-maven-3.9.5-bin/maven-repo/com/sun/xml/bind/jaxb-core/2.3.0/jaxb-core-2.3.0.jar:/mnt/d/program_files/apache-maven-3.9.5-bin/maven-repo/com/sun/xml/bind/jaxb-impl/2.3.0/jaxb-impl-2.3.0.jar:/mnt/d/program_files/apache-maven-3.9.5-bin/maven-repo/junit/junit/4.13.1/junit-4.13.1.jar:/mnt/d/program_files/apache-maven-3.9.5-bin/maven-repo/org/hamcrest/hamcrest-core/1.3/hamcrest-core-1.3.jar:/mnt/d/program_files/apache-maven-3.9.5-bin/maven-repo/com/h2database/h2/1.4.199/h2-1.4.199.jar:"/>
    <property name="java.vm.vendor" value="Ubuntu"/>
    <property name="sun.arch.data.model" value="64"/>
    <property name="java.vendor.url" value="https://ubuntu.com/"/>
    <property name="user.timezone" value=""/>
    <property name="java.vm.specification.version" value="11"/>
    <property name="os.name" value="Linux"/>
    <property name="sun.java.launcher" value="SUN_STANDARD"/>
    <property name="sun.boot.library.path" value="/usr/lib/jvm/java-11-openjdk-amd64/lib"/>
    <property name="sun.java.command" value="/mnt/d/2024SPRING/Software/Teedy/docs-core/target/surefire/surefirebooter6910749840387879913.jar /mnt/d/2024SPRING/Software/Teedy/docs-core/target/surefire 2024-04-29T18-31-54_946-jvmRun1 surefire1373234982183527459tmp surefire_215166722160123907518tmp"/>
    <property name="jdk.debug" value="release"/>
    <property name="surefire.test.class.path" value="/mnt/d/2024SPRING/Software/Teedy/docs-core/target/test-classes:/mnt/d/2024SPRING/Software/Teedy/docs-core/target/classes:/mnt/d/program_files/apache-maven-3.9.5-bin/maven-repo/org/hibernate/hibernate-core/5.4.27.Final/hibernate-core-5.4.27.Final.jar:/mnt/d/program_files/apache-maven-3.9.5-bin/maven-repo/org/jboss/logging/jboss-logging/3.4.1.Final/jboss-logging-3.4.1.Final.jar:/mnt/d/program_files/apache-maven-3.9.5-bin/maven-repo/javax/persistence/javax.persistence-api/2.2/javax.persistence-api-2.2.jar:/mnt/d/program_files/apache-maven-3.9.5-bin/maven-repo/org/javassist/javassist/3.27.0-GA/javassist-3.27.0-GA.jar:/mnt/d/program_files/apache-maven-3.9.5-bin/maven-repo/net/bytebuddy/byte-buddy/1.10.17/byte-buddy-1.10.17.jar:/mnt/d/program_files/apache-maven-3.9.5-bin/maven-repo/antlr/antlr/2.7.7/antlr-2.7.7.jar:/mnt/d/program_files/apache-maven-3.9.5-bin/maven-repo/org/jboss/spec/javax/transaction/jboss-transaction-api_1.2_spec/1.1.1.Final/jboss-transaction-api_1.2_spec-1.1.1.Final.jar:/mnt/d/program_files/apache-maven-3.9.5-bin/maven-repo/org/jboss/jandex/2.1.3.Final/jandex-2.1.3.Final.jar:/mnt/d/program_files/apache-maven-3.9.5-bin/maven-repo/com/fasterxml/classmate/1.5.1/classmate-1.5.1.jar:/mnt/d/program_files/apache-maven-3.9.5-bin/maven-repo/javax/activation/javax.activation-api/1.2.0/javax.activation-api-1.2.0.jar:/mnt/d/program_files/apache-maven-3.9.5-bin/maven-repo/org/dom4j/dom4j/2.1.3/dom4j-2.1.3.jar:/mnt/d/program_files/apache-maven-3.9.5-bin/maven-repo/org/hibernate/common/hibernate-commons-annotations/5.1.2.Final/hibernate-commons-annotations-5.1.2.Final.jar:/mnt/d/program_files/apache-maven-3.9.5-bin/maven-repo/org/glassfish/jaxb/jaxb-runtime/2.3.1/jaxb-runtime-2.3.1.jar:/mnt/d/program_files/apache-maven-3.9.5-bin/maven-repo/org/glassfish/jaxb/txw2/2.3.1/txw2-2.3.1.jar:/mnt/d/program_files/apache-maven-3.9.5-bin/maven-repo/com/sun/istack/istack-commons-runtime/3.0.7/istack-commons-runtime-3.0.7.jar:/mnt/d/program_files/apache-maven-3.9.5-bin/maven-repo/org/jvnet/staxex/stax-ex/1.8/stax-ex-1.8.jar:/mnt/d/program_files/apache-maven-3.9.5-bin/maven-repo/com/sun/xml/fastinfoset/FastInfoset/1.2.15/FastInfoset-1.2.15.jar:/mnt/d/program_files/apache-maven-3.9.5-bin/maven-repo/org/hibernate/hibernate-entitymanager/5.4.27.Final/hibernate-entitymanager-5.4.27.Final.jar:/mnt/d/program_files/apache-maven-3.9.5-bin/maven-repo/org/hibernate/hibernate-c3p0/5.4.27.Final/hibernate-c3p0-5.4.27.Final.jar:/mnt/d/program_files/apache-maven-3.9.5-bin/maven-repo/com/mchange/c3p0/0.9.5.5/c3p0-0.9.5.5.jar:/mnt/d/program_files/apache-maven-3.9.5-bin/maven-repo/com/mchange/mchange-commons-java/0.2.19/mchange-commons-java-0.2.19.jar:/mnt/d/program_files/apache-maven-3.9.5-bin/maven-repo/joda-time/joda-time/2.10.9/joda-time-2.10.9.jar:/mnt/d/program_files/apache-maven-3.9.5-bin/maven-repo/com/google/guava/guava/30.1-jre/guava-30.1-jre.jar:/mnt/d/program_files/apache-maven-3.9.5-bin/maven-repo/com/google/guava/failureaccess/1.0.1/failureaccess-1.0.1.jar:/mnt/d/program_files/apache-maven-3.9.5-bin/maven-repo/com/google/guava/listenablefuture/9999.0-empty-to-avoid-conflict-with-guava/listenablefuture-9999.0-empty-to-avoid-conflict-with-guava.jar:/mnt/d/program_files/apache-maven-3.9.5-bin/maven-repo/com/google/code/findbugs/jsr305/3.0.2/jsr305-3.0.2.jar:/mnt/d/program_files/apache-maven-3.9.5-bin/maven-repo/org/checkerframework/checker-qual/3.5.0/checker-qual-3.5.0.jar:/mnt/d/program_files/apache-maven-3.9.5-bin/maven-repo/com/google/errorprone/error_prone_annotations/2.3.4/error_prone_annotations-2.3.4.jar:/mnt/d/program_files/apache-maven-3.9.5-bin/maven-repo/com/google/j2objc/j2objc-annotations/1.3/j2objc-annotations-1.3.jar:/mnt/d/program_files/apache-maven-3.9.5-bin/maven-repo/org/apache/commons/commons-compress/1.18/commons-compress-1.18.jar:/mnt/d/program_files/apache-maven-3.9.5-bin/maven-repo/commons-lang/commons-lang/2.6/commons-lang-2.6.jar:/mnt/d/program_files/apache-maven-3.9.5-bin/maven-repo/org/apache/commons/commons-email/1.5/commons-email-1.5.jar:/mnt/d/program_files/apache-maven-3.9.5-bin/maven-repo/org/freemarker/freemarker/2.3.30/freemarker-2.3.30.jar:/mnt/d/program_files/apache-maven-3.9.5-bin/maven-repo/org/glassfish/javax.json/1.1.4/javax.json-1.1.4.jar:/mnt/d/program_files/apache-maven-3.9.5-bin/maven-repo/org/jsoup/jsoup/1.13.1/jsoup-1.13.1.jar:/mnt/d/program_files/apache-maven-3.9.5-bin/maven-repo/log4j/log4j/1.2.17/log4j-1.2.17.jar:/mnt/d/program_files/apache-maven-3.9.5-bin/maven-repo/org/slf4j/slf4j-log4j12/1.7.30/slf4j-log4j12-1.7.30.jar:/mnt/d/program_files/apache-maven-3.9.5-bin/maven-repo/org/slf4j/slf4j-api/1.7.30/slf4j-api-1.7.30.jar:/mnt/d/program_files/apache-maven-3.9.5-bin/maven-repo/org/slf4j/jcl-over-slf4j/1.7.30/jcl-over-slf4j-1.7.30.jar:/mnt/d/program_files/apache-maven-3.9.5-bin/maven-repo/at/favre/lib/bcrypt/0.9.0/bcrypt-0.9.0.jar:/mnt/d/program_files/apache-maven-3.9.5-bin/maven-repo/at/favre/lib/bytes/1.3.0/bytes-1.3.0.jar:/mnt/d/program_files/apache-maven-3.9.5-bin/maven-repo/org/apache/lucene/lucene-core/8.7.0/lucene-core-8.7.0.jar:/mnt/d/program_files/apache-maven-3.9.5-bin/maven-repo/org/apache/lucene/lucene-analyzers-common/8.7.0/lucene-analyzers-common-8.7.0.jar:/mnt/d/program_files/apache-maven-3.9.5-bin/maven-repo/org/apache/lucene/lucene-queryparser/8.7.0/lucene-queryparser-8.7.0.jar:/mnt/d/program_files/apache-maven-3.9.5-bin/maven-repo/org/apache/lucene/lucene-queries/8.7.0/lucene-queries-8.7.0.jar:/mnt/d/program_files/apache-maven-3.9.5-bin/maven-repo/org/apache/lucene/lucene-sandbox/8.7.0/lucene-sandbox-8.7.0.jar:/mnt/d/program_files/apache-maven-3.9.5-bin/maven-repo/org/apache/lucene/lucene-suggest/8.7.0/lucene-suggest-8.7.0.jar:/mnt/d/program_files/apache-maven-3.9.5-bin/maven-repo/org/apache/lucene/lucene-highlighter/8.7.0/lucene-highlighter-8.7.0.jar:/mnt/d/program_files/apache-maven-3.9.5-bin/maven-repo/org/apache/lucene/lucene-memory/8.7.0/lucene-memory-8.7.0.jar:/mnt/d/program_files/apache-maven-3.9.5-bin/maven-repo/com/sun/mail/javax.mail/1.6.2/javax.mail-1.6.2.jar:/mnt/d/program_files/apache-maven-3.9.5-bin/maven-repo/javax/activation/activation/1.1/activation-1.1.jar:/mnt/d/program_files/apache-maven-3.9.5-bin/maven-repo/com/squareup/okhttp3/okhttp/4.9.0/okhttp-4.9.0.jar:/mnt/d/program_files/apache-maven-3.9.5-bin/maven-repo/com/squareup/okio/okio/2.8.0/okio-2.8.0.jar:/mnt/d/program_files/apache-maven-3.9.5-bin/maven-repo/org/jetbrains/kotlin/kotlin-stdlib-common/1.4.0/kotlin-stdlib-common-1.4.0.jar:/mnt/d/program_files/apache-maven-3.9.5-bin/maven-repo/org/jetbrains/kotlin/kotlin-stdlib/1.4.10/kotlin-stdlib-1.4.10.jar:/mnt/d/program_files/apache-maven-3.9.5-bin/maven-repo/org/jetbrains/annotations/13.0/annotations-13.0.jar:/mnt/d/program_files/apache-maven-3.9.5-bin/maven-repo/org/apache/directory/api/api-all/2.0.1/api-all-2.0.1.jar:/mnt/d/program_files/apache-maven-3.9.5-bin/maven-repo/org/apache/servicemix/bundles/org.apache.servicemix.bundles.xpp3/1.1.4c_7/org.apache.servicemix.bundles.xpp3-1.1.4c_7.jar:/mnt/d/program_files/apache-maven-3.9.5-bin/maven-repo/org/apache/servicemix/bundles/org.apache.servicemix.bundles.dom4j/2.1.1_1/org.apache.servicemix.bundles.dom4j-2.1.1_1.jar:/mnt/d/program_files/apache-maven-3.9.5-bin/maven-repo/org/apache/commons/commons-pool2/2.8.0/commons-pool2-2.8.0.jar:/mnt/d/program_files/apache-maven-3.9.5-bin/maven-repo/org/apache/mina/mina-core/2.1.3/mina-core-2.1.3.jar:/mnt/d/program_files/apache-maven-3.9.5-bin/maven-repo/org/apache/commons/commons-lang3/3.9/commons-lang3-3.9.jar:/mnt/d/program_files/apache-maven-3.9.5-bin/maven-repo/org/apache/commons/commons-collections4/4.4/commons-collections4-4.4.jar:/mnt/d/program_files/apache-maven-3.9.5-bin/maven-repo/org/apache/servicemix/bundles/org.apache.servicemix.bundles.antlr/2.7.7_5/org.apache.servicemix.bundles.antlr-2.7.7_5.jar:/mnt/d/program_files/apache-maven-3.9.5-bin/maven-repo/commons-codec/commons-codec/1.14/commons-codec-1.14.jar:/mnt/d/program_files/apache-maven-3.9.5-bin/maven-repo/org/apache/lucene/lucene-backward-codecs/8.7.0/lucene-backward-codecs-8.7.0.jar:/mnt/d/program_files/apache-maven-3.9.5-bin/maven-repo/org/imgscalr/imgscalr-lib/4.2/imgscalr-lib-4.2.jar:/mnt/d/program_files/apache-maven-3.9.5-bin/maven-repo/org/apache/pdfbox/pdfbox/2.0.22/pdfbox-2.0.22.jar:/mnt/d/program_files/apache-maven-3.9.5-bin/maven-repo/org/apache/pdfbox/fontbox/2.0.22/fontbox-2.0.22.jar:/mnt/d/program_files/apache-maven-3.9.5-bin/maven-repo/commons-logging/commons-logging/1.2/commons-logging-1.2.jar:/mnt/d/program_files/apache-maven-3.9.5-bin/maven-repo/org/bouncycastle/bcprov-jdk15on/1.68/bcprov-jdk15on-1.68.jar:/mnt/d/program_files/apache-maven-3.9.5-bin/maven-repo/fr/opensagres/xdocreport/fr.opensagres.odfdom.converter.pdf/2.0.2/fr.opensagres.odfdom.converter.pdf-2.0.2.jar:/mnt/d/program_files/apache-maven-3.9.5-bin/maven-repo/fr/opensagres/xdocreport/fr.opensagres.odfdom.converter.core/2.0.2/fr.opensagres.odfdom.converter.core-2.0.2.jar:/mnt/d/program_files/apache-maven-3.9.5-bin/maven-repo/org/odftoolkit/odfdom-java/0.8.7/odfdom-java-0.8.7.jar:/mnt/d/program_files/apache-maven-3.9.5-bin/maven-repo/xerces/xercesImpl/2.9.1/xercesImpl-2.9.1.jar:/mnt/d/program_files/apache-maven-3.9.5-bin/maven-repo/xml-apis/xml-apis/1.3.04/xml-apis-1.3.04.jar:/mnt/d/program_files/apache-maven-3.9.5-bin/maven-repo/fr/opensagres/xdocreport/fr.opensagres.xdocreport.itext.extension/2.0.2/fr.opensagres.xdocreport.itext.extension-2.0.2.jar:/mnt/d/program_files/apache-maven-3.9.5-bin/maven-repo/com/lowagie/itext/2.1.7/itext-2.1.7.jar:/mnt/d/program_files/apache-maven-3.9.5-bin/maven-repo/fr/opensagres/xdocreport/fr.opensagres.poi.xwpf.converter.pdf/2.0.2/fr.opensagres.poi.xwpf.converter.pdf-2.0.2.jar:/mnt/d/program_files/apache-maven-3.9.5-bin/maven-repo/fr/opensagres/xdocreport/fr.opensagres.poi.xwpf.converter.core/2.0.2/fr.opensagres.poi.xwpf.converter.core-2.0.2.jar:/mnt/d/program_files/apache-maven-3.9.5-bin/maven-repo/org/apache/poi/poi-ooxml/4.0.1/poi-ooxml-4.0.1.jar:/mnt/d/program_files/apache-maven-3.9.5-bin/maven-repo/org/apache/poi/poi/4.0.1/poi-4.0.1.jar:/mnt/d/program_files/apache-maven-3.9.5-bin/maven-repo/org/apache/commons/commons-math3/3.6.1/commons-math3-3.6.1.jar:/mnt/d/program_files/apache-maven-3.9.5-bin/maven-repo/com/github/virtuald/curvesapi/1.05/curvesapi-1.05.jar:/mnt/d/program_files/apache-maven-3.9.5-bin/maven-repo/org/apache/poi/ooxml-schemas/1.4/ooxml-schemas-1.4.jar:/mnt/d/program_files/apache-maven-3.9.5-bin/maven-repo/org/apache/xmlbeans/xmlbeans/3.0.1/xmlbeans-3.0.1.jar:/mnt/d/program_files/apache-maven-3.9.5-bin/maven-repo/com/twelvemonkeys/imageio/imageio-jpeg/3.6.2/imageio-jpeg-3.6.2.jar:/mnt/d/program_files/apache-maven-3.9.5-bin/maven-repo/com/twelvemonkeys/imageio/imageio-core/3.6.2/imageio-core-3.6.2.jar:/mnt/d/program_files/apache-maven-3.9.5-bin/maven-repo/com/twelvemonkeys/imageio/imageio-metadata/3.6.2/imageio-metadata-3.6.2.jar:/mnt/d/program_files/apache-maven-3.9.5-bin/maven-repo/com/twelvemonkeys/common/common-lang/3.6.2/common-lang-3.6.2.jar:/mnt/d/program_files/apache-maven-3.9.5-bin/maven-repo/com/twelvemonkeys/common/common-io/3.6.2/common-io-3.6.2.jar:/mnt/d/program_files/apache-maven-3.9.5-bin/maven-repo/com/twelvemonkeys/common/common-image/3.6.2/common-image-3.6.2.jar:/mnt/d/program_files/apache-maven-3.9.5-bin/maven-repo/com/twelvemonkeys/imageio/imageio-tiff/3.6.2/imageio-tiff-3.6.2.jar:/mnt/d/program_files/apache-maven-3.9.5-bin/maven-repo/com/github/jai-imageio/jai-imageio-jpeg2000/1.4.0/jai-imageio-jpeg2000-1.4.0.jar:/mnt/d/program_files/apache-maven-3.9.5-bin/maven-repo/com/github/jai-imageio/jai-imageio-core/1.4.0/jai-imageio-core-1.4.0.jar:/mnt/d/program_files/apache-maven-3.9.5-bin/maven-repo/com/levigo/jbig2/levigo-jbig2-imageio/2.0/levigo-jbig2-imageio-2.0.jar:/mnt/d/program_files/apache-maven-3.9.5-bin/maven-repo/org/postgresql/postgresql/42.2.18/postgresql-42.2.18.jar:/mnt/d/program_files/apache-maven-3.9.5-bin/maven-repo/javax/xml/bind/jaxb-api/2.3.0/jaxb-api-2.3.0.jar:/mnt/d/program_files/apache-maven-3.9.5-bin/maven-repo/com/sun/xml/bind/jaxb-core/2.3.0/jaxb-core-2.3.0.jar:/mnt/d/program_files/apache-maven-3.9.5-bin/maven-repo/com/sun/xml/bind/jaxb-impl/2.3.0/jaxb-impl-2.3.0.jar:/mnt/d/program_files/apache-maven-3.9.5-bin/maven-repo/junit/junit/4.13.1/junit-4.13.1.jar:/mnt/d/program_files/apache-maven-3.9.5-bin/maven-repo/org/hamcrest/hamcrest-core/1.3/hamcrest-core-1.3.jar:/mnt/d/program_files/apache-maven-3.9.5-bin/maven-repo/com/h2database/h2/1.4.199/h2-1.4.199.jar:"/>
    <property name="sun.cpu.endian" value="little"/>
    <property name="user.home" value="/root"/>
    <property name="user.language" value="en"/>
    <property name="java.specification.vendor" value="Oracle Corporation"/>
    <property name="java.version.date" value="2024-01-16"/>
    <property name="java.home" value="/usr/lib/jvm/java-11-openjdk-amd64"/>
    <property name="file.separator" value="/"/>
    <property name="basedir" value="/mnt/d/2024SPRING/Software/Teedy/docs-core"/>
    <property name="java.vm.compressedOopsMode" value="32-bit"/>
    <property name="line.separator" value="&#10;"/>
    <property name="java.specification.name" value="Java Platform API Specification"/>
    <property name="java.vm.specification.vendor" value="Oracle Corporation"/>
    <property name="java.awt.graphicsenv" value="sun.awt.X11GraphicsEnvironment"/>
    <property name="surefire.real.class.path" value="/mnt/d/2024SPRING/Software/Teedy/docs-core/target/surefire/surefirebooter6910749840387879913.jar"/>
    <property name="sun.management.compiler" value="HotSpot 64-Bit Tiered Compilers"/>
    <property name="java.runtime.version" value="11.0.22+7-post-Ubuntu-0ubuntu222.04.1"/>
    <property name="user.name" value="root"/>
    <property name="path.separator" value=":"/>
    <property name="os.version" value="5.15.133.1-microsoft-standard-WSL2"/>
    <property name="java.runtime.name" value="OpenJDK Runtime Environment"/>
    <property name="file.encoding" value="UTF-8"/>
    <property name="java.vm.name" value="OpenJDK 64-Bit Server VM"/>
    <property name="localRepository" value="/mnt/d/program_files/apache-maven-3.9.5-bin/maven-repo"/>
    <property name="java.vendor.url.bug" value="https://bugs.launchpad.net/ubuntu/+source/openjdk-lts"/>
    <property name="java.io.tmpdir" value="/tmp"/>
    <property name="java.version" value="11.0.22"/>
    <property name="user.dir" value="/mnt/d/2024SPRING/Software/Teedy/docs-core"/>
    <property name="os.arch" value="amd64"/>
    <property name="java.vm.specification.name" value="Java Virtual Machine Specification"/>
    <property name="java.awt.printerjob" value="sun.print.PSPrinterJob"/>
    <property name="sun.os.patch.level" value="unknown"/>
    <property name="java.library.path" value="/usr/java/packages/lib:/usr/lib/x86_64-linux-gnu/jni:/lib/x86_64-linux-gnu:/usr/lib/x86_64-linux-gnu:/usr/lib/jni:/lib:/usr/lib"/>
    <property name="java.vm.info" value="mixed mode, sharing"/>
    <property name="java.vendor" value="Ubuntu"/>
    <property name="java.vm.version" value="11.0.22+7-post-Ubuntu-0ubuntu222.04.1"/>
    <property name="java.specification.maintenance.version" value="2"/>
    <property name="sun.io.unicode.encoding" value="UnicodeLittle"/>
    <property name="java.class.version" value="55.0"/>
  </properties>
  <testcase name="extractContentOfficeDocumentTest" classname="com.sismics.docs.core.util.TestFileUtil" time="26.66">
    <system-out><![CDATA[29 Apr 2024 18:32:45,075 INFO com.sismics.util.ClasspathScanner.findClasses(ClasspathScanner.java:48) Found 7 classes for FormatHandler 
29 Apr 2024 18:32:52,554 INFO com.sismics.util.ClasspathScanner.findClasses(ClasspathScanner.java:48) Found 1 classes for IndexingHandler 
29 Apr 2024 18:32:52,658 INFO com.sismics.docs.core.util.indexing.LuceneIndexingHandler.initLucene(LuceneIndexingHandler.java:115) Using RAM Lucene storage 
29 Apr 2024 18:32:53,536 INFO com.sismics.docs.core.service.FileService.startUp(FileService.java:39) File service starting up 
29 Apr 2024 18:32:53,572 INFO com.sismics.docs.core.service.InboxService.startUp(InboxService.java:55) Inbox service starting up 
29 Apr 2024 18:32:53,617 INFO com.sismics.util.jpa.EMF.getEntityManagerProperties(EMF.java:67) Configuring EntityManager from hibernate.properties 
29 Apr 2024 18:32:53,670 DEBUG org.hibernate.boot.registry.selector.internal.StrategySelectorBuilder.<clinit>(StrategySelectorBuilder.java:44) Logging Provider: org.jboss.logging.Log4jLoggerProvider 
29 Apr 2024 18:32:54,850 INFO com.mchange.v2.log.slf4j.Slf4jMLog$Slf4jMLogger$InfoLogger.log(Slf4jMLog.java:212) MLog clients using slf4j logging. 
29 Apr 2024 18:32:54,901 DEBUG com.mchange.v2.log.slf4j.Slf4jMLog$Slf4jMLogger$DebugLogger.log(Slf4jMLog.java:207) Reading VM config for path list /com/mchange/v2/log/default-mchange-log.properties, /mchange-commons.properties, /c3p0.properties, hocon:/reference,/application,/c3p0,/, /mchange-log.properties, / 
29 Apr 2024 18:32:54,901 DEBUG com.mchange.v2.log.slf4j.Slf4jMLog$Slf4jMLogger$DebugLogger.log(Slf4jMLog.java:207) The configuration file for resource identifier '/mchange-commons.properties' could not be found. Skipping. 
29 Apr 2024 18:32:54,901 DEBUG com.mchange.v2.log.slf4j.Slf4jMLog$Slf4jMLogger$DebugLogger.log(Slf4jMLog.java:207) The configuration file for resource identifier '/c3p0.properties' could not be found. Skipping. 
29 Apr 2024 18:32:54,902 DEBUG com.mchange.v2.log.slf4j.Slf4jMLog$Slf4jMLogger$DebugLogger.log(Slf4jMLog.java:207) The configuration file for resource identifier 'hocon:/reference,/application,/c3p0,/' could not be found. Skipping. 
29 Apr 2024 18:32:54,902 DEBUG com.mchange.v2.log.slf4j.Slf4jMLog$Slf4jMLogger$DebugLogger.log(Slf4jMLog.java:207) The configuration file for resource identifier '/mchange-log.properties' could not be found. Skipping. 
29 Apr 2024 18:32:54,928 DEBUG com.mchange.v2.log.slf4j.Slf4jMLog$Slf4jMLogger$DebugLogger.log(Slf4jMLog.java:207) The configuration file for resource identifier '/mchange-commons.properties' could not be found. Skipping. 
29 Apr 2024 18:32:54,928 DEBUG com.mchange.v2.log.slf4j.Slf4jMLog$Slf4jMLogger$DebugLogger.log(Slf4jMLog.java:207) The configuration file for resource identifier '/mchange-log.properties' could not be found. Skipping. 
29 Apr 2024 18:32:54,929 DEBUG com.mchange.v2.log.slf4j.Slf4jMLog$Slf4jMLogger$DebugLogger.log(Slf4jMLog.java:207) The configuration file for resource identifier 'hocon:/reference,/application,/c3p0,/' could not be found. Skipping. 
29 Apr 2024 18:32:54,929 DEBUG com.mchange.v2.log.slf4j.Slf4jMLog$Slf4jMLogger$DebugLogger.log(Slf4jMLog.java:207) The configuration file for resource identifier '/c3p0.properties' could not be found. Skipping. 
29 Apr 2024 18:32:55,299 INFO com.mchange.v2.log.slf4j.Slf4jMLog$Slf4jMLogger$InfoLogger.log(Slf4jMLog.java:212) Initializing c3p0-0.9.5.5 [built 11-December-2019 22:18:33 -0800; debug? true; trace: 10] 
29 Apr 2024 18:32:55,369 DEBUG com.mchange.v2.log.slf4j.Slf4jMLog$Slf4jMLogger$DebugLogger.log(Slf4jMLog.java:204) MBean: com.mchange.v2.c3p0:type=PooledDataSource,identityToken=z8kfsxb3bhohlp19ct62n|7baab901,name=z8kfsxb3bhohlp19ct62n|7baab901 registered. 
29 Apr 2024 18:32:55,525 DEBUG com.mchange.v2.log.slf4j.Slf4jMLog$Slf4jMLogger$DebugLogger.log(Slf4jMLog.java:204) MBean: com.mchange.v2.c3p0:type=PooledDataSource,identityToken=z8kfsxb3bhohlp19ct62n|7baab901,name=z8kfsxb3bhohlp19ct62n|7baab901 unregistered, in order to be reregistered after update. 
29 Apr 2024 18:32:55,525 DEBUG com.mchange.v2.log.slf4j.Slf4jMLog$Slf4jMLogger$DebugLogger.log(Slf4jMLog.java:204) MBean: com.mchange.v2.c3p0:type=PooledDataSource,identityToken=z8kfsxb3bhohlp19ct62n|7baab901,name=z8kfsxb3bhohlp19ct62n|7baab901 registered. 
29 Apr 2024 18:32:55,725 INFO com.mchange.v2.log.slf4j.Slf4jMLog$Slf4jMLogger$InfoLogger.log(Slf4jMLog.java:212) Initializing c3p0 pool... com.mchange.v2.c3p0.PoolBackedDataSource@f4ed8567 [ connectionPoolDataSource -> com.mchange.v2.c3p0.WrapperConnectionPoolDataSource@b285b72 [ acquireIncrement -> 3, acquireRetryAttempts -> 30, acquireRetryDelay -> 1000, autoCommitOnClose -> false, automaticTestTable -> null, breakAfterAcquireFailure -> false, checkoutTimeout -> 0, connectionCustomizerClassName -> null, connectionTesterClassName -> com.mchange.v2.c3p0.impl.DefaultConnectionTester, contextClassLoaderSource -> caller, debugUnreturnedConnectionStackTraces -> false, factoryClassLocation -> null, forceIgnoreUnresolvedTransactions -> false, forceSynchronousCheckins -> false, identityToken -> z8kfsxb3bhohlp19ct62n|101a74e1, idleConnectionTestPeriod -> 0, initialPoolSize -> 1, maxAdministrativeTaskTime -> 0, maxConnectionAge -> 0, maxIdleTime -> 0, maxIdleTimeExcessConnections -> 0, maxPoolSize -> 10, maxStatements -> 0, maxStatementsPerConnection -> 0, minPoolSize -> 1, nestedDataSource -> com.mchange.v2.c3p0.DriverManagerDataSource@3c391cfc [ description -> null, driverClass -> null, factoryClassLocation -> null, forceUseNamedDriverClass -> false, identityToken -> z8kfsxb3bhohlp19ct62n|75dbae4b, jdbcUrl -> jdbc:h2:mem:docs, properties -> {password=******, user=******} ], preferredTestQuery -> null, privilegeSpawnedThreads -> false, propertyCycle -> 0, statementCacheNumDeferredCloseThreads -> 0, testConnectionOnCheckin -> false, testConnectionOnCheckout -> false, unreturnedConnectionTimeout -> 0, usesTraditionalReflectiveProxies -> false; userOverrides: {} ], dataSourceName -> null, extensions -> {}, factoryClassLocation -> null, identityToken -> z8kfsxb3bhohlp19ct62n|7baab901, numHelperThreads -> 3 ] 
29 Apr 2024 18:32:55,843 DEBUG com.mchange.v2.log.slf4j.Slf4jMLog$Slf4jMLogger$DebugLogger.log(Slf4jMLog.java:207) The configuration file for resource identifier '/mchange-commons.properties' could not be found. Skipping. 
29 Apr 2024 18:32:55,844 DEBUG com.mchange.v2.log.slf4j.Slf4jMLog$Slf4jMLogger$DebugLogger.log(Slf4jMLog.java:207) The configuration file for resource identifier '/mchange-log.properties' could not be found. Skipping. 
29 Apr 2024 18:32:55,844 DEBUG com.mchange.v2.log.slf4j.Slf4jMLog$Slf4jMLogger$DebugLogger.log(Slf4jMLog.java:207) The configuration file for resource identifier '/c3p0.properties' could not be found. Skipping. 
29 Apr 2024 18:32:55,844 DEBUG com.mchange.v2.log.slf4j.Slf4jMLog$Slf4jMLogger$DebugLogger.log(Slf4jMLog.java:207) The configuration file for resource identifier 'hocon:/reference,/application,/c3p0,/' could not be found. Skipping. 
29 Apr 2024 18:32:55,851 DEBUG com.mchange.v2.log.slf4j.Slf4jMLog$Slf4jMLogger$DebugLogger.log(Slf4jMLog.java:204) com.mchange.v2.resourcepool.BasicResourcePool@1d467721 config: [start -> 1; min -> 1; max -> 10; inc -> 3; num_acq_attempts -> 30; acq_attempt_delay -> 1000; check_idle_resources_delay -> 0; max_resource_age -> 0; max_idle_time -> 0; excess_max_idle_time -> 0; destroy_unreturned_resc_time -> 0; expiration_enforcement_delay -> 0; break_on_acquisition_failure -> false; debug_store_checkout_exceptions -> false; force_synchronous_checkins -> false] 
29 Apr 2024 18:32:55,851 DEBUG com.mchange.v2.log.slf4j.Slf4jMLog$Slf4jMLogger$DebugLogger.log(Slf4jMLog.java:204) Created new pool for auth, username (masked): 'sa******'. 
29 Apr 2024 18:32:55,851 DEBUG com.mchange.v2.log.slf4j.Slf4jMLog$Slf4jMLogger$DebugLogger.log(Slf4jMLog.java:204) acquire test -- pool size: 0; target_pool_size: 1; desired target? 1 
29 Apr 2024 18:32:55,852 DEBUG com.mchange.v2.log.slf4j.Slf4jMLog$Slf4jMLogger$DebugLogger.log(Slf4jMLog.java:204) awaitAvailable(): [unknown] 
29 Apr 2024 18:32:57,793 INFO com.sismics.util.jpa.DbOpenHelper.open(DbOpenHelper.java:57) Opening database and executing incremental updates 
29 Apr 2024 18:32:57,798 DEBUG com.mchange.v2.log.slf4j.Slf4jMLog$Slf4jMLogger$DebugLogger.log(Slf4jMLog.java:207) com.mchange.v2.c3p0.impl.NewPooledConnection@4c040b1d handling a throwable. 
org.h2.jdbc.JdbcSQLSyntaxErrorException: Table "T_CONFIG" not found; SQL statement:
select c.CFG_VALUE_C from T_CONFIG c where c.CFG_ID_C='DB_VERSION' [42102-199]
	at org.h2.message.DbException.getJdbcSQLException(DbException.java:451)
	at org.h2.message.DbException.getJdbcSQLException(DbException.java:427)
	at org.h2.message.DbException.get(DbException.java:205)
	at org.h2.message.DbException.get(DbException.java:181)
	at org.h2.command.Parser.readTableOrView(Parser.java:7146)
	at org.h2.command.Parser.readTableFilter(Parser.java:1895)
	at org.h2.command.Parser.parseSelectSimpleFromPart(Parser.java:2641)
	at org.h2.command.Parser.parseSelectSimple(Parser.java:2788)
	at org.h2.command.Parser.parseSelectSub(Parser.java:2636)
	at org.h2.command.Parser.parseSelectUnion(Parser.java:2469)
	at org.h2.command.Parser.parseSelect(Parser.java:2440)
	at org.h2.command.Parser.parsePrepared(Parser.java:814)
	at org.h2.command.Parser.parse(Parser.java:788)
	at org.h2.command.Parser.parse(Parser.java:760)
	at org.h2.command.Parser.prepareCommand(Parser.java:683)
	at org.h2.engine.Session.prepareLocal(Session.java:627)
	at org.h2.engine.Session.prepareCommand(Session.java:565)
	at org.h2.jdbc.JdbcConnection.prepareCommand(JdbcConnection.java:1292)
	at org.h2.jdbc.JdbcStatement.executeQuery(JdbcStatement.java:78)
	at com.mchange.v2.c3p0.impl.NewProxyStatement.executeQuery(NewProxyStatement.java:327)
	at com.sismics.util.jpa.DbOpenHelper.open(DbOpenHelper.java:76)
	at com.sismics.util.jpa.EMF.<clinit>(EMF.java:53)
	at com.sismics.docs.core.util.TransactionUtil.handle(TransactionUtil.java:37)
	at com.sismics.docs.core.service.InboxService.syncInbox(InboxService.java:76)
	at com.sismics.docs.core.service.InboxService.runOneIteration(InboxService.java:66)
	at com.google.common.util.concurrent.AbstractScheduledService$ServiceDelegate$Task.run(AbstractScheduledService.java:221)
	at com.google.common.util.concurrent.Callables$4.run(Callables.java:119)
	at java.base/java.util.concurrent.Executors$RunnableAdapter.call(Executors.java:515)
	at java.base/java.util.concurrent.FutureTask.runAndReset(FutureTask.java:305)
	at java.base/java.util.concurrent.ScheduledThreadPoolExecutor$ScheduledFutureTask.run(ScheduledThreadPoolExecutor.java:305)
	at java.base/java.util.concurrent.ThreadPoolExecutor.runWorker(ThreadPoolExecutor.java:1128)
	at java.base/java.util.concurrent.ThreadPoolExecutor$Worker.run(ThreadPoolExecutor.java:628)
	at java.base/java.lang.Thread.run(Thread.java:829)
29 Apr 2024 18:32:57,807 DEBUG com.mchange.v2.log.slf4j.Slf4jMLog$Slf4jMLogger$DebugLogger.log(Slf4jMLog.java:207) Attempted to convert SQLException to SQLException. Leaving it alone. [SQLState: 42S02; errorCode: 42102] 
org.h2.jdbc.JdbcSQLSyntaxErrorException: Table "T_CONFIG" not found; SQL statement:
select c.CFG_VALUE_C from T_CONFIG c where c.CFG_ID_C='DB_VERSION' [42102-199]
	at org.h2.message.DbException.getJdbcSQLException(DbException.java:451)
	at org.h2.message.DbException.getJdbcSQLException(DbException.java:427)
	at org.h2.message.DbException.get(DbException.java:205)
	at org.h2.message.DbException.get(DbException.java:181)
	at org.h2.command.Parser.readTableOrView(Parser.java:7146)
	at org.h2.command.Parser.readTableFilter(Parser.java:1895)
	at org.h2.command.Parser.parseSelectSimpleFromPart(Parser.java:2641)
	at org.h2.command.Parser.parseSelectSimple(Parser.java:2788)
	at org.h2.command.Parser.parseSelectSub(Parser.java:2636)
	at org.h2.command.Parser.parseSelectUnion(Parser.java:2469)
	at org.h2.command.Parser.parseSelect(Parser.java:2440)
	at org.h2.command.Parser.parsePrepared(Parser.java:814)
	at org.h2.command.Parser.parse(Parser.java:788)
	at org.h2.command.Parser.parse(Parser.java:760)
	at org.h2.command.Parser.prepareCommand(Parser.java:683)
	at org.h2.engine.Session.prepareLocal(Session.java:627)
	at org.h2.engine.Session.prepareCommand(Session.java:565)
	at org.h2.jdbc.JdbcConnection.prepareCommand(JdbcConnection.java:1292)
	at org.h2.jdbc.JdbcStatement.executeQuery(JdbcStatement.java:78)
	at com.mchange.v2.c3p0.impl.NewProxyStatement.executeQuery(NewProxyStatement.java:327)
	at com.sismics.util.jpa.DbOpenHelper.open(DbOpenHelper.java:76)
	at com.sismics.util.jpa.EMF.<clinit>(EMF.java:53)
	at com.sismics.docs.core.util.TransactionUtil.handle(TransactionUtil.java:37)
	at com.sismics.docs.core.service.InboxService.syncInbox(InboxService.java:76)
	at com.sismics.docs.core.service.InboxService.runOneIteration(InboxService.java:66)
	at com.google.common.util.concurrent.AbstractScheduledService$ServiceDelegate$Task.run(AbstractScheduledService.java:221)
	at com.google.common.util.concurrent.Callables$4.run(Callables.java:119)
	at java.base/java.util.concurrent.Executors$RunnableAdapter.call(Executors.java:515)
	at java.base/java.util.concurrent.FutureTask.runAndReset(FutureTask.java:305)
	at java.base/java.util.concurrent.ScheduledThreadPoolExecutor$ScheduledFutureTask.run(ScheduledThreadPoolExecutor.java:305)
	at java.base/java.util.concurrent.ThreadPoolExecutor.runWorker(ThreadPoolExecutor.java:1128)
	at java.base/java.util.concurrent.ThreadPoolExecutor$Worker.run(ThreadPoolExecutor.java:628)
	at java.base/java.lang.Thread.run(Thread.java:829)
29 Apr 2024 18:32:57,808 DEBUG com.mchange.v2.log.slf4j.Slf4jMLog$Slf4jMLogger$DebugLogger.log(Slf4jMLog.java:207) Testing a Connection in response to an Exception: 
org.h2.jdbc.JdbcSQLSyntaxErrorException: Table "T_CONFIG" not found; SQL statement:
select c.CFG_VALUE_C from T_CONFIG c where c.CFG_ID_C='DB_VERSION' [42102-199]
	at org.h2.message.DbException.getJdbcSQLException(DbException.java:451)
	at org.h2.message.DbException.getJdbcSQLException(DbException.java:427)
	at org.h2.message.DbException.get(DbException.java:205)
	at org.h2.message.DbException.get(DbException.java:181)
	at org.h2.command.Parser.readTableOrView(Parser.java:7146)
	at org.h2.command.Parser.readTableFilter(Parser.java:1895)
	at org.h2.command.Parser.parseSelectSimpleFromPart(Parser.java:2641)
	at org.h2.command.Parser.parseSelectSimple(Parser.java:2788)
	at org.h2.command.Parser.parseSelectSub(Parser.java:2636)
	at org.h2.command.Parser.parseSelectUnion(Parser.java:2469)
	at org.h2.command.Parser.parseSelect(Parser.java:2440)
	at org.h2.command.Parser.parsePrepared(Parser.java:814)
	at org.h2.command.Parser.parse(Parser.java:788)
	at org.h2.command.Parser.parse(Parser.java:760)
	at org.h2.command.Parser.prepareCommand(Parser.java:683)
	at org.h2.engine.Session.prepareLocal(Session.java:627)
	at org.h2.engine.Session.prepareCommand(Session.java:565)
	at org.h2.jdbc.JdbcConnection.prepareCommand(JdbcConnection.java:1292)
	at org.h2.jdbc.JdbcStatement.executeQuery(JdbcStatement.java:78)
	at com.mchange.v2.c3p0.impl.NewProxyStatement.executeQuery(NewProxyStatement.java:327)
	at com.sismics.util.jpa.DbOpenHelper.open(DbOpenHelper.java:76)
	at com.sismics.util.jpa.EMF.<clinit>(EMF.java:53)
	at com.sismics.docs.core.util.TransactionUtil.handle(TransactionUtil.java:37)
	at com.sismics.docs.core.service.InboxService.syncInbox(InboxService.java:76)
	at com.sismics.docs.core.service.InboxService.runOneIteration(InboxService.java:66)
	at com.google.common.util.concurrent.AbstractScheduledService$ServiceDelegate$Task.run(AbstractScheduledService.java:221)
	at com.google.common.util.concurrent.Callables$4.run(Callables.java:119)
	at java.base/java.util.concurrent.Executors$RunnableAdapter.call(Executors.java:515)
	at java.base/java.util.concurrent.FutureTask.runAndReset(FutureTask.java:305)
	at java.base/java.util.concurrent.ScheduledThreadPoolExecutor$ScheduledFutureTask.run(ScheduledThreadPoolExecutor.java:305)
	at java.base/java.util.concurrent.ThreadPoolExecutor.runWorker(ThreadPoolExecutor.java:1128)
	at java.base/java.util.concurrent.ThreadPoolExecutor$Worker.run(ThreadPoolExecutor.java:628)
	at java.base/java.lang.Thread.run(Thread.java:829)
29 Apr 2024 18:32:57,817 INFO com.sismics.util.jpa.DbOpenHelper.open(DbOpenHelper.java:83) Unable to get database version: Table T_CONFIG not found 
29 Apr 2024 18:32:57,817 INFO com.sismics.util.jpa.DbOpenHelper.open(DbOpenHelper.java:98) Executing initial schema creation script 
29 Apr 2024 18:32:57,833 INFO com.sismics.util.jpa.DbOpenHelper.executeAllScript(DbOpenHelper.java:142) Executing script: dbupdate-000-0.sql 
29 Apr 2024 18:32:57,960 INFO com.sismics.util.jpa.DbOpenHelper.executeAllScript(DbOpenHelper.java:142) Executing script: dbupdate-000-1.sql 
29 Apr 2024 18:32:58,003 INFO com.sismics.util.jpa.DbOpenHelper.open(DbOpenHelper.java:106) Found database version 0, new version is 27, executing database incremental update scripts 
29 Apr 2024 18:32:58,008 INFO com.sismics.util.jpa.DbOpenHelper.executeAllScript(DbOpenHelper.java:142) Executing script: dbupdate-001-0.sql 
29 Apr 2024 18:32:58,048 INFO com.sismics.util.jpa.DbOpenHelper.executeAllScript(DbOpenHelper.java:142) Executing script: dbupdate-002-0.sql 
29 Apr 2024 18:32:58,062 INFO com.sismics.util.jpa.DbOpenHelper.executeAllScript(DbOpenHelper.java:142) Executing script: dbupdate-003-0.sql 
29 Apr 2024 18:32:58,076 INFO com.sismics.util.jpa.DbOpenHelper.executeAllScript(DbOpenHelper.java:142) Executing script: dbupdate-004-0.sql 
29 Apr 2024 18:32:58,092 INFO com.sismics.util.jpa.DbOpenHelper.executeAllScript(DbOpenHelper.java:142) Executing script: dbupdate-005-0.sql 
29 Apr 2024 18:32:58,179 INFO com.sismics.util.jpa.DbOpenHelper.executeAllScript(DbOpenHelper.java:142) Executing script: dbupdate-006-0.sql 
29 Apr 2024 18:32:58,266 INFO com.sismics.util.jpa.DbOpenHelper.executeAllScript(DbOpenHelper.java:142) Executing script: dbupdate-007-0.sql 
29 Apr 2024 18:32:58,283 INFO com.sismics.util.jpa.DbOpenHelper.executeAllScript(DbOpenHelper.java:142) Executing script: dbupdate-008-0.sql 
29 Apr 2024 18:32:58,296 INFO com.sismics.util.jpa.DbOpenHelper.executeAllScript(DbOpenHelper.java:142) Executing script: dbupdate-009-0.sql 
29 Apr 2024 18:32:58,313 INFO com.sismics.util.jpa.DbOpenHelper.executeAllScript(DbOpenHelper.java:142) Executing script: dbupdate-010-0.sql 
29 Apr 2024 18:32:58,327 INFO com.sismics.util.jpa.DbOpenHelper.executeAllScript(DbOpenHelper.java:142) Executing script: dbupdate-011-0.sql 
29 Apr 2024 18:32:58,346 INFO com.sismics.util.jpa.DbOpenHelper.executeAllScript(DbOpenHelper.java:142) Executing script: dbupdate-012-0.sql 
29 Apr 2024 18:32:58,364 INFO com.sismics.util.jpa.DbOpenHelper.executeAllScript(DbOpenHelper.java:142) Executing script: dbupdate-013-0.sql 
29 Apr 2024 18:32:58,378 INFO com.sismics.util.jpa.DbOpenHelper.executeAllScript(DbOpenHelper.java:142) Executing script: dbupdate-014-0.sql 
29 Apr 2024 18:32:58,393 INFO com.sismics.util.jpa.DbOpenHelper.executeAllScript(DbOpenHelper.java:142) Executing script: dbupdate-015-0.sql 
29 Apr 2024 18:32:58,412 INFO com.sismics.util.jpa.DbOpenHelper.executeAllScript(DbOpenHelper.java:142) Executing script: dbupdate-016-0.sql 
29 Apr 2024 18:32:58,425 INFO com.sismics.util.jpa.DbOpenHelper.executeAllScript(DbOpenHelper.java:142) Executing script: dbupdate-017-0.sql 
29 Apr 2024 18:32:58,437 INFO com.sismics.util.jpa.DbOpenHelper.executeAllScript(DbOpenHelper.java:142) Executing script: dbupdate-018-0.sql 
29 Apr 2024 18:32:58,497 INFO com.sismics.util.jpa.DbOpenHelper.executeAllScript(DbOpenHelper.java:142) Executing script: dbupdate-019-0.sql 
29 Apr 2024 18:32:58,508 INFO com.sismics.util.jpa.DbOpenHelper.executeAllScript(DbOpenHelper.java:142) Executing script: dbupdate-020-0.sql 
29 Apr 2024 18:32:58,518 INFO com.sismics.util.jpa.DbOpenHelper.executeAllScript(DbOpenHelper.java:142) Executing script: dbupdate-021-0.sql 
29 Apr 2024 18:32:58,534 INFO com.sismics.util.jpa.DbOpenHelper.executeAllScript(DbOpenHelper.java:142) Executing script: dbupdate-022-0.sql 
29 Apr 2024 18:32:58,550 INFO com.sismics.util.jpa.DbOpenHelper.executeAllScript(DbOpenHelper.java:142) Executing script: dbupdate-023-0.sql 
29 Apr 2024 18:32:58,565 INFO com.sismics.util.jpa.DbOpenHelper.executeAllScript(DbOpenHelper.java:142) Executing script: dbupdate-024-0.sql 
29 Apr 2024 18:32:58,584 INFO com.sismics.util.jpa.DbOpenHelper.executeAllScript(DbOpenHelper.java:142) Executing script: dbupdate-025-0.sql 
29 Apr 2024 18:32:58,598 INFO com.sismics.util.jpa.DbOpenHelper.executeAllScript(DbOpenHelper.java:142) Executing script: dbupdate-026-0.sql 
29 Apr 2024 18:32:58,611 INFO com.sismics.util.jpa.DbOpenHelper.executeAllScript(DbOpenHelper.java:142) Executing script: dbupdate-027-0.sql 
29 Apr 2024 18:32:58,621 INFO com.sismics.util.jpa.DbOpenHelper.open(DbOpenHelper.java:108) Database upgrade complete 
29 Apr 2024 18:32:58,624 INFO com.sismics.util.jpa.EMF.getEntityManagerProperties(EMF.java:67) Configuring EntityManager from hibernate.properties 
29 Apr 2024 18:32:58,877 DEBUG org.apache.fontbox.ttf.GlyphSubstitutionTable.readLookupTable(GlyphSubstitutionTable.java:263) Type 4 GSUB lookup table is not supported and will be ignored 
29 Apr 2024 18:32:58,878 DEBUG org.apache.fontbox.ttf.GlyphSubstitutionTable.readLookupTable(GlyphSubstitutionTable.java:263) Type 4 GSUB lookup table is not supported and will be ignored 
29 Apr 2024 18:32:58,878 DEBUG org.apache.fontbox.ttf.GlyphSubstitutionTable.readLookupTable(GlyphSubstitutionTable.java:263) Type 6 GSUB lookup table is not supported and will be ignored 
29 Apr 2024 18:32:58,878 DEBUG org.apache.fontbox.ttf.GlyphSubstitutionTable.readLookupTable(GlyphSubstitutionTable.java:263) Type 4 GSUB lookup table is not supported and will be ignored 
29 Apr 2024 18:32:58,878 DEBUG org.apache.fontbox.ttf.GlyphSubstitutionTable.readLookupTable(GlyphSubstitutionTable.java:263) Type 4 GSUB lookup table is not supported and will be ignored 
29 Apr 2024 18:32:58,918 DEBUG org.apache.fontbox.util.autodetect.FontFileFinder.walk(FontFileFinder.java:136) checkFontfile check /usr/local/share/fonts/.uuid 
29 Apr 2024 18:32:58,919 DEBUG org.apache.fontbox.util.autodetect.FontFileFinder.walk(FontFileFinder.java:136) checkFontfile check /usr/share/fonts/.uuid 
29 Apr 2024 18:32:58,919 DEBUG org.apache.fontbox.util.autodetect.FontFileFinder.walk(FontFileFinder.java:136) checkFontfile check /usr/share/fonts/truetype/dejavu/DejaVuSerifCondensed.ttf 
29 Apr 2024 18:32:58,919 DEBUG org.apache.fontbox.util.autodetect.FontFileFinder.walk(FontFileFinder.java:142) checkFontfile found /usr/share/fonts/truetype/dejavu/DejaVuSerifCondensed.ttf 
29 Apr 2024 18:32:58,919 DEBUG org.apache.fontbox.util.autodetect.FontFileFinder.walk(FontFileFinder.java:136) checkFontfile check /usr/share/fonts/truetype/dejavu/DejaVuSansCondensed-Oblique.ttf 
29 Apr 2024 18:32:58,919 DEBUG org.apache.fontbox.util.autodetect.FontFileFinder.walk(FontFileFinder.java:142) checkFontfile found /usr/share/fonts/truetype/dejavu/DejaVuSansCondensed-Oblique.ttf 
29 Apr 2024 18:32:58,919 DEBUG org.apache.fontbox.util.autodetect.FontFileFinder.walk(FontFileFinder.java:136) checkFontfile check /usr/share/fonts/truetype/dejavu/DejaVuSans-ExtraLight.ttf 
29 Apr 2024 18:32:58,919 DEBUG org.apache.fontbox.util.autodetect.FontFileFinder.walk(FontFileFinder.java:142) checkFontfile found /usr/share/fonts/truetype/dejavu/DejaVuSans-ExtraLight.ttf 
29 Apr 2024 18:32:58,920 DEBUG org.apache.fontbox.util.autodetect.FontFileFinder.walk(FontFileFinder.java:136) checkFontfile check /usr/share/fonts/truetype/dejavu/DejaVuSansMono-Oblique.ttf 
29 Apr 2024 18:32:58,920 DEBUG org.apache.fontbox.util.autodetect.FontFileFinder.walk(FontFileFinder.java:142) checkFontfile found /usr/share/fonts/truetype/dejavu/DejaVuSansMono-Oblique.ttf 
29 Apr 2024 18:32:58,920 DEBUG org.apache.fontbox.util.autodetect.FontFileFinder.walk(FontFileFinder.java:136) checkFontfile check /usr/share/fonts/truetype/dejavu/DejaVuSerif.ttf 
29 Apr 2024 18:32:58,920 DEBUG org.apache.fontbox.util.autodetect.FontFileFinder.walk(FontFileFinder.java:142) checkFontfile found /usr/share/fonts/truetype/dejavu/DejaVuSerif.ttf 
29 Apr 2024 18:32:58,920 DEBUG org.apache.fontbox.util.autodetect.FontFileFinder.walk(FontFileFinder.java:136) checkFontfile check /usr/share/fonts/truetype/dejavu/DejaVuSansCondensed-BoldOblique.ttf 
29 Apr 2024 18:32:58,920 DEBUG org.apache.fontbox.util.autodetect.FontFileFinder.walk(FontFileFinder.java:142) checkFontfile found /usr/share/fonts/truetype/dejavu/DejaVuSansCondensed-BoldOblique.ttf 
29 Apr 2024 18:32:58,920 DEBUG org.apache.fontbox.util.autodetect.FontFileFinder.walk(FontFileFinder.java:136) checkFontfile check /usr/share/fonts/truetype/dejavu/DejaVuSerifCondensed-Italic.ttf 
29 Apr 2024 18:32:58,920 DEBUG org.apache.fontbox.util.autodetect.FontFileFinder.walk(FontFileFinder.java:142) checkFontfile found /usr/share/fonts/truetype/dejavu/DejaVuSerifCondensed-Italic.ttf 
29 Apr 2024 18:32:58,920 DEBUG org.apache.fontbox.util.autodetect.FontFileFinder.walk(FontFileFinder.java:136) checkFontfile check /usr/share/fonts/truetype/dejavu/DejaVuSerif-Italic.ttf 
29 Apr 2024 18:32:58,920 DEBUG org.apache.fontbox.util.autodetect.FontFileFinder.walk(FontFileFinder.java:142) checkFontfile found /usr/share/fonts/truetype/dejavu/DejaVuSerif-Italic.ttf 
29 Apr 2024 18:32:58,920 DEBUG org.apache.fontbox.util.autodetect.FontFileFinder.walk(FontFileFinder.java:136) checkFontfile check /usr/share/fonts/truetype/dejavu/DejaVuSans.ttf 
29 Apr 2024 18:32:58,920 DEBUG org.apache.fontbox.util.autodetect.FontFileFinder.walk(FontFileFinder.java:142) checkFontfile found /usr/share/fonts/truetype/dejavu/DejaVuSans.ttf 
29 Apr 2024 18:32:58,920 DEBUG org.apache.fontbox.util.autodetect.FontFileFinder.walk(FontFileFinder.java:136) checkFontfile check /usr/share/fonts/truetype/dejavu/DejaVuSansCondensed-Bold.ttf 
29 Apr 2024 18:32:58,920 DEBUG org.apache.fontbox.util.autodetect.FontFileFinder.walk(FontFileFinder.java:142) checkFontfile found /usr/share/fonts/truetype/dejavu/DejaVuSansCondensed-Bold.ttf 
29 Apr 2024 18:32:58,920 DEBUG org.apache.fontbox.util.autodetect.FontFileFinder.walk(FontFileFinder.java:136) checkFontfile check /usr/share/fonts/truetype/dejavu/DejaVuSerifCondensed-Bold.ttf 
29 Apr 2024 18:32:58,920 DEBUG org.apache.fontbox.util.autodetect.FontFileFinder.walk(FontFileFinder.java:142) checkFontfile found /usr/share/fonts/truetype/dejavu/DejaVuSerifCondensed-Bold.ttf 
29 Apr 2024 18:32:58,921 DEBUG org.apache.fontbox.util.autodetect.FontFileFinder.walk(FontFileFinder.java:136) checkFontfile check /usr/share/fonts/truetype/dejavu/.uuid 
29 Apr 2024 18:32:58,921 DEBUG org.apache.fontbox.util.autodetect.FontFileFinder.walk(FontFileFinder.java:136) checkFontfile check /usr/share/fonts/truetype/dejavu/DejaVuSans-Bold.ttf 
29 Apr 2024 18:32:58,921 DEBUG org.apache.fontbox.util.autodetect.FontFileFinder.walk(FontFileFinder.java:142) checkFontfile found /usr/share/fonts/truetype/dejavu/DejaVuSans-Bold.ttf 
29 Apr 2024 18:32:58,921 DEBUG org.apache.fontbox.util.autodetect.FontFileFinder.walk(FontFileFinder.java:136) checkFontfile check /usr/share/fonts/truetype/dejavu/DejaVuSerifCondensed-BoldItalic.ttf 
29 Apr 2024 18:32:58,921 DEBUG org.apache.fontbox.util.autodetect.FontFileFinder.walk(FontFileFinder.java:142) checkFontfile found /usr/share/fonts/truetype/dejavu/DejaVuSerifCondensed-BoldItalic.ttf 
29 Apr 2024 18:32:58,921 DEBUG org.apache.fontbox.util.autodetect.FontFileFinder.walk(FontFileFinder.java:136) checkFontfile check /usr/share/fonts/truetype/dejavu/DejaVuSansMono-Bold.ttf 
29 Apr 2024 18:32:58,921 DEBUG org.apache.fontbox.util.autodetect.FontFileFinder.walk(FontFileFinder.java:142) checkFontfile found /usr/share/fonts/truetype/dejavu/DejaVuSansMono-Bold.ttf 
29 Apr 2024 18:32:58,921 DEBUG org.apache.fontbox.util.autodetect.FontFileFinder.walk(FontFileFinder.java:136) checkFontfile check /usr/share/fonts/truetype/dejavu/DejaVuSerif-Bold.ttf 
29 Apr 2024 18:32:58,921 DEBUG org.apache.fontbox.util.autodetect.FontFileFinder.walk(FontFileFinder.java:142) checkFontfile found /usr/share/fonts/truetype/dejavu/DejaVuSerif-Bold.ttf 
29 Apr 2024 18:32:58,921 DEBUG org.apache.fontbox.util.autodetect.FontFileFinder.walk(FontFileFinder.java:136) checkFontfile check /usr/share/fonts/truetype/dejavu/DejaVuSansCondensed.ttf 
29 Apr 2024 18:32:58,921 DEBUG org.apache.fontbox.util.autodetect.FontFileFinder.walk(FontFileFinder.java:142) checkFontfile found /usr/share/fonts/truetype/dejavu/DejaVuSansCondensed.ttf 
29 Apr 2024 18:32:58,921 DEBUG org.apache.fontbox.util.autodetect.FontFileFinder.walk(FontFileFinder.java:136) checkFontfile check /usr/share/fonts/truetype/dejavu/DejaVuSansMono-BoldOblique.ttf 
29 Apr 2024 18:32:58,921 DEBUG org.apache.fontbox.util.autodetect.FontFileFinder.walk(FontFileFinder.java:142) checkFontfile found /usr/share/fonts/truetype/dejavu/DejaVuSansMono-BoldOblique.ttf 
29 Apr 2024 18:32:58,921 DEBUG org.apache.fontbox.util.autodetect.FontFileFinder.walk(FontFileFinder.java:136) checkFontfile check /usr/share/fonts/truetype/dejavu/DejaVuSansMono.ttf 
29 Apr 2024 18:32:58,921 DEBUG org.apache.fontbox.util.autodetect.FontFileFinder.walk(FontFileFinder.java:142) checkFontfile found /usr/share/fonts/truetype/dejavu/DejaVuSansMono.ttf 
29 Apr 2024 18:32:58,921 DEBUG org.apache.fontbox.util.autodetect.FontFileFinder.walk(FontFileFinder.java:136) checkFontfile check /usr/share/fonts/truetype/dejavu/DejaVuSans-BoldOblique.ttf 
29 Apr 2024 18:32:58,922 DEBUG org.apache.fontbox.util.autodetect.FontFileFinder.walk(FontFileFinder.java:142) checkFontfile found /usr/share/fonts/truetype/dejavu/DejaVuSans-BoldOblique.ttf 
29 Apr 2024 18:32:58,922 DEBUG org.apache.fontbox.util.autodetect.FontFileFinder.walk(FontFileFinder.java:136) checkFontfile check /usr/share/fonts/truetype/dejavu/DejaVuSerif-BoldItalic.ttf 
29 Apr 2024 18:32:58,922 DEBUG org.apache.fontbox.util.autodetect.FontFileFinder.walk(FontFileFinder.java:142) checkFontfile found /usr/share/fonts/truetype/dejavu/DejaVuSerif-BoldItalic.ttf 
29 Apr 2024 18:32:58,922 DEBUG org.apache.fontbox.util.autodetect.FontFileFinder.walk(FontFileFinder.java:136) checkFontfile check /usr/share/fonts/truetype/dejavu/DejaVuMathTeXGyre.ttf 
29 Apr 2024 18:32:58,922 DEBUG org.apache.fontbox.util.autodetect.FontFileFinder.walk(FontFileFinder.java:142) checkFontfile found /usr/share/fonts/truetype/dejavu/DejaVuMathTeXGyre.ttf 
29 Apr 2024 18:32:58,922 DEBUG org.apache.fontbox.util.autodetect.FontFileFinder.walk(FontFileFinder.java:136) checkFontfile check /usr/share/fonts/truetype/dejavu/DejaVuSans-Oblique.ttf 
29 Apr 2024 18:32:58,922 DEBUG org.apache.fontbox.util.autodetect.FontFileFinder.walk(FontFileFinder.java:142) checkFontfile found /usr/share/fonts/truetype/dejavu/DejaVuSans-Oblique.ttf 
29 Apr 2024 18:32:58,922 DEBUG org.apache.fontbox.util.autodetect.FontFileFinder.walk(FontFileFinder.java:136) checkFontfile check /usr/share/fonts/truetype/.uuid 
29 Apr 2024 18:32:58,922 DEBUG org.apache.fontbox.util.autodetect.FontFileFinder.walk(FontFileFinder.java:136) checkFontfile check /usr/share/fonts/truetype/ubuntu/Ubuntu-B.ttf 
29 Apr 2024 18:32:58,922 DEBUG org.apache.fontbox.util.autodetect.FontFileFinder.walk(FontFileFinder.java:142) checkFontfile found /usr/share/fonts/truetype/ubuntu/Ubuntu-B.ttf 
29 Apr 2024 18:32:58,922 DEBUG org.apache.fontbox.util.autodetect.FontFileFinder.walk(FontFileFinder.java:136) checkFontfile check /usr/share/fonts/truetype/ubuntu/Ubuntu-BI.ttf 
29 Apr 2024 18:32:58,922 DEBUG org.apache.fontbox.util.autodetect.FontFileFinder.walk(FontFileFinder.java:142) checkFontfile found /usr/share/fonts/truetype/ubuntu/Ubuntu-BI.ttf 
29 Apr 2024 18:32:58,922 DEBUG org.apache.fontbox.util.autodetect.FontFileFinder.walk(FontFileFinder.java:136) checkFontfile check /usr/share/fonts/truetype/ubuntu/UbuntuMono-RI.ttf 
29 Apr 2024 18:32:58,922 DEBUG org.apache.fontbox.util.autodetect.FontFileFinder.walk(FontFileFinder.java:142) checkFontfile found /usr/share/fonts/truetype/ubuntu/UbuntuMono-RI.ttf 
29 Apr 2024 18:32:58,922 DEBUG org.apache.fontbox.util.autodetect.FontFileFinder.walk(FontFileFinder.java:136) checkFontfile check /usr/share/fonts/truetype/ubuntu/UbuntuMono-B.ttf 
29 Apr 2024 18:32:58,923 DEBUG org.apache.fontbox.util.autodetect.FontFileFinder.walk(FontFileFinder.java:142) checkFontfile found /usr/share/fonts/truetype/ubuntu/UbuntuMono-B.ttf 
29 Apr 2024 18:32:58,923 DEBUG org.apache.fontbox.util.autodetect.FontFileFinder.walk(FontFileFinder.java:136) checkFontfile check /usr/share/fonts/truetype/ubuntu/Ubuntu-Th.ttf 
29 Apr 2024 18:32:58,923 DEBUG org.apache.fontbox.util.autodetect.FontFileFinder.walk(FontFileFinder.java:142) checkFontfile found /usr/share/fonts/truetype/ubuntu/Ubuntu-Th.ttf 
29 Apr 2024 18:32:58,923 DEBUG org.apache.fontbox.util.autodetect.FontFileFinder.walk(FontFileFinder.java:136) checkFontfile check /usr/share/fonts/truetype/ubuntu/Ubuntu-C.ttf 
29 Apr 2024 18:32:58,923 DEBUG org.apache.fontbox.util.autodetect.FontFileFinder.walk(FontFileFinder.java:142) checkFontfile found /usr/share/fonts/truetype/ubuntu/Ubuntu-C.ttf 
29 Apr 2024 18:32:58,923 DEBUG org.apache.fontbox.util.autodetect.FontFileFinder.walk(FontFileFinder.java:136) checkFontfile check /usr/share/fonts/truetype/ubuntu/UbuntuMono-R.ttf 
29 Apr 2024 18:32:58,923 DEBUG org.apache.fontbox.util.autodetect.FontFileFinder.walk(FontFileFinder.java:142) checkFontfile found /usr/share/fonts/truetype/ubuntu/UbuntuMono-R.ttf 
29 Apr 2024 18:32:58,923 DEBUG org.apache.fontbox.util.autodetect.FontFileFinder.walk(FontFileFinder.java:136) checkFontfile check /usr/share/fonts/truetype/ubuntu/Ubuntu-LI.ttf 
29 Apr 2024 18:32:58,923 DEBUG org.apache.fontbox.util.autodetect.FontFileFinder.walk(FontFileFinder.java:142) checkFontfile found /usr/share/fonts/truetype/ubuntu/Ubuntu-LI.ttf 
29 Apr 2024 18:32:58,923 DEBUG org.apache.fontbox.util.autodetect.FontFileFinder.walk(FontFileFinder.java:136) checkFontfile check /usr/share/fonts/truetype/ubuntu/.uuid 
29 Apr 2024 18:32:58,923 DEBUG org.apache.fontbox.util.autodetect.FontFileFinder.walk(FontFileFinder.java:136) checkFontfile check /usr/share/fonts/truetype/ubuntu/Ubuntu-MI.ttf 
29 Apr 2024 18:32:58,923 DEBUG org.apache.fontbox.util.autodetect.FontFileFinder.walk(FontFileFinder.java:142) checkFontfile found /usr/share/fonts/truetype/ubuntu/Ubuntu-MI.ttf 
29 Apr 2024 18:32:58,923 DEBUG org.apache.fontbox.util.autodetect.FontFileFinder.walk(FontFileFinder.java:136) checkFontfile check /usr/share/fonts/truetype/ubuntu/Ubuntu-M.ttf 
29 Apr 2024 18:32:58,923 DEBUG org.apache.fontbox.util.autodetect.FontFileFinder.walk(FontFileFinder.java:142) checkFontfile found /usr/share/fonts/truetype/ubuntu/Ubuntu-M.ttf 
29 Apr 2024 18:32:58,923 DEBUG org.apache.fontbox.util.autodetect.FontFileFinder.walk(FontFileFinder.java:136) checkFontfile check /usr/share/fonts/truetype/ubuntu/Ubuntu-L.ttf 
29 Apr 2024 18:32:58,924 DEBUG org.apache.fontbox.util.autodetect.FontFileFinder.walk(FontFileFinder.java:142) checkFontfile found /usr/share/fonts/truetype/ubuntu/Ubuntu-L.ttf 
29 Apr 2024 18:32:58,924 DEBUG org.apache.fontbox.util.autodetect.FontFileFinder.walk(FontFileFinder.java:136) checkFontfile check /usr/share/fonts/truetype/ubuntu/Ubuntu-R.ttf 
29 Apr 2024 18:32:58,924 DEBUG org.apache.fontbox.util.autodetect.FontFileFinder.walk(FontFileFinder.java:142) checkFontfile found /usr/share/fonts/truetype/ubuntu/Ubuntu-R.ttf 
29 Apr 2024 18:32:58,924 DEBUG org.apache.fontbox.util.autodetect.FontFileFinder.walk(FontFileFinder.java:136) checkFontfile check /usr/share/fonts/truetype/ubuntu/Ubuntu-RI.ttf 
29 Apr 2024 18:32:58,924 DEBUG org.apache.fontbox.util.autodetect.FontFileFinder.walk(FontFileFinder.java:142) checkFontfile found /usr/share/fonts/truetype/ubuntu/Ubuntu-RI.ttf 
29 Apr 2024 18:32:58,924 DEBUG org.apache.fontbox.util.autodetect.FontFileFinder.walk(FontFileFinder.java:136) checkFontfile check /usr/share/fonts/truetype/ubuntu/UbuntuMono-BI.ttf 
29 Apr 2024 18:32:58,924 DEBUG org.apache.fontbox.util.autodetect.FontFileFinder.walk(FontFileFinder.java:142) checkFontfile found /usr/share/fonts/truetype/ubuntu/UbuntuMono-BI.ttf 
29 Apr 2024 18:32:58,943 WARN org.apache.pdfbox.pdmodel.font.PDType1Font.<init>(PDType1Font.java:161) Using fallback font LiberationSans for base font Times-Roman 
29 Apr 2024 18:32:58,948 WARN org.apache.pdfbox.pdmodel.font.PDType1Font.<init>(PDType1Font.java:161) Using fallback font LiberationSans for base font Times-Bold 
29 Apr 2024 18:32:58,955 WARN org.apache.pdfbox.pdmodel.font.PDType1Font.<init>(PDType1Font.java:161) Using fallback font LiberationSans for base font Times-Italic 
29 Apr 2024 18:32:58,961 WARN org.apache.pdfbox.pdmodel.font.PDType1Font.<init>(PDType1Font.java:161) Using fallback font LiberationSans for base font Times-BoldItalic 
29 Apr 2024 18:32:58,968 WARN org.apache.pdfbox.pdmodel.font.PDType1Font.<init>(PDType1Font.java:161) Using fallback font LiberationSans for base font Helvetica 
29 Apr 2024 18:32:58,974 WARN org.apache.pdfbox.pdmodel.font.PDType1Font.<init>(PDType1Font.java:161) Using fallback font LiberationSans for base font Helvetica-Bold 
29 Apr 2024 18:32:58,979 WARN org.apache.pdfbox.pdmodel.font.PDType1Font.<init>(PDType1Font.java:161) Using fallback font LiberationSans for base font Helvetica-Oblique 
29 Apr 2024 18:32:58,985 WARN org.apache.pdfbox.pdmodel.font.PDType1Font.<init>(PDType1Font.java:161) Using fallback font LiberationSans for base font Helvetica-BoldOblique 
29 Apr 2024 18:32:58,990 WARN org.apache.pdfbox.pdmodel.font.PDType1Font.<init>(PDType1Font.java:161) Using fallback font LiberationSans for base font Courier 
29 Apr 2024 18:32:58,995 WARN org.apache.pdfbox.pdmodel.font.PDType1Font.<init>(PDType1Font.java:161) Using fallback font LiberationSans for base font Courier-Bold 
29 Apr 2024 18:32:58,998 WARN org.apache.pdfbox.pdmodel.font.PDType1Font.<init>(PDType1Font.java:161) Using fallback font LiberationSans for base font Courier-Oblique 
29 Apr 2024 18:32:59,001 WARN org.apache.pdfbox.pdmodel.font.PDType1Font.<init>(PDType1Font.java:161) Using fallback font LiberationSans for base font Courier-BoldOblique 
29 Apr 2024 18:32:59,006 WARN org.apache.pdfbox.pdmodel.font.PDType1Font.<init>(PDType1Font.java:161) Using fallback font LiberationSans for base font Symbol 
29 Apr 2024 18:32:59,014 WARN org.apache.pdfbox.pdmodel.font.PDType1Font.<init>(PDType1Font.java:161) Using fallback font LiberationSans for base font ZapfDingbats 
29 Apr 2024 18:32:59,015 WARN org.apache.pdfbox.pdmodel.font.PDType1Font.<init>(PDType1Font.java:296) Using fallback font LiberationSans for Helvetica 
]]></system-out>
  </testcase>
  <testcase name="extractContentPowerpointTest" classname="com.sismics.docs.core.util.TestFileUtil" time="2.59"/>
  <testcase name="extractContentOpenDocumentTextTest" classname="com.sismics.docs.core.util.TestFileUtil" time="2.857">
    <system-out><![CDATA[29 Apr 2024 18:33:04,550 WARN org.apache.pdfbox.pdmodel.font.PDType1Font.<init>(PDType1Font.java:296) Using fallback font LiberationSans for Helvetica 
]]></system-out>
    <system-err><![CDATA[Apr 29, 2024 6:33:04 PM org.odftoolkit.odfdom.pkg.OdfXMLFactory newOdfAttribute
INFO: None-ODF attribute created for loext:contextual-spacing
Apr 29, 2024 6:33:04 PM org.odftoolkit.odfdom.pkg.OdfXMLFactory newOdfAttribute
INFO: None-ODF attribute created for loext:contextual-spacing
Apr 29, 2024 6:33:04 PM org.odftoolkit.odfdom.pkg.OdfXMLFactory newOdfAttribute
INFO: None-ODF attribute created for loext:contextual-spacing
Apr 29, 2024 6:33:04 PM org.odftoolkit.odfdom.pkg.OdfXMLFactory newOdfAttribute
INFO: None-ODF attribute created for loext:contextual-spacing
Apr 29, 2024 6:33:04 PM org.odftoolkit.odfdom.pkg.OdfXMLFactory newOdfAttribute
INFO: None-ODF attribute created for loext:contextual-spacing
Apr 29, 2024 6:33:04 PM org.odftoolkit.odfdom.pkg.OdfXMLFactory newOdfAttribute
INFO: None-ODF attribute created for loext:contextual-spacing
Apr 29, 2024 6:33:04 PM org.odftoolkit.odfdom.pkg.OdfXMLFactory newOdfAttribute
INFO: None-ODF attribute created for loext:contextual-spacing
Apr 29, 2024 6:33:04 PM org.odftoolkit.odfdom.pkg.OdfXMLFactory newOdfAttribute
INFO: None-ODF attribute created for loext:contextual-spacing
Apr 29, 2024 6:33:04 PM org.odftoolkit.odfdom.pkg.OdfXMLFactory newOdfAttribute
INFO: None-ODF attribute created for officeooo:rsid
Apr 29, 2024 6:33:04 PM org.odftoolkit.odfdom.pkg.OdfXMLFactory newOdfAttribute
INFO: None-ODF attribute created for officeooo:paragraph-rsid
]]></system-err>
  </testcase>
  <testcase name="convertToPdfTest" classname="com.sismics.docs.core.util.TestFileUtil" time="12.528">
    <system-out><![CDATA[29 Apr 2024 18:33:04,728 WARN org.apache.pdfbox.pdmodel.font.DocsPDType1Font.<init>(DocsPDType1Font.java:102) Using fallback font LiberationSans for base font Helvetica 
29 Apr 2024 18:33:04,728 WARN org.apache.pdfbox.pdmodel.font.DocsPDType1Font.<init>(DocsPDType1Font.java:102) Using fallback font LiberationSans for base font Helvetica-Bold 
29 Apr 2024 18:33:04,845 DEBUG org.apache.pdfbox.io.ScratchFileBuffer.finalize(ScratchFileBuffer.java:520) ScratchFileBuffer not closed! 
29 Apr 2024 18:33:05,532 DEBUG org.apache.pdfbox.io.ScratchFileBuffer.finalize(ScratchFileBuffer.java:520) ScratchFileBuffer not closed! 
29 Apr 2024 18:33:06,193 DEBUG org.apache.pdfbox.pdmodel.PDDocumentCatalog.getAcroForm(PDDocumentCatalog.java:138) AcroForm content has already been retrieved with fixes applied - original content changed because of that 
29 Apr 2024 18:33:06,194 DEBUG org.apache.pdfbox.pdmodel.PDDocumentCatalog.getAcroForm(PDDocumentCatalog.java:138) AcroForm content has already been retrieved with fixes applied - original content changed because of that 
29 Apr 2024 18:33:06,372 DEBUG org.apache.pdfbox.pdmodel.PDDocumentCatalog.getAcroForm(PDDocumentCatalog.java:138) AcroForm content has already been retrieved with fixes applied - original content changed because of that 
29 Apr 2024 18:33:06,372 DEBUG org.apache.pdfbox.pdmodel.PDDocumentCatalog.getAcroForm(PDDocumentCatalog.java:138) AcroForm content has already been retrieved with fixes applied - original content changed because of that 
29 Apr 2024 18:33:06,372 DEBUG org.apache.pdfbox.pdmodel.PDDocumentCatalog.getAcroForm(PDDocumentCatalog.java:138) AcroForm content has already been retrieved with fixes applied - original content changed because of that 
29 Apr 2024 18:33:06,372 DEBUG org.apache.pdfbox.pdmodel.PDDocumentCatalog.getAcroForm(PDDocumentCatalog.java:138) AcroForm content has already been retrieved with fixes applied - original content changed because of that 
29 Apr 2024 18:33:06,420 DEBUG org.apache.pdfbox.pdmodel.PDDocumentCatalog.getAcroForm(PDDocumentCatalog.java:138) AcroForm content has already been retrieved with fixes applied - original content changed because of that 
29 Apr 2024 18:33:06,420 DEBUG org.apache.pdfbox.pdmodel.PDDocumentCatalog.getAcroForm(PDDocumentCatalog.java:138) AcroForm content has already been retrieved with fixes applied - original content changed because of that 
29 Apr 2024 18:33:06,420 DEBUG org.apache.pdfbox.pdmodel.PDDocumentCatalog.getAcroForm(PDDocumentCatalog.java:138) AcroForm content has already been retrieved with fixes applied - original content changed because of that 
29 Apr 2024 18:33:06,420 DEBUG org.apache.pdfbox.pdmodel.PDDocumentCatalog.getAcroForm(PDDocumentCatalog.java:138) AcroForm content has already been retrieved with fixes applied - original content changed because of that 
29 Apr 2024 18:33:06,816 DEBUG com.mchange.v2.log.slf4j.Slf4jMLog$Slf4jMLogger$DebugLogger.log(Slf4jMLog.java:204) MBean: com.mchange.v2.c3p0:type=PooledDataSource,identityToken=z8kfsxb3bhohlp19ct62n|5e8ddf6d,name=z8kfsxb3bhohlp19ct62n|5e8ddf6d registered. 
29 Apr 2024 18:33:06,995 DEBUG com.mchange.v2.log.slf4j.Slf4jMLog$Slf4jMLogger$DebugLogger.log(Slf4jMLog.java:204) MBean: com.mchange.v2.c3p0:type=PooledDataSource,identityToken=z8kfsxb3bhohlp19ct62n|5e8ddf6d,name=z8kfsxb3bhohlp19ct62n|5e8ddf6d unregistered, in order to be reregistered after update. 
29 Apr 2024 18:33:06,995 DEBUG com.mchange.v2.log.slf4j.Slf4jMLog$Slf4jMLogger$DebugLogger.log(Slf4jMLog.java:204) MBean: com.mchange.v2.c3p0:type=PooledDataSource,identityToken=z8kfsxb3bhohlp19ct62n|5e8ddf6d,name=z8kfsxb3bhohlp19ct62n|5e8ddf6d registered. 
29 Apr 2024 18:33:07,052 INFO com.mchange.v2.log.slf4j.Slf4jMLog$Slf4jMLogger$InfoLogger.log(Slf4jMLog.java:212) Initializing c3p0 pool... com.mchange.v2.c3p0.PoolBackedDataSource@6bc805be [ connectionPoolDataSource -> com.mchange.v2.c3p0.WrapperConnectionPoolDataSource@41e6f1c6 [ acquireIncrement -> 3, acquireRetryAttempts -> 30, acquireRetryDelay -> 1000, autoCommitOnClose -> false, automaticTestTable -> null, breakAfterAcquireFailure -> false, checkoutTimeout -> 0, connectionCustomizerClassName -> null, connectionTesterClassName -> com.mchange.v2.c3p0.impl.DefaultConnectionTester, contextClassLoaderSource -> caller, debugUnreturnedConnectionStackTraces -> false, factoryClassLocation -> null, forceIgnoreUnresolvedTransactions -> false, forceSynchronousCheckins -> false, identityToken -> z8kfsxb3bhohlp19ct62n|3e6052fa, idleConnectionTestPeriod -> 0, initialPoolSize -> 1, maxAdministrativeTaskTime -> 0, maxConnectionAge -> 0, maxIdleTime -> 0, maxIdleTimeExcessConnections -> 0, maxPoolSize -> 10, maxStatements -> 0, maxStatementsPerConnection -> 0, minPoolSize -> 1, nestedDataSource -> com.mchange.v2.c3p0.DriverManagerDataSource@dcbe4112 [ description -> null, driverClass -> null, factoryClassLocation -> null, forceUseNamedDriverClass -> false, identityToken -> z8kfsxb3bhohlp19ct62n|588337d, jdbcUrl -> jdbc:h2:mem:docs, properties -> {password=******, user=******} ], preferredTestQuery -> null, privilegeSpawnedThreads -> false, propertyCycle -> 0, statementCacheNumDeferredCloseThreads -> 0, testConnectionOnCheckin -> false, testConnectionOnCheckout -> false, unreturnedConnectionTimeout -> 0, usesTraditionalReflectiveProxies -> false; userOverrides: {} ], dataSourceName -> null, extensions -> {}, factoryClassLocation -> null, identityToken -> z8kfsxb3bhohlp19ct62n|5e8ddf6d, numHelperThreads -> 3 ] 
29 Apr 2024 18:33:07,053 DEBUG com.mchange.v2.log.slf4j.Slf4jMLog$Slf4jMLogger$DebugLogger.log(Slf4jMLog.java:204) com.mchange.v2.resourcepool.BasicResourcePool@1ab17588 config: [start -> 1; min -> 1; max -> 10; inc -> 3; num_acq_attempts -> 30; acq_attempt_delay -> 1000; check_idle_resources_delay -> 0; max_resource_age -> 0; max_idle_time -> 0; excess_max_idle_time -> 0; destroy_unreturned_resc_time -> 0; expiration_enforcement_delay -> 0; break_on_acquisition_failure -> false; debug_store_checkout_exceptions -> false; force_synchronous_checkins -> false] 
29 Apr 2024 18:33:07,053 DEBUG com.mchange.v2.log.slf4j.Slf4jMLog$Slf4jMLogger$DebugLogger.log(Slf4jMLog.java:204) Created new pool for auth, username (masked): 'sa******'. 
29 Apr 2024 18:33:07,053 DEBUG com.mchange.v2.log.slf4j.Slf4jMLog$Slf4jMLogger$DebugLogger.log(Slf4jMLog.java:204) acquire test -- pool size: 0; target_pool_size: 1; desired target? 1 
29 Apr 2024 18:33:07,054 DEBUG com.mchange.v2.log.slf4j.Slf4jMLog$Slf4jMLogger$DebugLogger.log(Slf4jMLog.java:204) awaitAvailable(): [unknown] 
29 Apr 2024 18:33:11,109 DEBUG org.apache.pdfbox.io.ScratchFile.enlarge(ScratchFile.java:246) file: /tmp/PDFBox2874712999068773119.tmp 
29 Apr 2024 18:33:11,110 DEBUG org.apache.pdfbox.io.ScratchFile.enlarge(ScratchFile.java:247) fileLen before: 0, raf length: 0, file length: 0 
29 Apr 2024 18:33:11,110 DEBUG org.apache.pdfbox.io.ScratchFile.enlarge(ScratchFile.java:255) fileLen after1: 65536, raf length: 65536, file length: 65536 
29 Apr 2024 18:33:11,110 DEBUG org.apache.pdfbox.io.ScratchFile.enlarge(ScratchFile.java:246) file: /tmp/PDFBox2874712999068773119.tmp 
29 Apr 2024 18:33:11,110 DEBUG org.apache.pdfbox.io.ScratchFile.enlarge(ScratchFile.java:247) fileLen before: 65536, raf length: 65536, file length: 65536 
29 Apr 2024 18:33:11,110 DEBUG org.apache.pdfbox.io.ScratchFile.enlarge(ScratchFile.java:255) fileLen after1: 131072, raf length: 131072, file length: 131072 
29 Apr 2024 18:33:11,294 DEBUG org.apache.pdfbox.io.ScratchFile.enlarge(ScratchFile.java:246) file: /tmp/PDFBox2874712999068773119.tmp 
29 Apr 2024 18:33:11,294 DEBUG org.apache.pdfbox.io.ScratchFile.enlarge(ScratchFile.java:247) fileLen before: 131072, raf length: 131072, file length: 131072 
29 Apr 2024 18:33:11,294 DEBUG org.apache.pdfbox.io.ScratchFile.enlarge(ScratchFile.java:255) fileLen after1: 196608, raf length: 196608, file length: 196608 
29 Apr 2024 18:33:11,486 DEBUG org.apache.pdfbox.io.ScratchFile.enlarge(ScratchFile.java:246) file: /tmp/PDFBox2874712999068773119.tmp 
29 Apr 2024 18:33:11,486 DEBUG org.apache.pdfbox.io.ScratchFile.enlarge(ScratchFile.java:247) fileLen before: 196608, raf length: 196608, file length: 196608 
29 Apr 2024 18:33:11,487 DEBUG org.apache.pdfbox.io.ScratchFile.enlarge(ScratchFile.java:255) fileLen after1: 262144, raf length: 262144, file length: 262144 
29 Apr 2024 18:33:11,487 DEBUG org.apache.pdfbox.io.ScratchFile.enlarge(ScratchFile.java:246) file: /tmp/PDFBox2874712999068773119.tmp 
29 Apr 2024 18:33:11,487 DEBUG org.apache.pdfbox.io.ScratchFile.enlarge(ScratchFile.java:247) fileLen before: 262144, raf length: 262144, file length: 262144 
29 Apr 2024 18:33:11,487 DEBUG org.apache.pdfbox.io.ScratchFile.enlarge(ScratchFile.java:255) fileLen after1: 327680, raf length: 327680, file length: 327680 
29 Apr 2024 18:33:11,664 DEBUG org.apache.pdfbox.io.ScratchFile.enlarge(ScratchFile.java:246) file: /tmp/PDFBox2874712999068773119.tmp 
29 Apr 2024 18:33:11,664 DEBUG org.apache.pdfbox.io.ScratchFile.enlarge(ScratchFile.java:247) fileLen before: 327680, raf length: 327680, file length: 327680 
29 Apr 2024 18:33:11,664 DEBUG org.apache.pdfbox.io.ScratchFile.enlarge(ScratchFile.java:255) fileLen after1: 393216, raf length: 393216, file length: 393216 
29 Apr 2024 18:33:11,664 DEBUG org.apache.pdfbox.io.ScratchFile.enlarge(ScratchFile.java:246) file: /tmp/PDFBox2874712999068773119.tmp 
29 Apr 2024 18:33:11,665 DEBUG org.apache.pdfbox.io.ScratchFile.enlarge(ScratchFile.java:247) fileLen before: 393216, raf length: 393216, file length: 393216 
29 Apr 2024 18:33:11,665 DEBUG org.apache.pdfbox.io.ScratchFile.enlarge(ScratchFile.java:255) fileLen after1: 458752, raf length: 458752, file length: 458752 
29 Apr 2024 18:33:11,849 DEBUG org.apache.pdfbox.io.ScratchFile.enlarge(ScratchFile.java:246) file: /tmp/PDFBox2874712999068773119.tmp 
29 Apr 2024 18:33:11,850 DEBUG org.apache.pdfbox.io.ScratchFile.enlarge(ScratchFile.java:247) fileLen before: 458752, raf length: 458752, file length: 458752 
29 Apr 2024 18:33:11,850 DEBUG org.apache.pdfbox.io.ScratchFile.enlarge(ScratchFile.java:255) fileLen after1: 524288, raf length: 524288, file length: 524288 
29 Apr 2024 18:33:11,850 DEBUG org.apache.pdfbox.io.ScratchFile.enlarge(ScratchFile.java:246) file: /tmp/PDFBox2874712999068773119.tmp 
29 Apr 2024 18:33:11,850 DEBUG org.apache.pdfbox.io.ScratchFile.enlarge(ScratchFile.java:247) fileLen before: 524288, raf length: 524288, file length: 524288 
29 Apr 2024 18:33:11,850 DEBUG org.apache.pdfbox.io.ScratchFile.enlarge(ScratchFile.java:255) fileLen after1: 589824, raf length: 589824, file length: 589824 
29 Apr 2024 18:33:12,044 DEBUG org.apache.pdfbox.io.ScratchFile.enlarge(ScratchFile.java:246) file: /tmp/PDFBox2874712999068773119.tmp 
29 Apr 2024 18:33:12,044 DEBUG org.apache.pdfbox.io.ScratchFile.enlarge(ScratchFile.java:247) fileLen before: 589824, raf length: 589824, file length: 589824 
29 Apr 2024 18:33:12,045 DEBUG org.apache.pdfbox.io.ScratchFile.enlarge(ScratchFile.java:255) fileLen after1: 655360, raf length: 655360, file length: 655360 
29 Apr 2024 18:33:12,246 DEBUG org.apache.pdfbox.io.ScratchFile.enlarge(ScratchFile.java:246) file: /tmp/PDFBox2874712999068773119.tmp 
29 Apr 2024 18:33:12,246 DEBUG org.apache.pdfbox.io.ScratchFile.enlarge(ScratchFile.java:247) fileLen before: 655360, raf length: 655360, file length: 655360 
29 Apr 2024 18:33:12,246 DEBUG org.apache.pdfbox.io.ScratchFile.enlarge(ScratchFile.java:255) fileLen after1: 720896, raf length: 720896, file length: 720896 
29 Apr 2024 18:33:12,246 DEBUG org.apache.pdfbox.io.ScratchFile.enlarge(ScratchFile.java:246) file: /tmp/PDFBox2874712999068773119.tmp 
29 Apr 2024 18:33:12,246 DEBUG org.apache.pdfbox.io.ScratchFile.enlarge(ScratchFile.java:247) fileLen before: 720896, raf length: 720896, file length: 720896 
29 Apr 2024 18:33:12,246 DEBUG org.apache.pdfbox.io.ScratchFile.enlarge(ScratchFile.java:255) fileLen after1: 786432, raf length: 786432, file length: 786432 
29 Apr 2024 18:33:12,464 DEBUG org.apache.pdfbox.io.ScratchFile.enlarge(ScratchFile.java:246) file: /tmp/PDFBox2874712999068773119.tmp 
29 Apr 2024 18:33:12,465 DEBUG org.apache.pdfbox.io.ScratchFile.enlarge(ScratchFile.java:247) fileLen before: 786432, raf length: 786432, file length: 786432 
29 Apr 2024 18:33:12,465 DEBUG org.apache.pdfbox.io.ScratchFile.enlarge(ScratchFile.java:255) fileLen after1: 851968, raf length: 851968, file length: 851968 
29 Apr 2024 18:33:12,465 DEBUG org.apache.pdfbox.io.ScratchFile.enlarge(ScratchFile.java:246) file: /tmp/PDFBox2874712999068773119.tmp 
29 Apr 2024 18:33:12,465 DEBUG org.apache.pdfbox.io.ScratchFile.enlarge(ScratchFile.java:247) fileLen before: 851968, raf length: 851968, file length: 851968 
29 Apr 2024 18:33:12,465 DEBUG org.apache.pdfbox.io.ScratchFile.enlarge(ScratchFile.java:255) fileLen after1: 917504, raf length: 917504, file length: 917504 
29 Apr 2024 18:33:12,658 DEBUG org.apache.pdfbox.io.ScratchFile.enlarge(ScratchFile.java:246) file: /tmp/PDFBox2874712999068773119.tmp 
29 Apr 2024 18:33:12,658 DEBUG org.apache.pdfbox.io.ScratchFile.enlarge(ScratchFile.java:247) fileLen before: 917504, raf length: 917504, file length: 917504 
29 Apr 2024 18:33:12,658 DEBUG org.apache.pdfbox.io.ScratchFile.enlarge(ScratchFile.java:255) fileLen after1: 983040, raf length: 983040, file length: 983040 
29 Apr 2024 18:33:12,833 DEBUG org.apache.pdfbox.io.ScratchFile.enlarge(ScratchFile.java:246) file: /tmp/PDFBox2874712999068773119.tmp 
29 Apr 2024 18:33:12,834 DEBUG org.apache.pdfbox.io.ScratchFile.enlarge(ScratchFile.java:247) fileLen before: 983040, raf length: 983040, file length: 983040 
29 Apr 2024 18:33:12,834 DEBUG org.apache.pdfbox.io.ScratchFile.enlarge(ScratchFile.java:255) fileLen after1: 1048576, raf length: 1048576, file length: 1048576 
29 Apr 2024 18:33:12,834 DEBUG org.apache.pdfbox.io.ScratchFile.enlarge(ScratchFile.java:246) file: /tmp/PDFBox2874712999068773119.tmp 
29 Apr 2024 18:33:12,834 DEBUG org.apache.pdfbox.io.ScratchFile.enlarge(ScratchFile.java:247) fileLen before: 1048576, raf length: 1048576, file length: 1048576 
29 Apr 2024 18:33:12,834 DEBUG org.apache.pdfbox.io.ScratchFile.enlarge(ScratchFile.java:255) fileLen after1: 1114112, raf length: 1114112, file length: 1114112 
Hibernate: select config0_.CFG_ID_C as cfg_id_c1_5_0_, config0_.CFG_VALUE_C as cfg_valu2_5_0_ from T_CONFIG config0_ where config0_.CFG_ID_C=?
29 Apr 2024 18:33:13,106 DEBUG org.apache.pdfbox.io.ScratchFile.enlarge(ScratchFile.java:246) file: /tmp/PDFBox2874712999068773119.tmp 
29 Apr 2024 18:33:13,106 DEBUG org.apache.pdfbox.io.ScratchFile.enlarge(ScratchFile.java:247) fileLen before: 1114112, raf length: 1114112, file length: 1114112 
29 Apr 2024 18:33:13,106 DEBUG org.apache.pdfbox.io.ScratchFile.enlarge(ScratchFile.java:255) fileLen after1: 1179648, raf length: 1179648, file length: 1179648 
29 Apr 2024 18:33:13,106 DEBUG org.apache.pdfbox.io.ScratchFile.enlarge(ScratchFile.java:246) file: /tmp/PDFBox2874712999068773119.tmp 
29 Apr 2024 18:33:13,106 DEBUG org.apache.pdfbox.io.ScratchFile.enlarge(ScratchFile.java:247) fileLen before: 1179648, raf length: 1179648, file length: 1179648 
29 Apr 2024 18:33:13,106 DEBUG org.apache.pdfbox.io.ScratchFile.enlarge(ScratchFile.java:255) fileLen after1: 1245184, raf length: 1245184, file length: 1245184 
29 Apr 2024 18:33:13,295 DEBUG org.apache.pdfbox.io.ScratchFile.enlarge(ScratchFile.java:246) file: /tmp/PDFBox2874712999068773119.tmp 
29 Apr 2024 18:33:13,295 DEBUG org.apache.pdfbox.io.ScratchFile.enlarge(ScratchFile.java:247) fileLen before: 1245184, raf length: 1245184, file length: 1245184 
29 Apr 2024 18:33:13,295 DEBUG org.apache.pdfbox.io.ScratchFile.enlarge(ScratchFile.java:255) fileLen after1: 1310720, raf length: 1310720, file length: 1310720 
29 Apr 2024 18:33:13,295 DEBUG org.apache.pdfbox.io.ScratchFile.enlarge(ScratchFile.java:246) file: /tmp/PDFBox2874712999068773119.tmp 
29 Apr 2024 18:33:13,295 DEBUG org.apache.pdfbox.io.ScratchFile.enlarge(ScratchFile.java:247) fileLen before: 1310720, raf length: 1310720, file length: 1310720 
29 Apr 2024 18:33:13,295 DEBUG org.apache.pdfbox.io.ScratchFile.enlarge(ScratchFile.java:255) fileLen after1: 1376256, raf length: 1376256, file length: 1376256 
29 Apr 2024 18:33:13,494 DEBUG org.apache.pdfbox.io.ScratchFile.enlarge(ScratchFile.java:246) file: /tmp/PDFBox2874712999068773119.tmp 
29 Apr 2024 18:33:13,494 DEBUG org.apache.pdfbox.io.ScratchFile.enlarge(ScratchFile.java:247) fileLen before: 1376256, raf length: 1376256, file length: 1376256 
29 Apr 2024 18:33:13,494 DEBUG org.apache.pdfbox.io.ScratchFile.enlarge(ScratchFile.java:255) fileLen after1: 1441792, raf length: 1441792, file length: 1441792 
29 Apr 2024 18:33:13,673 DEBUG org.apache.pdfbox.io.ScratchFile.enlarge(ScratchFile.java:246) file: /tmp/PDFBox2874712999068773119.tmp 
29 Apr 2024 18:33:13,674 DEBUG org.apache.pdfbox.io.ScratchFile.enlarge(ScratchFile.java:247) fileLen before: 1441792, raf length: 1441792, file length: 1441792 
29 Apr 2024 18:33:13,674 DEBUG org.apache.pdfbox.io.ScratchFile.enlarge(ScratchFile.java:255) fileLen after1: 1507328, raf length: 1507328, file length: 1507328 
29 Apr 2024 18:33:13,674 DEBUG org.apache.pdfbox.io.ScratchFile.enlarge(ScratchFile.java:246) file: /tmp/PDFBox2874712999068773119.tmp 
29 Apr 2024 18:33:13,674 DEBUG org.apache.pdfbox.io.ScratchFile.enlarge(ScratchFile.java:247) fileLen before: 1507328, raf length: 1507328, file length: 1507328 
29 Apr 2024 18:33:13,674 DEBUG org.apache.pdfbox.io.ScratchFile.enlarge(ScratchFile.java:255) fileLen after1: 1572864, raf length: 1572864, file length: 1572864 
29 Apr 2024 18:33:13,868 DEBUG org.apache.pdfbox.io.ScratchFile.enlarge(ScratchFile.java:246) file: /tmp/PDFBox2874712999068773119.tmp 
29 Apr 2024 18:33:13,868 DEBUG org.apache.pdfbox.io.ScratchFile.enlarge(ScratchFile.java:247) fileLen before: 1572864, raf length: 1572864, file length: 1572864 
29 Apr 2024 18:33:13,868 DEBUG org.apache.pdfbox.io.ScratchFile.enlarge(ScratchFile.java:255) fileLen after1: 1638400, raf length: 1638400, file length: 1638400 
29 Apr 2024 18:33:13,868 DEBUG org.apache.pdfbox.io.ScratchFile.enlarge(ScratchFile.java:246) file: /tmp/PDFBox2874712999068773119.tmp 
29 Apr 2024 18:33:13,868 DEBUG org.apache.pdfbox.io.ScratchFile.enlarge(ScratchFile.java:247) fileLen before: 1638400, raf length: 1638400, file length: 1638400 
29 Apr 2024 18:33:13,868 DEBUG org.apache.pdfbox.io.ScratchFile.enlarge(ScratchFile.java:255) fileLen after1: 1703936, raf length: 1703936, file length: 1703936 
29 Apr 2024 18:33:14,036 DEBUG org.apache.pdfbox.io.ScratchFile.enlarge(ScratchFile.java:246) file: /tmp/PDFBox2874712999068773119.tmp 
29 Apr 2024 18:33:14,036 DEBUG org.apache.pdfbox.io.ScratchFile.enlarge(ScratchFile.java:247) fileLen before: 1703936, raf length: 1703936, file length: 1703936 
29 Apr 2024 18:33:14,036 DEBUG org.apache.pdfbox.io.ScratchFile.enlarge(ScratchFile.java:255) fileLen after1: 1769472, raf length: 1769472, file length: 1769472 
29 Apr 2024 18:33:14,243 DEBUG org.apache.pdfbox.io.ScratchFile.enlarge(ScratchFile.java:246) file: /tmp/PDFBox2874712999068773119.tmp 
29 Apr 2024 18:33:14,243 DEBUG org.apache.pdfbox.io.ScratchFile.enlarge(ScratchFile.java:247) fileLen before: 1769472, raf length: 1769472, file length: 1769472 
29 Apr 2024 18:33:14,243 DEBUG org.apache.pdfbox.io.ScratchFile.enlarge(ScratchFile.java:255) fileLen after1: 1835008, raf length: 1835008, file length: 1835008 
29 Apr 2024 18:33:14,244 DEBUG org.apache.pdfbox.io.ScratchFile.enlarge(ScratchFile.java:246) file: /tmp/PDFBox2874712999068773119.tmp 
29 Apr 2024 18:33:14,244 DEBUG org.apache.pdfbox.io.ScratchFile.enlarge(ScratchFile.java:247) fileLen before: 1835008, raf length: 1835008, file length: 1835008 
29 Apr 2024 18:33:14,244 DEBUG org.apache.pdfbox.io.ScratchFile.enlarge(ScratchFile.java:255) fileLen after1: 1900544, raf length: 1900544, file length: 1900544 
29 Apr 2024 18:33:14,408 DEBUG org.apache.pdfbox.io.ScratchFile.enlarge(ScratchFile.java:246) file: /tmp/PDFBox2874712999068773119.tmp 
29 Apr 2024 18:33:14,408 DEBUG org.apache.pdfbox.io.ScratchFile.enlarge(ScratchFile.java:247) fileLen before: 1900544, raf length: 1900544, file length: 1900544 
29 Apr 2024 18:33:14,408 DEBUG org.apache.pdfbox.io.ScratchFile.enlarge(ScratchFile.java:255) fileLen after1: 1966080, raf length: 1966080, file length: 1966080 
29 Apr 2024 18:33:14,408 DEBUG org.apache.pdfbox.io.ScratchFile.enlarge(ScratchFile.java:246) file: /tmp/PDFBox2874712999068773119.tmp 
29 Apr 2024 18:33:14,408 DEBUG org.apache.pdfbox.io.ScratchFile.enlarge(ScratchFile.java:247) fileLen before: 1966080, raf length: 1966080, file length: 1966080 
29 Apr 2024 18:33:14,408 DEBUG org.apache.pdfbox.io.ScratchFile.enlarge(ScratchFile.java:255) fileLen after1: 2031616, raf length: 2031616, file length: 2031616 
29 Apr 2024 18:33:14,581 DEBUG org.apache.pdfbox.io.ScratchFile.enlarge(ScratchFile.java:246) file: /tmp/PDFBox2874712999068773119.tmp 
29 Apr 2024 18:33:14,581 DEBUG org.apache.pdfbox.io.ScratchFile.enlarge(ScratchFile.java:247) fileLen before: 2031616, raf length: 2031616, file length: 2031616 
29 Apr 2024 18:33:14,581 DEBUG org.apache.pdfbox.io.ScratchFile.enlarge(ScratchFile.java:255) fileLen after1: 2097152, raf length: 2097152, file length: 2097152 
29 Apr 2024 18:33:14,582 DEBUG org.apache.pdfbox.io.ScratchFile.enlarge(ScratchFile.java:246) file: /tmp/PDFBox2874712999068773119.tmp 
29 Apr 2024 18:33:14,582 DEBUG org.apache.pdfbox.io.ScratchFile.enlarge(ScratchFile.java:247) fileLen before: 2097152, raf length: 2097152, file length: 2097152 
29 Apr 2024 18:33:14,582 DEBUG org.apache.pdfbox.io.ScratchFile.enlarge(ScratchFile.java:255) fileLen after1: 2162688, raf length: 2162688, file length: 2162688 
29 Apr 2024 18:33:14,738 DEBUG org.apache.pdfbox.io.ScratchFile.enlarge(ScratchFile.java:246) file: /tmp/PDFBox2874712999068773119.tmp 
29 Apr 2024 18:33:14,738 DEBUG org.apache.pdfbox.io.ScratchFile.enlarge(ScratchFile.java:247) fileLen before: 2162688, raf length: 2162688, file length: 2162688 
29 Apr 2024 18:33:14,738 DEBUG org.apache.pdfbox.io.ScratchFile.enlarge(ScratchFile.java:255) fileLen after1: 2228224, raf length: 2228224, file length: 2228224 
29 Apr 2024 18:33:14,902 DEBUG org.apache.pdfbox.io.ScratchFile.enlarge(ScratchFile.java:246) file: /tmp/PDFBox2874712999068773119.tmp 
29 Apr 2024 18:33:14,902 DEBUG org.apache.pdfbox.io.ScratchFile.enlarge(ScratchFile.java:247) fileLen before: 2228224, raf length: 2228224, file length: 2228224 
29 Apr 2024 18:33:14,902 DEBUG org.apache.pdfbox.io.ScratchFile.enlarge(ScratchFile.java:255) fileLen after1: 2293760, raf length: 2293760, file length: 2293760 
29 Apr 2024 18:33:14,903 DEBUG org.apache.pdfbox.io.ScratchFile.enlarge(ScratchFile.java:246) file: /tmp/PDFBox2874712999068773119.tmp 
29 Apr 2024 18:33:14,903 DEBUG org.apache.pdfbox.io.ScratchFile.enlarge(ScratchFile.java:247) fileLen before: 2293760, raf length: 2293760, file length: 2293760 
29 Apr 2024 18:33:14,903 DEBUG org.apache.pdfbox.io.ScratchFile.enlarge(ScratchFile.java:255) fileLen after1: 2359296, raf length: 2359296, file length: 2359296 
29 Apr 2024 18:33:15,064 DEBUG org.apache.pdfbox.io.ScratchFile.enlarge(ScratchFile.java:246) file: /tmp/PDFBox2874712999068773119.tmp 
29 Apr 2024 18:33:15,064 DEBUG org.apache.pdfbox.io.ScratchFile.enlarge(ScratchFile.java:247) fileLen before: 2359296, raf length: 2359296, file length: 2359296 
29 Apr 2024 18:33:15,064 DEBUG org.apache.pdfbox.io.ScratchFile.enlarge(ScratchFile.java:255) fileLen after1: 2424832, raf length: 2424832, file length: 2424832 
29 Apr 2024 18:33:15,065 DEBUG org.apache.pdfbox.io.ScratchFile.enlarge(ScratchFile.java:246) file: /tmp/PDFBox2874712999068773119.tmp 
29 Apr 2024 18:33:15,065 DEBUG org.apache.pdfbox.io.ScratchFile.enlarge(ScratchFile.java:247) fileLen before: 2424832, raf length: 2424832, file length: 2424832 
29 Apr 2024 18:33:15,065 DEBUG org.apache.pdfbox.io.ScratchFile.enlarge(ScratchFile.java:255) fileLen after1: 2490368, raf length: 2490368, file length: 2490368 
29 Apr 2024 18:33:15,219 DEBUG org.apache.pdfbox.io.ScratchFile.enlarge(ScratchFile.java:246) file: /tmp/PDFBox2874712999068773119.tmp 
29 Apr 2024 18:33:15,220 DEBUG org.apache.pdfbox.io.ScratchFile.enlarge(ScratchFile.java:247) fileLen before: 2490368, raf length: 2490368, file length: 2490368 
29 Apr 2024 18:33:15,220 DEBUG org.apache.pdfbox.io.ScratchFile.enlarge(ScratchFile.java:255) fileLen after1: 2555904, raf length: 2555904, file length: 2555904 
29 Apr 2024 18:33:15,376 DEBUG org.apache.pdfbox.io.ScratchFile.enlarge(ScratchFile.java:246) file: /tmp/PDFBox2874712999068773119.tmp 
29 Apr 2024 18:33:15,376 DEBUG org.apache.pdfbox.io.ScratchFile.enlarge(ScratchFile.java:247) fileLen before: 2555904, raf length: 2555904, file length: 2555904 
29 Apr 2024 18:33:15,376 DEBUG org.apache.pdfbox.io.ScratchFile.enlarge(ScratchFile.java:255) fileLen after1: 2621440, raf length: 2621440, file length: 2621440 
29 Apr 2024 18:33:15,376 DEBUG org.apache.pdfbox.io.ScratchFile.enlarge(ScratchFile.java:246) file: /tmp/PDFBox2874712999068773119.tmp 
29 Apr 2024 18:33:15,377 DEBUG org.apache.pdfbox.io.ScratchFile.enlarge(ScratchFile.java:247) fileLen before: 2621440, raf length: 2621440, file length: 2621440 
29 Apr 2024 18:33:15,377 DEBUG org.apache.pdfbox.io.ScratchFile.enlarge(ScratchFile.java:255) fileLen after1: 2686976, raf length: 2686976, file length: 2686976 
29 Apr 2024 18:33:15,525 DEBUG org.apache.pdfbox.io.ScratchFile.enlarge(ScratchFile.java:246) file: /tmp/PDFBox2874712999068773119.tmp 
29 Apr 2024 18:33:15,525 DEBUG org.apache.pdfbox.io.ScratchFile.enlarge(ScratchFile.java:247) fileLen before: 2686976, raf length: 2686976, file length: 2686976 
29 Apr 2024 18:33:15,525 DEBUG org.apache.pdfbox.io.ScratchFile.enlarge(ScratchFile.java:255) fileLen after1: 2752512, raf length: 2752512, file length: 2752512 
29 Apr 2024 18:33:15,704 DEBUG org.apache.pdfbox.io.ScratchFile.enlarge(ScratchFile.java:246) file: /tmp/PDFBox2874712999068773119.tmp 
29 Apr 2024 18:33:15,705 DEBUG org.apache.pdfbox.io.ScratchFile.enlarge(ScratchFile.java:247) fileLen before: 2752512, raf length: 2752512, file length: 2752512 
29 Apr 2024 18:33:15,705 DEBUG org.apache.pdfbox.io.ScratchFile.enlarge(ScratchFile.java:255) fileLen after1: 2818048, raf length: 2818048, file length: 2818048 
29 Apr 2024 18:33:15,705 DEBUG org.apache.pdfbox.io.ScratchFile.enlarge(ScratchFile.java:246) file: /tmp/PDFBox2874712999068773119.tmp 
29 Apr 2024 18:33:15,705 DEBUG org.apache.pdfbox.io.ScratchFile.enlarge(ScratchFile.java:247) fileLen before: 2818048, raf length: 2818048, file length: 2818048 
29 Apr 2024 18:33:15,705 DEBUG org.apache.pdfbox.io.ScratchFile.enlarge(ScratchFile.java:255) fileLen after1: 2883584, raf length: 2883584, file length: 2883584 
29 Apr 2024 18:33:15,885 DEBUG org.apache.pdfbox.io.ScratchFile.enlarge(ScratchFile.java:246) file: /tmp/PDFBox2874712999068773119.tmp 
29 Apr 2024 18:33:15,885 DEBUG org.apache.pdfbox.io.ScratchFile.enlarge(ScratchFile.java:247) fileLen before: 2883584, raf length: 2883584, file length: 2883584 
29 Apr 2024 18:33:15,885 DEBUG org.apache.pdfbox.io.ScratchFile.enlarge(ScratchFile.java:255) fileLen after1: 2949120, raf length: 2949120, file length: 2949120 
29 Apr 2024 18:33:15,885 DEBUG org.apache.pdfbox.io.ScratchFile.enlarge(ScratchFile.java:246) file: /tmp/PDFBox2874712999068773119.tmp 
29 Apr 2024 18:33:15,885 DEBUG org.apache.pdfbox.io.ScratchFile.enlarge(ScratchFile.java:247) fileLen before: 2949120, raf length: 2949120, file length: 2949120 
29 Apr 2024 18:33:15,885 DEBUG org.apache.pdfbox.io.ScratchFile.enlarge(ScratchFile.java:255) fileLen after1: 3014656, raf length: 3014656, file length: 3014656 
29 Apr 2024 18:33:16,092 DEBUG org.apache.pdfbox.io.ScratchFile.enlarge(ScratchFile.java:246) file: /tmp/PDFBox2874712999068773119.tmp 
29 Apr 2024 18:33:16,092 DEBUG org.apache.pdfbox.io.ScratchFile.enlarge(ScratchFile.java:247) fileLen before: 3014656, raf length: 3014656, file length: 3014656 
29 Apr 2024 18:33:16,092 DEBUG org.apache.pdfbox.io.ScratchFile.enlarge(ScratchFile.java:255) fileLen after1: 3080192, raf length: 3080192, file length: 3080192 
29 Apr 2024 18:33:16,092 DEBUG org.apache.pdfbox.io.ScratchFile.enlarge(ScratchFile.java:246) file: /tmp/PDFBox2874712999068773119.tmp 
29 Apr 2024 18:33:16,093 DEBUG org.apache.pdfbox.io.ScratchFile.enlarge(ScratchFile.java:247) fileLen before: 3080192, raf length: 3080192, file length: 3080192 
29 Apr 2024 18:33:16,093 DEBUG org.apache.pdfbox.io.ScratchFile.enlarge(ScratchFile.java:255) fileLen after1: 3145728, raf length: 3145728, file length: 3145728 
29 Apr 2024 18:33:16,229 DEBUG org.apache.pdfbox.io.ScratchFile.enlarge(ScratchFile.java:246) file: /tmp/PDFBox2874712999068773119.tmp 
29 Apr 2024 18:33:16,229 DEBUG org.apache.pdfbox.io.ScratchFile.enlarge(ScratchFile.java:247) fileLen before: 3145728, raf length: 3145728, file length: 3145728 
29 Apr 2024 18:33:16,229 DEBUG org.apache.pdfbox.io.ScratchFile.enlarge(ScratchFile.java:255) fileLen after1: 3211264, raf length: 3211264, file length: 3211264 
29 Apr 2024 18:33:16,230 DEBUG org.apache.pdfbox.io.ScratchFile.enlarge(ScratchFile.java:246) file: /tmp/PDFBox2874712999068773119.tmp 
29 Apr 2024 18:33:16,230 DEBUG org.apache.pdfbox.io.ScratchFile.enlarge(ScratchFile.java:247) fileLen before: 3211264, raf length: 3211264, file length: 3211264 
29 Apr 2024 18:33:16,230 DEBUG org.apache.pdfbox.io.ScratchFile.enlarge(ScratchFile.java:255) fileLen after1: 3276800, raf length: 3276800, file length: 3276800 
29 Apr 2024 18:33:16,396 DEBUG org.apache.pdfbox.io.ScratchFile.enlarge(ScratchFile.java:246) file: /tmp/PDFBox2874712999068773119.tmp 
29 Apr 2024 18:33:16,397 DEBUG org.apache.pdfbox.io.ScratchFile.enlarge(ScratchFile.java:247) fileLen before: 3276800, raf length: 3276800, file length: 3276800 
29 Apr 2024 18:33:16,397 DEBUG org.apache.pdfbox.io.ScratchFile.enlarge(ScratchFile.java:255) fileLen after1: 3342336, raf length: 3342336, file length: 3342336 
29 Apr 2024 18:33:16,536 DEBUG org.apache.pdfbox.io.ScratchFile.enlarge(ScratchFile.java:246) file: /tmp/PDFBox2874712999068773119.tmp 
29 Apr 2024 18:33:16,537 DEBUG org.apache.pdfbox.io.ScratchFile.enlarge(ScratchFile.java:247) fileLen before: 3342336, raf length: 3342336, file length: 3342336 
29 Apr 2024 18:33:16,537 DEBUG org.apache.pdfbox.io.ScratchFile.enlarge(ScratchFile.java:255) fileLen after1: 3407872, raf length: 3407872, file length: 3407872 
29 Apr 2024 18:33:16,537 DEBUG org.apache.pdfbox.io.ScratchFile.enlarge(ScratchFile.java:246) file: /tmp/PDFBox2874712999068773119.tmp 
29 Apr 2024 18:33:16,537 DEBUG org.apache.pdfbox.io.ScratchFile.enlarge(ScratchFile.java:247) fileLen before: 3407872, raf length: 3407872, file length: 3407872 
29 Apr 2024 18:33:16,537 DEBUG org.apache.pdfbox.io.ScratchFile.enlarge(ScratchFile.java:255) fileLen after1: 3473408, raf length: 3473408, file length: 3473408 
29 Apr 2024 18:33:16,693 DEBUG org.apache.pdfbox.io.ScratchFile.enlarge(ScratchFile.java:246) file: /tmp/PDFBox2874712999068773119.tmp 
29 Apr 2024 18:33:16,693 DEBUG org.apache.pdfbox.io.ScratchFile.enlarge(ScratchFile.java:247) fileLen before: 3473408, raf length: 3473408, file length: 3473408 
29 Apr 2024 18:33:16,693 DEBUG org.apache.pdfbox.io.ScratchFile.enlarge(ScratchFile.java:255) fileLen after1: 3538944, raf length: 3538944, file length: 3538944 
29 Apr 2024 18:33:16,694 DEBUG org.apache.pdfbox.io.ScratchFile.enlarge(ScratchFile.java:246) file: /tmp/PDFBox2874712999068773119.tmp 
29 Apr 2024 18:33:16,694 DEBUG org.apache.pdfbox.io.ScratchFile.enlarge(ScratchFile.java:247) fileLen before: 3538944, raf length: 3538944, file length: 3538944 
29 Apr 2024 18:33:16,694 DEBUG org.apache.pdfbox.io.ScratchFile.enlarge(ScratchFile.java:255) fileLen after1: 3604480, raf length: 3604480, file length: 3604480 
29 Apr 2024 18:33:16,823 DEBUG org.apache.pdfbox.io.ScratchFile.enlarge(ScratchFile.java:246) file: /tmp/PDFBox2874712999068773119.tmp 
29 Apr 2024 18:33:16,823 DEBUG org.apache.pdfbox.io.ScratchFile.enlarge(ScratchFile.java:247) fileLen before: 3604480, raf length: 3604480, file length: 3604480 
29 Apr 2024 18:33:16,823 DEBUG org.apache.pdfbox.io.ScratchFile.enlarge(ScratchFile.java:255) fileLen after1: 3670016, raf length: 3670016, file length: 3670016 
29 Apr 2024 18:33:16,963 DEBUG org.apache.pdfbox.io.ScratchFile.enlarge(ScratchFile.java:246) file: /tmp/PDFBox2874712999068773119.tmp 
29 Apr 2024 18:33:16,963 DEBUG org.apache.pdfbox.io.ScratchFile.enlarge(ScratchFile.java:247) fileLen before: 3670016, raf length: 3670016, file length: 3670016 
29 Apr 2024 18:33:16,963 DEBUG org.apache.pdfbox.io.ScratchFile.enlarge(ScratchFile.java:255) fileLen after1: 3735552, raf length: 3735552, file length: 3735552 
29 Apr 2024 18:33:16,963 DEBUG org.apache.pdfbox.io.ScratchFile.enlarge(ScratchFile.java:246) file: /tmp/PDFBox2874712999068773119.tmp 
29 Apr 2024 18:33:16,963 DEBUG org.apache.pdfbox.io.ScratchFile.enlarge(ScratchFile.java:247) fileLen before: 3735552, raf length: 3735552, file length: 3735552 
29 Apr 2024 18:33:16,963 DEBUG org.apache.pdfbox.io.ScratchFile.enlarge(ScratchFile.java:255) fileLen after1: 3801088, raf length: 3801088, file length: 3801088 
]]></system-out>
    <system-err><![CDATA[Apr 29, 2024 6:33:06 PM org.odftoolkit.odfdom.pkg.OdfXMLFactory newOdfAttribute
INFO: None-ODF attribute created for loext:contextual-spacing
Apr 29, 2024 6:33:06 PM org.odftoolkit.odfdom.pkg.OdfXMLFactory newOdfAttribute
INFO: None-ODF attribute created for loext:contextual-spacing
Apr 29, 2024 6:33:06 PM org.odftoolkit.odfdom.pkg.OdfXMLFactory newOdfAttribute
INFO: None-ODF attribute created for loext:contextual-spacing
Apr 29, 2024 6:33:06 PM org.odftoolkit.odfdom.pkg.OdfXMLFactory newOdfAttribute
INFO: None-ODF attribute created for loext:contextual-spacing
Apr 29, 2024 6:33:06 PM org.odftoolkit.odfdom.pkg.OdfXMLFactory newOdfAttribute
INFO: None-ODF attribute created for loext:contextual-spacing
Apr 29, 2024 6:33:06 PM org.odftoolkit.odfdom.pkg.OdfXMLFactory newOdfAttribute
INFO: None-ODF attribute created for loext:contextual-spacing
Apr 29, 2024 6:33:06 PM org.odftoolkit.odfdom.pkg.OdfXMLFactory newOdfAttribute
INFO: None-ODF attribute created for loext:contextual-spacing
Apr 29, 2024 6:33:06 PM org.odftoolkit.odfdom.pkg.OdfXMLFactory newOdfAttribute
INFO: None-ODF attribute created for loext:contextual-spacing
Apr 29, 2024 6:33:06 PM org.odftoolkit.odfdom.pkg.OdfXMLFactory newOdfAttribute
INFO: None-ODF attribute created for officeooo:rsid
Apr 29, 2024 6:33:06 PM org.odftoolkit.odfdom.pkg.OdfXMLFactory newOdfAttribute
INFO: None-ODF attribute created for officeooo:paragraph-rsid
]]></system-err>
  </testcase>
  <testcase name="extractContentPdf" classname="com.sismics.docs.core.util.TestFileUtil" time="0.066">
    <system-out><![CDATA[29 Apr 2024 18:33:17,080 DEBUG org.apache.fontbox.ttf.PostScriptTable.read(PostScriptTable.java:170) No PostScript name information is provided for the font DGCDAO+ArialUnicodeMS 
29 Apr 2024 18:33:17,083 WARN org.apache.pdfbox.pdmodel.font.PDSimpleFont.toUnicode(PDSimpleFont.java:301) No Unicode mapping for 3 (32) in font DGCDAO+ArialUnicodeMS 
29 Apr 2024 18:33:17,083 WARN org.apache.pdfbox.pdmodel.font.PDSimpleFont.toUnicode(PDSimpleFont.java:301) No Unicode mapping for 56 (85) in font DGCDAO+ArialUnicodeMS 
29 Apr 2024 18:33:17,084 WARN org.apache.pdfbox.pdmodel.font.PDSimpleFont.toUnicode(PDSimpleFont.java:301) No Unicode mapping for 81 (110) in font DGCDAO+ArialUnicodeMS 
29 Apr 2024 18:33:17,084 WARN org.apache.pdfbox.pdmodel.font.PDSimpleFont.toUnicode(PDSimpleFont.java:301) No Unicode mapping for 76 (105) in font DGCDAO+ArialUnicodeMS 
29 Apr 2024 18:33:17,084 WARN org.apache.pdfbox.pdmodel.font.PDSimpleFont.toUnicode(PDSimpleFont.java:301) No Unicode mapping for 89 (118) in font DGCDAO+ArialUnicodeMS 
29 Apr 2024 18:33:17,084 WARN org.apache.pdfbox.pdmodel.font.PDSimpleFont.toUnicode(PDSimpleFont.java:301) No Unicode mapping for 72 (101) in font DGCDAO+ArialUnicodeMS 
29 Apr 2024 18:33:17,084 WARN org.apache.pdfbox.pdmodel.font.PDSimpleFont.toUnicode(PDSimpleFont.java:301) No Unicode mapping for 85 (114) in font DGCDAO+ArialUnicodeMS 
29 Apr 2024 18:33:17,085 WARN org.apache.pdfbox.pdmodel.font.PDSimpleFont.toUnicode(PDSimpleFont.java:301) No Unicode mapping for 86 (115) in font DGCDAO+ArialUnicodeMS 
29 Apr 2024 18:33:17,085 WARN org.apache.pdfbox.pdmodel.font.PDSimpleFont.toUnicode(PDSimpleFont.java:301) No Unicode mapping for 68 (97) in font DGCDAO+ArialUnicodeMS 
29 Apr 2024 18:33:17,085 WARN org.apache.pdfbox.pdmodel.font.PDSimpleFont.toUnicode(PDSimpleFont.java:301) No Unicode mapping for 79 (108) in font DGCDAO+ArialUnicodeMS 
29 Apr 2024 18:33:17,085 WARN org.apache.pdfbox.pdmodel.font.PDSimpleFont.toUnicode(PDSimpleFont.java:301) No Unicode mapping for 39 (68) in font DGCDAO+ArialUnicodeMS 
29 Apr 2024 18:33:17,085 WARN org.apache.pdfbox.pdmodel.font.PDSimpleFont.toUnicode(PDSimpleFont.java:301) No Unicode mapping for 70 (99) in font DGCDAO+ArialUnicodeMS 
29 Apr 2024 18:33:17,085 WARN org.apache.pdfbox.pdmodel.font.PDSimpleFont.toUnicode(PDSimpleFont.java:301) No Unicode mapping for 87 (116) in font DGCDAO+ArialUnicodeMS 
29 Apr 2024 18:33:17,085 WARN org.apache.pdfbox.pdmodel.font.PDSimpleFont.toUnicode(PDSimpleFont.java:301) No Unicode mapping for 82 (111) in font DGCDAO+ArialUnicodeMS 
29 Apr 2024 18:33:17,085 WARN org.apache.pdfbox.pdmodel.font.PDSimpleFont.toUnicode(PDSimpleFont.java:301) No Unicode mapping for 73 (102) in font DGCDAO+ArialUnicodeMS 
29 Apr 2024 18:33:17,085 WARN org.apache.pdfbox.pdmodel.font.PDSimpleFont.toUnicode(PDSimpleFont.java:301) No Unicode mapping for 43 (72) in font DGCDAO+ArialUnicodeMS 
29 Apr 2024 18:33:17,085 WARN org.apache.pdfbox.pdmodel.font.PDSimpleFont.toUnicode(PDSimpleFont.java:301) No Unicode mapping for 88 (117) in font DGCDAO+ArialUnicodeMS 
29 Apr 2024 18:33:17,085 WARN org.apache.pdfbox.pdmodel.font.PDSimpleFont.toUnicode(PDSimpleFont.java:301) No Unicode mapping for 80 (109) in font DGCDAO+ArialUnicodeMS 
29 Apr 2024 18:33:17,086 WARN org.apache.pdfbox.pdmodel.font.PDSimpleFont.toUnicode(PDSimpleFont.java:301) No Unicode mapping for 53 (82) in font DGCDAO+ArialUnicodeMS 
29 Apr 2024 18:33:17,086 WARN org.apache.pdfbox.pdmodel.font.PDSimpleFont.toUnicode(PDSimpleFont.java:301) No Unicode mapping for 74 (103) in font DGCDAO+ArialUnicodeMS 
29 Apr 2024 18:33:17,086 WARN org.apache.pdfbox.pdmodel.font.PDSimpleFont.toUnicode(PDSimpleFont.java:301) No Unicode mapping for 75 (104) in font DGCDAO+ArialUnicodeMS 
29 Apr 2024 18:33:17,086 WARN org.apache.pdfbox.pdmodel.font.PDSimpleFont.toUnicode(PDSimpleFont.java:301) No Unicode mapping for 51 (80) in font DGCDAO+ArialUnicodeMS 
29 Apr 2024 18:33:17,086 WARN org.apache.pdfbox.pdmodel.font.PDSimpleFont.toUnicode(PDSimpleFont.java:301) No Unicode mapping for 69 (98) in font DGCDAO+ArialUnicodeMS 
29 Apr 2024 18:33:17,086 WARN org.apache.pdfbox.pdmodel.font.PDSimpleFont.toUnicode(PDSimpleFont.java:301) No Unicode mapping for 58 (87) in font DGCDAO+ArialUnicodeMS 
29 Apr 2024 18:33:17,087 WARN org.apache.pdfbox.pdmodel.font.PDSimpleFont.toUnicode(PDSimpleFont.java:301) No Unicode mapping for 71 (100) in font DGCDAO+ArialUnicodeMS 
29 Apr 2024 18:33:17,087 WARN org.apache.pdfbox.pdmodel.font.PDSimpleFont.toUnicode(PDSimpleFont.java:301) No Unicode mapping for 92 (121) in font DGCDAO+ArialUnicodeMS 
29 Apr 2024 18:33:17,088 WARN org.apache.pdfbox.pdmodel.font.PDSimpleFont.toUnicode(PDSimpleFont.java:301) No Unicode mapping for 84 (113) in font DGCDAO+ArialUnicodeMS 
29 Apr 2024 18:33:17,089 WARN org.apache.pdfbox.pdmodel.font.PDSimpleFont.toUnicode(PDSimpleFont.java:301) No Unicode mapping for 15 (44) in font DGCDAO+ArialUnicodeMS 
29 Apr 2024 18:33:17,090 WARN org.apache.pdfbox.pdmodel.font.PDSimpleFont.toUnicode(PDSimpleFont.java:301) No Unicode mapping for 77 (106) in font DGCDAO+ArialUnicodeMS 
29 Apr 2024 18:33:17,090 WARN org.apache.pdfbox.pdmodel.font.PDSimpleFont.toUnicode(PDSimpleFont.java:301) No Unicode mapping for 83 (112) in font DGCDAO+ArialUnicodeMS 
29 Apr 2024 18:33:17,090 WARN org.apache.pdfbox.pdmodel.font.PDSimpleFont.toUnicode(PDSimpleFont.java:301) No Unicode mapping for 90 (119) in font DGCDAO+ArialUnicodeMS 
29 Apr 2024 18:33:17,093 WARN org.apache.pdfbox.pdmodel.font.PDSimpleFont.toUnicode(PDSimpleFont.java:301) No Unicode mapping for 78 (107) in font DGCDAO+ArialUnicodeMS 
29 Apr 2024 18:33:17,097 WARN org.apache.pdfbox.pdmodel.font.PDSimpleFont.toUnicode(PDSimpleFont.java:301) No Unicode mapping for 49 (78) in font DGCDAO+ArialUnicodeMS 
29 Apr 2024 18:33:17,097 WARN org.apache.pdfbox.pdmodel.font.PDSimpleFont.toUnicode(PDSimpleFont.java:301) No Unicode mapping for 38 (67) in font DGCDAO+ArialUnicodeMS 
29 Apr 2024 18:33:17,100 WARN org.apache.pdfbox.pdmodel.font.PDSimpleFont.toUnicode(PDSimpleFont.java:301) No Unicode mapping for 48 (77) in font DGCDAO+ArialUnicodeMS 
29 Apr 2024 18:33:17,100 WARN org.apache.pdfbox.pdmodel.font.PDSimpleFont.toUnicode(PDSimpleFont.java:301) No Unicode mapping for 54 (83) in font DGCDAO+ArialUnicodeMS 
29 Apr 2024 18:33:17,101 WARN org.apache.pdfbox.pdmodel.font.PDSimpleFont.toUnicode(PDSimpleFont.java:301) No Unicode mapping for 93 (122) in font DGCDAO+ArialUnicodeMS 
29 Apr 2024 18:33:17,101 WARN org.apache.pdfbox.pdmodel.font.PDSimpleFont.toUnicode(PDSimpleFont.java:301) No Unicode mapping for 55 (84) in font DGCDAO+ArialUnicodeMS 
29 Apr 2024 18:33:17,101 WARN org.apache.pdfbox.pdmodel.font.PDSimpleFont.toUnicode(PDSimpleFont.java:301) No Unicode mapping for 42 (71) in font DGCDAO+ArialUnicodeMS 
29 Apr 2024 18:33:17,102 WARN org.apache.pdfbox.pdmodel.font.PDSimpleFont.toUnicode(PDSimpleFont.java:301) No Unicode mapping for 36 (65) in font DGCDAO+ArialUnicodeMS 
29 Apr 2024 18:33:17,107 WARN org.apache.pdfbox.pdmodel.font.PDSimpleFont.toUnicode(PDSimpleFont.java:301) No Unicode mapping for 17 (46) in font DGCDAO+ArialUnicodeMS 
29 Apr 2024 18:33:17,107 WARN org.apache.pdfbox.pdmodel.font.PDSimpleFont.toUnicode(PDSimpleFont.java:301) No Unicode mapping for 44 (73) in font DGCDAO+ArialUnicodeMS 
29 Apr 2024 18:33:17,107 WARN org.apache.pdfbox.pdmodel.font.PDSimpleFont.toUnicode(PDSimpleFont.java:301) No Unicode mapping for 21 (50) in font DGCDAO+ArialUnicodeMS 
29 Apr 2024 18:33:17,108 WARN org.apache.pdfbox.pdmodel.font.PDSimpleFont.toUnicode(PDSimpleFont.java:301) No Unicode mapping for 40 (69) in font DGCDAO+ArialUnicodeMS 
29 Apr 2024 18:33:17,108 WARN org.apache.pdfbox.pdmodel.font.PDSimpleFont.toUnicode(PDSimpleFont.java:301) No Unicode mapping for 91 (120) in font DGCDAO+ArialUnicodeMS 
29 Apr 2024 18:33:17,108 WARN org.apache.pdfbox.pdmodel.font.PDSimpleFont.toUnicode(PDSimpleFont.java:301) No Unicode mapping for 41 (70) in font DGCDAO+ArialUnicodeMS 
29 Apr 2024 18:33:17,109 WARN org.apache.pdfbox.pdmodel.font.PDSimpleFont.toUnicode(PDSimpleFont.java:301) No Unicode mapping for 16 (45) in font DGCDAO+ArialUnicodeMS 
29 Apr 2024 18:33:17,109 WARN org.apache.pdfbox.pdmodel.font.PDSimpleFont.toUnicode(PDSimpleFont.java:301) No Unicode mapping for 22 (51) in font DGCDAO+ArialUnicodeMS 
29 Apr 2024 18:33:17,109 WARN org.apache.pdfbox.pdmodel.font.PDSimpleFont.toUnicode(PDSimpleFont.java:301) No Unicode mapping for 23 (52) in font DGCDAO+ArialUnicodeMS 
29 Apr 2024 18:33:17,109 WARN org.apache.pdfbox.pdmodel.font.PDSimpleFont.toUnicode(PDSimpleFont.java:301) No Unicode mapping for 30 (59) in font DGCDAO+ArialUnicodeMS 
29 Apr 2024 18:33:17,110 WARN org.apache.pdfbox.pdmodel.font.PDSimpleFont.toUnicode(PDSimpleFont.java:301) No Unicode mapping for 24 (53) in font DGCDAO+ArialUnicodeMS 
29 Apr 2024 18:33:17,111 WARN org.apache.pdfbox.pdmodel.font.PDSimpleFont.toUnicode(PDSimpleFont.java:301) No Unicode mapping for 25 (54) in font DGCDAO+ArialUnicodeMS 
29 Apr 2024 18:33:17,112 WARN org.apache.pdfbox.pdmodel.font.PDSimpleFont.toUnicode(PDSimpleFont.java:301) No Unicode mapping for 26 (55) in font DGCDAO+ArialUnicodeMS 
29 Apr 2024 18:33:17,112 WARN org.apache.pdfbox.pdmodel.font.PDSimpleFont.toUnicode(PDSimpleFont.java:301) No Unicode mapping for 27 (56) in font DGCDAO+ArialUnicodeMS 
29 Apr 2024 18:33:17,113 WARN org.apache.pdfbox.pdmodel.font.PDSimpleFont.toUnicode(PDSimpleFont.java:301) No Unicode mapping for 28 (57) in font DGCDAO+ArialUnicodeMS 
29 Apr 2024 18:33:17,113 WARN org.apache.pdfbox.pdmodel.font.PDSimpleFont.toUnicode(PDSimpleFont.java:301) No Unicode mapping for 20 (49) in font DGCDAO+ArialUnicodeMS 
29 Apr 2024 18:33:17,113 WARN org.apache.pdfbox.pdmodel.font.PDSimpleFont.toUnicode(PDSimpleFont.java:301) No Unicode mapping for 19 (48) in font DGCDAO+ArialUnicodeMS 
]]></system-out>
  </testcase>
  <testcase name="extractContentScannedPdf" classname="com.sismics.docs.core.util.TestFileUtil" time="8.884">
    <system-out><![CDATA[29 Apr 2024 18:33:17,242 INFO com.sismics.docs.core.util.format.PdfFormatHandler.extractContent(PdfFormatHandler.java:62) OCR page 1/3 of PDF file containing only images 
29 Apr 2024 18:33:18,603 DEBUG org.apache.pdfbox.io.ScratchFileBuffer.finalize(ScratchFileBuffer.java:520) ScratchFileBuffer not closed! 
29 Apr 2024 18:33:18,603 DEBUG org.apache.pdfbox.io.ScratchFileBuffer.finalize(ScratchFileBuffer.java:520) ScratchFileBuffer not closed! 
29 Apr 2024 18:33:18,604 DEBUG org.apache.pdfbox.io.ScratchFileBuffer.finalize(ScratchFileBuffer.java:520) ScratchFileBuffer not closed! 
29 Apr 2024 18:33:18,604 DEBUG org.apache.pdfbox.io.ScratchFileBuffer.finalize(ScratchFileBuffer.java:520) ScratchFileBuffer not closed! 
29 Apr 2024 18:33:18,604 DEBUG org.apache.pdfbox.io.ScratchFileBuffer.finalize(ScratchFileBuffer.java:520) ScratchFileBuffer not closed! 
29 Apr 2024 18:33:18,604 DEBUG org.apache.pdfbox.io.ScratchFileBuffer.finalize(ScratchFileBuffer.java:520) ScratchFileBuffer not closed! 
29 Apr 2024 18:33:18,604 DEBUG org.apache.pdfbox.io.ScratchFileBuffer.finalize(ScratchFileBuffer.java:520) ScratchFileBuffer not closed! 
29 Apr 2024 18:33:18,604 DEBUG org.apache.pdfbox.io.ScratchFileBuffer.finalize(ScratchFileBuffer.java:520) ScratchFileBuffer not closed! 
29 Apr 2024 18:33:18,604 DEBUG org.apache.pdfbox.io.ScratchFileBuffer.finalize(ScratchFileBuffer.java:520) ScratchFileBuffer not closed! 
29 Apr 2024 18:33:18,604 DEBUG org.apache.pdfbox.io.ScratchFileBuffer.finalize(ScratchFileBuffer.java:520) ScratchFileBuffer not closed! 
29 Apr 2024 18:33:18,604 DEBUG org.apache.pdfbox.io.ScratchFileBuffer.finalize(ScratchFileBuffer.java:520) ScratchFileBuffer not closed! 
29 Apr 2024 18:33:18,604 DEBUG org.apache.pdfbox.io.ScratchFileBuffer.finalize(ScratchFileBuffer.java:520) ScratchFileBuffer not closed! 
29 Apr 2024 18:33:21,094 INFO com.sismics.docs.core.util.format.PdfFormatHandler.extractContent(PdfFormatHandler.java:62) OCR page 2/3 of PDF file containing only images 
29 Apr 2024 18:33:22,227 DEBUG org.apache.pdfbox.io.ScratchFileBuffer.finalize(ScratchFileBuffer.java:520) ScratchFileBuffer not closed! 
29 Apr 2024 18:33:23,643 INFO com.sismics.docs.core.util.format.PdfFormatHandler.extractContent(PdfFormatHandler.java:62) OCR page 3/3 of PDF file containing only images 
29 Apr 2024 18:33:24,396 DEBUG org.apache.pdfbox.io.ScratchFileBuffer.finalize(ScratchFileBuffer.java:520) ScratchFileBuffer not closed! 
]]></system-out>
  </testcase>
</testsuite>