<?xml version="1.0" encoding="UTF-8"?>
<testsuite xmlns:xsi="http://www.w3.org/2001/XMLSchema-instance" xsi:noNamespaceSchemaLocation="https://maven.apache.org/surefire/maven-surefire-plugin/xsd/surefire-test-report-3.0.xsd" version="3.0" name="com.sismics.docs.rest.TestDocumentResource" time="270.102" tests="9" errors="0" skipped="0" failures="1">
  <properties>
    <property name="awt.toolkit" value="sun.awt.X11.XToolkit"/>
    <property name="java.specification.version" value="11"/>
    <property name="sun.cpu.isalist" value=""/>
    <property name="sun.jnu.encoding" value="UTF-8"/>
    <property name="java.class.path" value="/mnt/d/2024SPRING/Software/Teedy/docs-web/target/test-classes:/mnt/d/2024SPRING/Software/Teedy/docs-web/target/classes:/mnt/d/2024SPRING/Software/Teedy/docs-core/target/classes:/mnt/d/program_files/apache-maven-3.9.5-bin/maven-repo/org/hibernate/hibernate-core/5.4.27.Final/hibernate-core-5.4.27.Final.jar:/mnt/d/program_files/apache-maven-3.9.5-bin/maven-repo/org/jboss/logging/jboss-logging/3.4.1.Final/jboss-logging-3.4.1.Final.jar:/mnt/d/program_files/apache-maven-3.9.5-bin/maven-repo/javax/persistence/javax.persistence-api/2.2/javax.persistence-api-2.2.jar:/mnt/d/program_files/apache-maven-3.9.5-bin/maven-repo/net/bytebuddy/byte-buddy/1.10.17/byte-buddy-1.10.17.jar:/mnt/d/program_files/apache-maven-3.9.5-bin/maven-repo/antlr/antlr/2.7.7/antlr-2.7.7.jar:/mnt/d/program_files/apache-maven-3.9.5-bin/maven-repo/org/jboss/spec/javax/transaction/jboss-transaction-api_1.2_spec/1.1.1.Final/jboss-transaction-api_1.2_spec-1.1.1.Final.jar:/mnt/d/program_files/apache-maven-3.9.5-bin/maven-repo/org/jboss/jandex/2.1.3.Final/jandex-2.1.3.Final.jar:/mnt/d/program_files/apache-maven-3.9.5-bin/maven-repo/com/fasterxml/classmate/1.5.1/classmate-1.5.1.jar:/mnt/d/program_files/apache-maven-3.9.5-bin/maven-repo/javax/activation/javax.activation-api/1.2.0/javax.activation-api-1.2.0.jar:/mnt/d/program_files/apache-maven-3.9.5-bin/maven-repo/org/dom4j/dom4j/2.1.3/dom4j-2.1.3.jar:/mnt/d/program_files/apache-maven-3.9.5-bin/maven-repo/org/hibernate/common/hibernate-commons-annotations/5.1.2.Final/hibernate-commons-annotations-5.1.2.Final.jar:/mnt/d/program_files/apache-maven-3.9.5-bin/maven-repo/org/glassfish/jaxb/jaxb-runtime/2.3.1/jaxb-runtime-2.3.1.jar:/mnt/d/program_files/apache-maven-3.9.5-bin/maven-repo/org/glassfish/jaxb/txw2/2.3.1/txw2-2.3.1.jar:/mnt/d/program_files/apache-maven-3.9.5-bin/maven-repo/com/sun/istack/istack-commons-runtime/3.0.7/istack-commons-runtime-3.0.7.jar:/mnt/d/program_files/apache-maven-3.9.5-bin/maven-repo/org/jvnet/staxex/stax-ex/1.8/stax-ex-1.8.jar:/mnt/d/program_files/apache-maven-3.9.5-bin/maven-repo/com/sun/xml/fastinfoset/FastInfoset/1.2.15/FastInfoset-1.2.15.jar:/mnt/d/program_files/apache-maven-3.9.5-bin/maven-repo/org/hibernate/hibernate-entitymanager/5.4.27.Final/hibernate-entitymanager-5.4.27.Final.jar:/mnt/d/program_files/apache-maven-3.9.5-bin/maven-repo/org/hibernate/hibernate-c3p0/5.4.27.Final/hibernate-c3p0-5.4.27.Final.jar:/mnt/d/program_files/apache-maven-3.9.5-bin/maven-repo/com/mchange/c3p0/0.9.5.5/c3p0-0.9.5.5.jar:/mnt/d/program_files/apache-maven-3.9.5-bin/maven-repo/com/mchange/mchange-commons-java/0.2.19/mchange-commons-java-0.2.19.jar:/mnt/d/program_files/apache-maven-3.9.5-bin/maven-repo/org/apache/commons/commons-compress/1.18/commons-compress-1.18.jar:/mnt/d/program_files/apache-maven-3.9.5-bin/maven-repo/org/apache/commons/commons-email/1.5/commons-email-1.5.jar:/mnt/d/program_files/apache-maven-3.9.5-bin/maven-repo/org/freemarker/freemarker/2.3.30/freemarker-2.3.30.jar:/mnt/d/program_files/apache-maven-3.9.5-bin/maven-repo/org/glassfish/javax.json/1.1.4/javax.json-1.1.4.jar:/mnt/d/program_files/apache-maven-3.9.5-bin/maven-repo/org/jsoup/jsoup/1.13.1/jsoup-1.13.1.jar:/mnt/d/program_files/apache-maven-3.9.5-bin/maven-repo/org/slf4j/slf4j-log4j12/1.7.30/slf4j-log4j12-1.7.30.jar:/mnt/d/program_files/apache-maven-3.9.5-bin/maven-repo/org/slf4j/slf4j-api/1.7.30/slf4j-api-1.7.30.jar:/mnt/d/program_files/apache-maven-3.9.5-bin/maven-repo/org/slf4j/jcl-over-slf4j/1.7.30/jcl-over-slf4j-1.7.30.jar:/mnt/d/program_files/apache-maven-3.9.5-bin/maven-repo/at/favre/lib/bcrypt/0.9.0/bcrypt-0.9.0.jar:/mnt/d/program_files/apache-maven-3.9.5-bin/maven-repo/at/favre/lib/bytes/1.3.0/bytes-1.3.0.jar:/mnt/d/program_files/apache-maven-3.9.5-bin/maven-repo/org/apache/lucene/lucene-core/8.7.0/lucene-core-8.7.0.jar:/mnt/d/program_files/apache-maven-3.9.5-bin/maven-repo/org/apache/lucene/lucene-analyzers-common/8.7.0/lucene-analyzers-common-8.7.0.jar:/mnt/d/program_files/apache-maven-3.9.5-bin/maven-repo/org/apache/lucene/lucene-queryparser/8.7.0/lucene-queryparser-8.7.0.jar:/mnt/d/program_files/apache-maven-3.9.5-bin/maven-repo/org/apache/lucene/lucene-queries/8.7.0/lucene-queries-8.7.0.jar:/mnt/d/program_files/apache-maven-3.9.5-bin/maven-repo/org/apache/lucene/lucene-sandbox/8.7.0/lucene-sandbox-8.7.0.jar:/mnt/d/program_files/apache-maven-3.9.5-bin/maven-repo/org/apache/lucene/lucene-suggest/8.7.0/lucene-suggest-8.7.0.jar:/mnt/d/program_files/apache-maven-3.9.5-bin/maven-repo/org/apache/lucene/lucene-highlighter/8.7.0/lucene-highlighter-8.7.0.jar:/mnt/d/program_files/apache-maven-3.9.5-bin/maven-repo/org/apache/lucene/lucene-memory/8.7.0/lucene-memory-8.7.0.jar:/mnt/d/program_files/apache-maven-3.9.5-bin/maven-repo/com/sun/mail/javax.mail/1.6.2/javax.mail-1.6.2.jar:/mnt/d/program_files/apache-maven-3.9.5-bin/maven-repo/javax/activation/activation/1.1/activation-1.1.jar:/mnt/d/program_files/apache-maven-3.9.5-bin/maven-repo/com/squareup/okhttp3/okhttp/4.9.0/okhttp-4.9.0.jar:/mnt/d/program_files/apache-maven-3.9.5-bin/maven-repo/com/squareup/okio/okio/2.8.0/okio-2.8.0.jar:/mnt/d/program_files/apache-maven-3.9.5-bin/maven-repo/org/jetbrains/kotlin/kotlin-stdlib-common/1.4.0/kotlin-stdlib-common-1.4.0.jar:/mnt/d/program_files/apache-maven-3.9.5-bin/maven-repo/org/jetbrains/kotlin/kotlin-stdlib/1.4.10/kotlin-stdlib-1.4.10.jar:/mnt/d/program_files/apache-maven-3.9.5-bin/maven-repo/org/jetbrains/annotations/13.0/annotations-13.0.jar:/mnt/d/program_files/apache-maven-3.9.5-bin/maven-repo/org/apache/directory/api/api-all/2.0.1/api-all-2.0.1.jar:/mnt/d/program_files/apache-maven-3.9.5-bin/maven-repo/org/apache/servicemix/bundles/org.apache.servicemix.bundles.xpp3/1.1.4c_7/org.apache.servicemix.bundles.xpp3-1.1.4c_7.jar:/mnt/d/program_files/apache-maven-3.9.5-bin/maven-repo/org/apache/servicemix/bundles/org.apache.servicemix.bundles.dom4j/2.1.1_1/org.apache.servicemix.bundles.dom4j-2.1.1_1.jar:/mnt/d/program_files/apache-maven-3.9.5-bin/maven-repo/org/apache/commons/commons-pool2/2.8.0/commons-pool2-2.8.0.jar:/mnt/d/program_files/apache-maven-3.9.5-bin/maven-repo/org/apache/mina/mina-core/2.1.3/mina-core-2.1.3.jar:/mnt/d/program_files/apache-maven-3.9.5-bin/maven-repo/org/apache/commons/commons-lang3/3.9/commons-lang3-3.9.jar:/mnt/d/program_files/apache-maven-3.9.5-bin/maven-repo/org/apache/commons/commons-collections4/4.4/commons-collections4-4.4.jar:/mnt/d/program_files/apache-maven-3.9.5-bin/maven-repo/org/apache/servicemix/bundles/org.apache.servicemix.bundles.antlr/2.7.7_5/org.apache.servicemix.bundles.antlr-2.7.7_5.jar:/mnt/d/program_files/apache-maven-3.9.5-bin/maven-repo/commons-codec/commons-codec/1.14/commons-codec-1.14.jar:/mnt/d/program_files/apache-maven-3.9.5-bin/maven-repo/org/apache/lucene/lucene-backward-codecs/8.7.0/lucene-backward-codecs-8.7.0.jar:/mnt/d/program_files/apache-maven-3.9.5-bin/maven-repo/org/imgscalr/imgscalr-lib/4.2/imgscalr-lib-4.2.jar:/mnt/d/program_files/apache-maven-3.9.5-bin/maven-repo/org/apache/pdfbox/pdfbox/2.0.22/pdfbox-2.0.22.jar:/mnt/d/program_files/apache-maven-3.9.5-bin/maven-repo/org/apache/pdfbox/fontbox/2.0.22/fontbox-2.0.22.jar:/mnt/d/program_files/apache-maven-3.9.5-bin/maven-repo/org/bouncycastle/bcprov-jdk15on/1.68/bcprov-jdk15on-1.68.jar:/mnt/d/program_files/apache-maven-3.9.5-bin/maven-repo/fr/opensagres/xdocreport/fr.opensagres.odfdom.converter.pdf/2.0.2/fr.opensagres.odfdom.converter.pdf-2.0.2.jar:/mnt/d/program_files/apache-maven-3.9.5-bin/maven-repo/fr/opensagres/xdocreport/fr.opensagres.odfdom.converter.core/2.0.2/fr.opensagres.odfdom.converter.core-2.0.2.jar:/mnt/d/program_files/apache-maven-3.9.5-bin/maven-repo/org/odftoolkit/odfdom-java/0.8.7/odfdom-java-0.8.7.jar:/mnt/d/program_files/apache-maven-3.9.5-bin/maven-repo/xerces/xercesImpl/2.9.1/xercesImpl-2.9.1.jar:/mnt/d/program_files/apache-maven-3.9.5-bin/maven-repo/xml-apis/xml-apis/1.3.04/xml-apis-1.3.04.jar:/mnt/d/program_files/apache-maven-3.9.5-bin/maven-repo/fr/opensagres/xdocreport/fr.opensagres.xdocreport.itext.extension/2.0.2/fr.opensagres.xdocreport.itext.extension-2.0.2.jar:/mnt/d/program_files/apache-maven-3.9.5-bin/maven-repo/com/lowagie/itext/2.1.7/itext-2.1.7.jar:/mnt/d/program_files/apache-maven-3.9.5-bin/maven-repo/fr/opensagres/xdocreport/fr.opensagres.poi.xwpf.converter.pdf/2.0.2/fr.opensagres.poi.xwpf.converter.pdf-2.0.2.jar:/mnt/d/program_files/apache-maven-3.9.5-bin/maven-repo/fr/opensagres/xdocreport/fr.opensagres.poi.xwpf.converter.core/2.0.2/fr.opensagres.poi.xwpf.converter.core-2.0.2.jar:/mnt/d/program_files/apache-maven-3.9.5-bin/maven-repo/org/apache/poi/poi-ooxml/4.0.1/poi-ooxml-4.0.1.jar:/mnt/d/program_files/apache-maven-3.9.5-bin/maven-repo/org/apache/poi/poi/4.0.1/poi-4.0.1.jar:/mnt/d/program_files/apache-maven-3.9.5-bin/maven-repo/org/apache/commons/commons-math3/3.6.1/commons-math3-3.6.1.jar:/mnt/d/program_files/apache-maven-3.9.5-bin/maven-repo/com/github/virtuald/curvesapi/1.05/curvesapi-1.05.jar:/mnt/d/program_files/apache-maven-3.9.5-bin/maven-repo/org/apache/poi/ooxml-schemas/1.4/ooxml-schemas-1.4.jar:/mnt/d/program_files/apache-maven-3.9.5-bin/maven-repo/org/apache/xmlbeans/xmlbeans/3.0.1/xmlbeans-3.0.1.jar:/mnt/d/program_files/apache-maven-3.9.5-bin/maven-repo/com/twelvemonkeys/imageio/imageio-jpeg/3.6.2/imageio-jpeg-3.6.2.jar:/mnt/d/program_files/apache-maven-3.9.5-bin/maven-repo/com/twelvemonkeys/imageio/imageio-core/3.6.2/imageio-core-3.6.2.jar:/mnt/d/program_files/apache-maven-3.9.5-bin/maven-repo/com/twelvemonkeys/imageio/imageio-metadata/3.6.2/imageio-metadata-3.6.2.jar:/mnt/d/program_files/apache-maven-3.9.5-bin/maven-repo/com/twelvemonkeys/imageio/imageio-tiff/3.6.2/imageio-tiff-3.6.2.jar:/mnt/d/program_files/apache-maven-3.9.5-bin/maven-repo/com/github/jai-imageio/jai-imageio-jpeg2000/1.4.0/jai-imageio-jpeg2000-1.4.0.jar:/mnt/d/program_files/apache-maven-3.9.5-bin/maven-repo/com/github/jai-imageio/jai-imageio-core/1.4.0/jai-imageio-core-1.4.0.jar:/mnt/d/program_files/apache-maven-3.9.5-bin/maven-repo/com/levigo/jbig2/levigo-jbig2-imageio/2.0/levigo-jbig2-imageio-2.0.jar:/mnt/d/program_files/apache-maven-3.9.5-bin/maven-repo/org/postgresql/postgresql/42.2.18/postgresql-42.2.18.jar:/mnt/d/program_files/apache-maven-3.9.5-bin/maven-repo/javax/xml/bind/jaxb-api/2.3.0/jaxb-api-2.3.0.jar:/mnt/d/program_files/apache-maven-3.9.5-bin/maven-repo/com/sun/xml/bind/jaxb-core/2.3.0/jaxb-core-2.3.0.jar:/mnt/d/program_files/apache-maven-3.9.5-bin/maven-repo/com/sun/xml/bind/jaxb-impl/2.3.0/jaxb-impl-2.3.0.jar:/mnt/d/2024SPRING/Software/Teedy/docs-web-common/target/classes:/mnt/d/program_files/apache-maven-3.9.5-bin/maven-repo/org/slf4j/jul-to-slf4j/1.7.30/jul-to-slf4j-1.7.30.jar:/mnt/d/program_files/apache-maven-3.9.5-bin/maven-repo/org/glassfish/jersey/containers/jersey-container-servlet/2.33/jersey-container-servlet-2.33.jar:/mnt/d/program_files/apache-maven-3.9.5-bin/maven-repo/org/glassfish/jersey/containers/jersey-container-servlet-core/2.33/jersey-container-servlet-core-2.33.jar:/mnt/d/program_files/apache-maven-3.9.5-bin/maven-repo/org/glassfish/hk2/external/jakarta.inject/2.6.1/jakarta.inject-2.6.1.jar:/mnt/d/program_files/apache-maven-3.9.5-bin/maven-repo/org/glassfish/jersey/core/jersey-common/2.33/jersey-common-2.33.jar:/mnt/d/program_files/apache-maven-3.9.5-bin/maven-repo/jakarta/annotation/jakarta.annotation-api/1.3.5/jakarta.annotation-api-1.3.5.jar:/mnt/d/program_files/apache-maven-3.9.5-bin/maven-repo/org/glassfish/hk2/osgi-resource-locator/1.0.3/osgi-resource-locator-1.0.3.jar:/mnt/d/program_files/apache-maven-3.9.5-bin/maven-repo/org/glassfish/jersey/core/jersey-server/2.33/jersey-server-2.33.jar:/mnt/d/program_files/apache-maven-3.9.5-bin/maven-repo/org/glassfish/jersey/core/jersey-client/2.33/jersey-client-2.33.jar:/mnt/d/program_files/apache-maven-3.9.5-bin/maven-repo/jakarta/validation/jakarta.validation-api/2.0.2/jakarta.validation-api-2.0.2.jar:/mnt/d/program_files/apache-maven-3.9.5-bin/maven-repo/jakarta/ws/rs/jakarta.ws.rs-api/2.1.6/jakarta.ws.rs-api-2.1.6.jar:/mnt/d/program_files/apache-maven-3.9.5-bin/maven-repo/org/glassfish/jersey/media/jersey-media-json-processing/2.33/jersey-media-json-processing-2.33.jar:/mnt/d/program_files/apache-maven-3.9.5-bin/maven-repo/org/glassfish/jakarta.json/1.1.6/jakarta.json-1.1.6.jar:/mnt/d/program_files/apache-maven-3.9.5-bin/maven-repo/org/glassfish/jsonp-jaxrs/1.1.6/jsonp-jaxrs-1.1.6.jar:/mnt/d/program_files/apache-maven-3.9.5-bin/maven-repo/org/glassfish/jersey/media/jersey-media-multipart/2.33/jersey-media-multipart-2.33.jar:/mnt/d/program_files/apache-maven-3.9.5-bin/maven-repo/org/jvnet/mimepull/mimepull/1.9.13/mimepull-1.9.13.jar:/mnt/d/program_files/apache-maven-3.9.5-bin/maven-repo/org/glassfish/jersey/inject/jersey-hk2/2.33/jersey-hk2-2.33.jar:/mnt/d/program_files/apache-maven-3.9.5-bin/maven-repo/org/glassfish/hk2/hk2-locator/2.6.1/hk2-locator-2.6.1.jar:/mnt/d/program_files/apache-maven-3.9.5-bin/maven-repo/org/glassfish/hk2/external/aopalliance-repackaged/2.6.1/aopalliance-repackaged-2.6.1.jar:/mnt/d/program_files/apache-maven-3.9.5-bin/maven-repo/org/glassfish/hk2/hk2-api/2.6.1/hk2-api-2.6.1.jar:/mnt/d/program_files/apache-maven-3.9.5-bin/maven-repo/org/glassfish/hk2/hk2-utils/2.6.1/hk2-utils-2.6.1.jar:/mnt/d/program_files/apache-maven-3.9.5-bin/maven-repo/org/javassist/javassist/3.25.0-GA/javassist-3.25.0-GA.jar:/mnt/d/program_files/apache-maven-3.9.5-bin/maven-repo/commons-lang/commons-lang/2.6/commons-lang-2.6.jar:/mnt/d/program_files/apache-maven-3.9.5-bin/maven-repo/commons-io/commons-io/2.6/commons-io-2.6.jar:/mnt/d/program_files/apache-maven-3.9.5-bin/maven-repo/com/google/guava/guava/30.1-jre/guava-30.1-jre.jar:/mnt/d/program_files/apache-maven-3.9.5-bin/maven-repo/com/google/guava/failureaccess/1.0.1/failureaccess-1.0.1.jar:/mnt/d/program_files/apache-maven-3.9.5-bin/maven-repo/com/google/guava/listenablefuture/9999.0-empty-to-avoid-conflict-with-guava/listenablefuture-9999.0-empty-to-avoid-conflict-with-guava.jar:/mnt/d/program_files/apache-maven-3.9.5-bin/maven-repo/com/google/code/findbugs/jsr305/3.0.2/jsr305-3.0.2.jar:/mnt/d/program_files/apache-maven-3.9.5-bin/maven-repo/org/checkerframework/checker-qual/3.5.0/checker-qual-3.5.0.jar:/mnt/d/program_files/apache-maven-3.9.5-bin/maven-repo/com/google/errorprone/error_prone_annotations/2.3.4/error_prone_annotations-2.3.4.jar:/mnt/d/program_files/apache-maven-3.9.5-bin/maven-repo/com/google/j2objc/j2objc-annotations/1.3/j2objc-annotations-1.3.jar:/mnt/d/program_files/apache-maven-3.9.5-bin/maven-repo/log4j/log4j/1.2.17/log4j-1.2.17.jar:/mnt/d/program_files/apache-maven-3.9.5-bin/maven-repo/commons-dbcp/commons-dbcp/1.4/commons-dbcp-1.4.jar:/mnt/d/program_files/apache-maven-3.9.5-bin/maven-repo/commons-pool/commons-pool/1.5.4/commons-pool-1.5.4.jar:/mnt/d/program_files/apache-maven-3.9.5-bin/maven-repo/javax/servlet/javax.servlet-api/4.0.1/javax.servlet-api-4.0.1.jar:/mnt/d/program_files/apache-maven-3.9.5-bin/maven-repo/joda-time/joda-time/2.10.9/joda-time-2.10.9.jar:/mnt/d/program_files/apache-maven-3.9.5-bin/maven-repo/com/h2database/h2/1.4.199/h2-1.4.199.jar:/mnt/d/program_files/apache-maven-3.9.5-bin/maven-repo/com/twelvemonkeys/servlet/servlet/3.6.2/servlet-3.6.2.jar:/mnt/d/program_files/apache-maven-3.9.5-bin/maven-repo/com/twelvemonkeys/common/common-lang/3.6.2/common-lang-3.6.2.jar:/mnt/d/program_files/apache-maven-3.9.5-bin/maven-repo/com/twelvemonkeys/common/common-io/3.6.2/common-io-3.6.2.jar:/mnt/d/program_files/apache-maven-3.9.5-bin/maven-repo/com/twelvemonkeys/common/common-image/3.6.2/common-image-3.6.2.jar:/mnt/d/2024SPRING/Software/Teedy/docs-web-common/target/test-classes:/mnt/d/program_files/apache-maven-3.9.5-bin/maven-repo/junit/junit/4.13.1/junit-4.13.1.jar:/mnt/d/program_files/apache-maven-3.9.5-bin/maven-repo/org/hamcrest/hamcrest-core/1.3/hamcrest-core-1.3.jar:/mnt/d/program_files/apache-maven-3.9.5-bin/maven-repo/org/glassfish/jersey/test-framework/providers/jersey-test-framework-provider-inmemory/2.33/jersey-test-framework-provider-inmemory-2.33.jar:/mnt/d/program_files/apache-maven-3.9.5-bin/maven-repo/org/glassfish/jersey/test-framework/providers/jersey-test-framework-provider-external/2.33/jersey-test-framework-provider-external-2.33.jar:/mnt/d/program_files/apache-maven-3.9.5-bin/maven-repo/org/glassfish/jersey/test-framework/providers/jersey-test-framework-provider-jdk-http/2.33/jersey-test-framework-provider-jdk-http-2.33.jar:/mnt/d/program_files/apache-maven-3.9.5-bin/maven-repo/org/glassfish/jersey/containers/jersey-container-jdk-http/2.33/jersey-container-jdk-http-2.33.jar:/mnt/d/program_files/apache-maven-3.9.5-bin/maven-repo/org/glassfish/jersey/test-framework/providers/jersey-test-framework-provider-simple/2.33/jersey-test-framework-provider-simple-2.33.jar:/mnt/d/program_files/apache-maven-3.9.5-bin/maven-repo/org/glassfish/jersey/containers/jersey-container-simple-http/2.33/jersey-container-simple-http-2.33.jar:/mnt/d/program_files/apache-maven-3.9.5-bin/maven-repo/org/simpleframework/simple-http/6.0.1/simple-http-6.0.1.jar:/mnt/d/program_files/apache-maven-3.9.5-bin/maven-repo/org/simpleframework/simple-transport/6.0.1/simple-transport-6.0.1.jar:/mnt/d/program_files/apache-maven-3.9.5-bin/maven-repo/org/simpleframework/simple-common/6.0.1/simple-common-6.0.1.jar:/mnt/d/program_files/apache-maven-3.9.5-bin/maven-repo/org/glassfish/jersey/test-framework/providers/jersey-test-framework-provider-jetty/2.33/jersey-test-framework-provider-jetty-2.33.jar:/mnt/d/program_files/apache-maven-3.9.5-bin/maven-repo/org/glassfish/jersey/containers/jersey-container-jetty-http/2.33/jersey-container-jetty-http-2.33.jar:/mnt/d/program_files/apache-maven-3.9.5-bin/maven-repo/org/eclipse/jetty/jetty-server/9.4.36.v20210114/jetty-server-9.4.36.v20210114.jar:/mnt/d/program_files/apache-maven-3.9.5-bin/maven-repo/org/eclipse/jetty/jetty-http/9.4.36.v20210114/jetty-http-9.4.36.v20210114.jar:/mnt/d/program_files/apache-maven-3.9.5-bin/maven-repo/org/eclipse/jetty/jetty-io/9.4.36.v20210114/jetty-io-9.4.36.v20210114.jar:/mnt/d/program_files/apache-maven-3.9.5-bin/maven-repo/org/eclipse/jetty/jetty-util/9.4.28.v20200408/jetty-util-9.4.28.v20200408.jar:/mnt/d/program_files/apache-maven-3.9.5-bin/maven-repo/org/eclipse/jetty/jetty-continuation/9.4.28.v20200408/jetty-continuation-9.4.28.v20200408.jar:/mnt/d/program_files/apache-maven-3.9.5-bin/maven-repo/org/glassfish/jersey/test-framework/providers/jersey-test-framework-provider-netty/2.33/jersey-test-framework-provider-netty-2.33.jar:/mnt/d/program_files/apache-maven-3.9.5-bin/maven-repo/org/glassfish/jersey/containers/jersey-container-netty-http/2.33/jersey-container-netty-http-2.33.jar:/mnt/d/program_files/apache-maven-3.9.5-bin/maven-repo/org/glassfish/jersey/connectors/jersey-netty-connector/2.33/jersey-netty-connector-2.33.jar:/mnt/d/program_files/apache-maven-3.9.5-bin/maven-repo/io/netty/netty-all/4.1.43.Final/netty-all-4.1.43.Final.jar:/mnt/d/program_files/apache-maven-3.9.5-bin/maven-repo/org/glassfish/jersey/test-framework/providers/jersey-test-framework-provider-grizzly2/2.33/jersey-test-framework-provider-grizzly2-2.33.jar:/mnt/d/program_files/apache-maven-3.9.5-bin/maven-repo/jakarta/servlet/jakarta.servlet-api/4.0.3/jakarta.servlet-api-4.0.3.jar:/mnt/d/program_files/apache-maven-3.9.5-bin/maven-repo/org/glassfish/jersey/test-framework/jersey-test-framework-core/2.33/jersey-test-framework-core-2.33.jar:/mnt/d/program_files/apache-maven-3.9.5-bin/maven-repo/jakarta/xml/bind/jakarta.xml.bind-api/2.3.3/jakarta.xml.bind-api-2.3.3.jar:/mnt/d/program_files/apache-maven-3.9.5-bin/maven-repo/jakarta/activation/jakarta.activation-api/1.2.2/jakarta.activation-api-1.2.2.jar:/mnt/d/program_files/apache-maven-3.9.5-bin/maven-repo/org/glassfish/jersey/media/jersey-media-jaxb/2.33/jersey-media-jaxb-2.33.jar:/mnt/d/program_files/apache-maven-3.9.5-bin/maven-repo/org/glassfish/jersey/containers/jersey-container-grizzly2-http/2.33/jersey-container-grizzly2-http-2.33.jar:/mnt/d/program_files/apache-maven-3.9.5-bin/maven-repo/org/glassfish/grizzly/grizzly-http-server/2.4.4/grizzly-http-server-2.4.4.jar:/mnt/d/program_files/apache-maven-3.9.5-bin/maven-repo/org/glassfish/grizzly/grizzly-http/2.4.4/grizzly-http-2.4.4.jar:/mnt/d/program_files/apache-maven-3.9.5-bin/maven-repo/org/glassfish/grizzly/grizzly-framework/2.4.4/grizzly-framework-2.4.4.jar:/mnt/d/program_files/apache-maven-3.9.5-bin/maven-repo/org/glassfish/jersey/containers/jersey-container-grizzly2-servlet/2.33/jersey-container-grizzly2-servlet-2.33.jar:/mnt/d/program_files/apache-maven-3.9.5-bin/maven-repo/org/glassfish/grizzly/grizzly-http-servlet/2.4.4/grizzly-http-servlet-2.4.4.jar:/mnt/d/program_files/apache-maven-3.9.5-bin/maven-repo/org/subethamail/subethasmtp-wiser/1.2/subethasmtp-wiser-1.2.jar:/mnt/d/program_files/apache-maven-3.9.5-bin/maven-repo/org/subethamail/subethasmtp-smtp/1.2/subethasmtp-smtp-1.2.jar:/mnt/d/program_files/apache-maven-3.9.5-bin/maven-repo/commons-logging/commons-logging/1.1/commons-logging-1.1.jar:/mnt/d/program_files/apache-maven-3.9.5-bin/maven-repo/logkit/logkit/1.0.1/logkit-1.0.1.jar:/mnt/d/program_files/apache-maven-3.9.5-bin/maven-repo/avalon-framework/avalon-framework/4.1.3/avalon-framework-4.1.3.jar:/mnt/d/program_files/apache-maven-3.9.5-bin/maven-repo/javax/servlet/servlet-api/2.3/servlet-api-2.3.jar:/mnt/d/program_files/apache-maven-3.9.5-bin/maven-repo/com/icegreen/greenmail/1.5.8/greenmail-1.5.8.jar:"/>
    <property name="java.vm.vendor" value="Ubuntu"/>
    <property name="sun.arch.data.model" value="64"/>
    <property name="java.vendor.url" value="https://ubuntu.com/"/>
    <property name="user.timezone" value=""/>
    <property name="java.vm.specification.version" value="11"/>
    <property name="os.name" value="Linux"/>
    <property name="sun.java.launcher" value="SUN_STANDARD"/>
    <property name="sun.boot.library.path" value="/usr/lib/jvm/java-11-openjdk-amd64/lib"/>
    <property name="sun.java.command" value="/mnt/d/2024SPRING/Software/Teedy/docs-web/target/surefire/surefirebooter10888877565461475042.jar /mnt/d/2024SPRING/Software/Teedy/docs-web/target/surefire 2024-04-29T18-31-54_946-jvmRun1 surefire1438469724072549696tmp surefire_1414214257904441258476tmp"/>
    <property name="jdk.debug" value="release"/>
    <property name="surefire.test.class.path" value="/mnt/d/2024SPRING/Software/Teedy/docs-web/target/test-classes:/mnt/d/2024SPRING/Software/Teedy/docs-web/target/classes:/mnt/d/2024SPRING/Software/Teedy/docs-core/target/classes:/mnt/d/program_files/apache-maven-3.9.5-bin/maven-repo/org/hibernate/hibernate-core/5.4.27.Final/hibernate-core-5.4.27.Final.jar:/mnt/d/program_files/apache-maven-3.9.5-bin/maven-repo/org/jboss/logging/jboss-logging/3.4.1.Final/jboss-logging-3.4.1.Final.jar:/mnt/d/program_files/apache-maven-3.9.5-bin/maven-repo/javax/persistence/javax.persistence-api/2.2/javax.persistence-api-2.2.jar:/mnt/d/program_files/apache-maven-3.9.5-bin/maven-repo/net/bytebuddy/byte-buddy/1.10.17/byte-buddy-1.10.17.jar:/mnt/d/program_files/apache-maven-3.9.5-bin/maven-repo/antlr/antlr/2.7.7/antlr-2.7.7.jar:/mnt/d/program_files/apache-maven-3.9.5-bin/maven-repo/org/jboss/spec/javax/transaction/jboss-transaction-api_1.2_spec/1.1.1.Final/jboss-transaction-api_1.2_spec-1.1.1.Final.jar:/mnt/d/program_files/apache-maven-3.9.5-bin/maven-repo/org/jboss/jandex/2.1.3.Final/jandex-2.1.3.Final.jar:/mnt/d/program_files/apache-maven-3.9.5-bin/maven-repo/com/fasterxml/classmate/1.5.1/classmate-1.5.1.jar:/mnt/d/program_files/apache-maven-3.9.5-bin/maven-repo/javax/activation/javax.activation-api/1.2.0/javax.activation-api-1.2.0.jar:/mnt/d/program_files/apache-maven-3.9.5-bin/maven-repo/org/dom4j/dom4j/2.1.3/dom4j-2.1.3.jar:/mnt/d/program_files/apache-maven-3.9.5-bin/maven-repo/org/hibernate/common/hibernate-commons-annotations/5.1.2.Final/hibernate-commons-annotations-5.1.2.Final.jar:/mnt/d/program_files/apache-maven-3.9.5-bin/maven-repo/org/glassfish/jaxb/jaxb-runtime/2.3.1/jaxb-runtime-2.3.1.jar:/mnt/d/program_files/apache-maven-3.9.5-bin/maven-repo/org/glassfish/jaxb/txw2/2.3.1/txw2-2.3.1.jar:/mnt/d/program_files/apache-maven-3.9.5-bin/maven-repo/com/sun/istack/istack-commons-runtime/3.0.7/istack-commons-runtime-3.0.7.jar:/mnt/d/program_files/apache-maven-3.9.5-bin/maven-repo/org/jvnet/staxex/stax-ex/1.8/stax-ex-1.8.jar:/mnt/d/program_files/apache-maven-3.9.5-bin/maven-repo/com/sun/xml/fastinfoset/FastInfoset/1.2.15/FastInfoset-1.2.15.jar:/mnt/d/program_files/apache-maven-3.9.5-bin/maven-repo/org/hibernate/hibernate-entitymanager/5.4.27.Final/hibernate-entitymanager-5.4.27.Final.jar:/mnt/d/program_files/apache-maven-3.9.5-bin/maven-repo/org/hibernate/hibernate-c3p0/5.4.27.Final/hibernate-c3p0-5.4.27.Final.jar:/mnt/d/program_files/apache-maven-3.9.5-bin/maven-repo/com/mchange/c3p0/0.9.5.5/c3p0-0.9.5.5.jar:/mnt/d/program_files/apache-maven-3.9.5-bin/maven-repo/com/mchange/mchange-commons-java/0.2.19/mchange-commons-java-0.2.19.jar:/mnt/d/program_files/apache-maven-3.9.5-bin/maven-repo/org/apache/commons/commons-compress/1.18/commons-compress-1.18.jar:/mnt/d/program_files/apache-maven-3.9.5-bin/maven-repo/org/apache/commons/commons-email/1.5/commons-email-1.5.jar:/mnt/d/program_files/apache-maven-3.9.5-bin/maven-repo/org/freemarker/freemarker/2.3.30/freemarker-2.3.30.jar:/mnt/d/program_files/apache-maven-3.9.5-bin/maven-repo/org/glassfish/javax.json/1.1.4/javax.json-1.1.4.jar:/mnt/d/program_files/apache-maven-3.9.5-bin/maven-repo/org/jsoup/jsoup/1.13.1/jsoup-1.13.1.jar:/mnt/d/program_files/apache-maven-3.9.5-bin/maven-repo/org/slf4j/slf4j-log4j12/1.7.30/slf4j-log4j12-1.7.30.jar:/mnt/d/program_files/apache-maven-3.9.5-bin/maven-repo/org/slf4j/slf4j-api/1.7.30/slf4j-api-1.7.30.jar:/mnt/d/program_files/apache-maven-3.9.5-bin/maven-repo/org/slf4j/jcl-over-slf4j/1.7.30/jcl-over-slf4j-1.7.30.jar:/mnt/d/program_files/apache-maven-3.9.5-bin/maven-repo/at/favre/lib/bcrypt/0.9.0/bcrypt-0.9.0.jar:/mnt/d/program_files/apache-maven-3.9.5-bin/maven-repo/at/favre/lib/bytes/1.3.0/bytes-1.3.0.jar:/mnt/d/program_files/apache-maven-3.9.5-bin/maven-repo/org/apache/lucene/lucene-core/8.7.0/lucene-core-8.7.0.jar:/mnt/d/program_files/apache-maven-3.9.5-bin/maven-repo/org/apache/lucene/lucene-analyzers-common/8.7.0/lucene-analyzers-common-8.7.0.jar:/mnt/d/program_files/apache-maven-3.9.5-bin/maven-repo/org/apache/lucene/lucene-queryparser/8.7.0/lucene-queryparser-8.7.0.jar:/mnt/d/program_files/apache-maven-3.9.5-bin/maven-repo/org/apache/lucene/lucene-queries/8.7.0/lucene-queries-8.7.0.jar:/mnt/d/program_files/apache-maven-3.9.5-bin/maven-repo/org/apache/lucene/lucene-sandbox/8.7.0/lucene-sandbox-8.7.0.jar:/mnt/d/program_files/apache-maven-3.9.5-bin/maven-repo/org/apache/lucene/lucene-suggest/8.7.0/lucene-suggest-8.7.0.jar:/mnt/d/program_files/apache-maven-3.9.5-bin/maven-repo/org/apache/lucene/lucene-highlighter/8.7.0/lucene-highlighter-8.7.0.jar:/mnt/d/program_files/apache-maven-3.9.5-bin/maven-repo/org/apache/lucene/lucene-memory/8.7.0/lucene-memory-8.7.0.jar:/mnt/d/program_files/apache-maven-3.9.5-bin/maven-repo/com/sun/mail/javax.mail/1.6.2/javax.mail-1.6.2.jar:/mnt/d/program_files/apache-maven-3.9.5-bin/maven-repo/javax/activation/activation/1.1/activation-1.1.jar:/mnt/d/program_files/apache-maven-3.9.5-bin/maven-repo/com/squareup/okhttp3/okhttp/4.9.0/okhttp-4.9.0.jar:/mnt/d/program_files/apache-maven-3.9.5-bin/maven-repo/com/squareup/okio/okio/2.8.0/okio-2.8.0.jar:/mnt/d/program_files/apache-maven-3.9.5-bin/maven-repo/org/jetbrains/kotlin/kotlin-stdlib-common/1.4.0/kotlin-stdlib-common-1.4.0.jar:/mnt/d/program_files/apache-maven-3.9.5-bin/maven-repo/org/jetbrains/kotlin/kotlin-stdlib/1.4.10/kotlin-stdlib-1.4.10.jar:/mnt/d/program_files/apache-maven-3.9.5-bin/maven-repo/org/jetbrains/annotations/13.0/annotations-13.0.jar:/mnt/d/program_files/apache-maven-3.9.5-bin/maven-repo/org/apache/directory/api/api-all/2.0.1/api-all-2.0.1.jar:/mnt/d/program_files/apache-maven-3.9.5-bin/maven-repo/org/apache/servicemix/bundles/org.apache.servicemix.bundles.xpp3/1.1.4c_7/org.apache.servicemix.bundles.xpp3-1.1.4c_7.jar:/mnt/d/program_files/apache-maven-3.9.5-bin/maven-repo/org/apache/servicemix/bundles/org.apache.servicemix.bundles.dom4j/2.1.1_1/org.apache.servicemix.bundles.dom4j-2.1.1_1.jar:/mnt/d/program_files/apache-maven-3.9.5-bin/maven-repo/org/apache/commons/commons-pool2/2.8.0/commons-pool2-2.8.0.jar:/mnt/d/program_files/apache-maven-3.9.5-bin/maven-repo/org/apache/mina/mina-core/2.1.3/mina-core-2.1.3.jar:/mnt/d/program_files/apache-maven-3.9.5-bin/maven-repo/org/apache/commons/commons-lang3/3.9/commons-lang3-3.9.jar:/mnt/d/program_files/apache-maven-3.9.5-bin/maven-repo/org/apache/commons/commons-collections4/4.4/commons-collections4-4.4.jar:/mnt/d/program_files/apache-maven-3.9.5-bin/maven-repo/org/apache/servicemix/bundles/org.apache.servicemix.bundles.antlr/2.7.7_5/org.apache.servicemix.bundles.antlr-2.7.7_5.jar:/mnt/d/program_files/apache-maven-3.9.5-bin/maven-repo/commons-codec/commons-codec/1.14/commons-codec-1.14.jar:/mnt/d/program_files/apache-maven-3.9.5-bin/maven-repo/org/apache/lucene/lucene-backward-codecs/8.7.0/lucene-backward-codecs-8.7.0.jar:/mnt/d/program_files/apache-maven-3.9.5-bin/maven-repo/org/imgscalr/imgscalr-lib/4.2/imgscalr-lib-4.2.jar:/mnt/d/program_files/apache-maven-3.9.5-bin/maven-repo/org/apache/pdfbox/pdfbox/2.0.22/pdfbox-2.0.22.jar:/mnt/d/program_files/apache-maven-3.9.5-bin/maven-repo/org/apache/pdfbox/fontbox/2.0.22/fontbox-2.0.22.jar:/mnt/d/program_files/apache-maven-3.9.5-bin/maven-repo/org/bouncycastle/bcprov-jdk15on/1.68/bcprov-jdk15on-1.68.jar:/mnt/d/program_files/apache-maven-3.9.5-bin/maven-repo/fr/opensagres/xdocreport/fr.opensagres.odfdom.converter.pdf/2.0.2/fr.opensagres.odfdom.converter.pdf-2.0.2.jar:/mnt/d/program_files/apache-maven-3.9.5-bin/maven-repo/fr/opensagres/xdocreport/fr.opensagres.odfdom.converter.core/2.0.2/fr.opensagres.odfdom.converter.core-2.0.2.jar:/mnt/d/program_files/apache-maven-3.9.5-bin/maven-repo/org/odftoolkit/odfdom-java/0.8.7/odfdom-java-0.8.7.jar:/mnt/d/program_files/apache-maven-3.9.5-bin/maven-repo/xerces/xercesImpl/2.9.1/xercesImpl-2.9.1.jar:/mnt/d/program_files/apache-maven-3.9.5-bin/maven-repo/xml-apis/xml-apis/1.3.04/xml-apis-1.3.04.jar:/mnt/d/program_files/apache-maven-3.9.5-bin/maven-repo/fr/opensagres/xdocreport/fr.opensagres.xdocreport.itext.extension/2.0.2/fr.opensagres.xdocreport.itext.extension-2.0.2.jar:/mnt/d/program_files/apache-maven-3.9.5-bin/maven-repo/com/lowagie/itext/2.1.7/itext-2.1.7.jar:/mnt/d/program_files/apache-maven-3.9.5-bin/maven-repo/fr/opensagres/xdocreport/fr.opensagres.poi.xwpf.converter.pdf/2.0.2/fr.opensagres.poi.xwpf.converter.pdf-2.0.2.jar:/mnt/d/program_files/apache-maven-3.9.5-bin/maven-repo/fr/opensagres/xdocreport/fr.opensagres.poi.xwpf.converter.core/2.0.2/fr.opensagres.poi.xwpf.converter.core-2.0.2.jar:/mnt/d/program_files/apache-maven-3.9.5-bin/maven-repo/org/apache/poi/poi-ooxml/4.0.1/poi-ooxml-4.0.1.jar:/mnt/d/program_files/apache-maven-3.9.5-bin/maven-repo/org/apache/poi/poi/4.0.1/poi-4.0.1.jar:/mnt/d/program_files/apache-maven-3.9.5-bin/maven-repo/org/apache/commons/commons-math3/3.6.1/commons-math3-3.6.1.jar:/mnt/d/program_files/apache-maven-3.9.5-bin/maven-repo/com/github/virtuald/curvesapi/1.05/curvesapi-1.05.jar:/mnt/d/program_files/apache-maven-3.9.5-bin/maven-repo/org/apache/poi/ooxml-schemas/1.4/ooxml-schemas-1.4.jar:/mnt/d/program_files/apache-maven-3.9.5-bin/maven-repo/org/apache/xmlbeans/xmlbeans/3.0.1/xmlbeans-3.0.1.jar:/mnt/d/program_files/apache-maven-3.9.5-bin/maven-repo/com/twelvemonkeys/imageio/imageio-jpeg/3.6.2/imageio-jpeg-3.6.2.jar:/mnt/d/program_files/apache-maven-3.9.5-bin/maven-repo/com/twelvemonkeys/imageio/imageio-core/3.6.2/imageio-core-3.6.2.jar:/mnt/d/program_files/apache-maven-3.9.5-bin/maven-repo/com/twelvemonkeys/imageio/imageio-metadata/3.6.2/imageio-metadata-3.6.2.jar:/mnt/d/program_files/apache-maven-3.9.5-bin/maven-repo/com/twelvemonkeys/imageio/imageio-tiff/3.6.2/imageio-tiff-3.6.2.jar:/mnt/d/program_files/apache-maven-3.9.5-bin/maven-repo/com/github/jai-imageio/jai-imageio-jpeg2000/1.4.0/jai-imageio-jpeg2000-1.4.0.jar:/mnt/d/program_files/apache-maven-3.9.5-bin/maven-repo/com/github/jai-imageio/jai-imageio-core/1.4.0/jai-imageio-core-1.4.0.jar:/mnt/d/program_files/apache-maven-3.9.5-bin/maven-repo/com/levigo/jbig2/levigo-jbig2-imageio/2.0/levigo-jbig2-imageio-2.0.jar:/mnt/d/program_files/apache-maven-3.9.5-bin/maven-repo/org/postgresql/postgresql/42.2.18/postgresql-42.2.18.jar:/mnt/d/program_files/apache-maven-3.9.5-bin/maven-repo/javax/xml/bind/jaxb-api/2.3.0/jaxb-api-2.3.0.jar:/mnt/d/program_files/apache-maven-3.9.5-bin/maven-repo/com/sun/xml/bind/jaxb-core/2.3.0/jaxb-core-2.3.0.jar:/mnt/d/program_files/apache-maven-3.9.5-bin/maven-repo/com/sun/xml/bind/jaxb-impl/2.3.0/jaxb-impl-2.3.0.jar:/mnt/d/2024SPRING/Software/Teedy/docs-web-common/target/classes:/mnt/d/program_files/apache-maven-3.9.5-bin/maven-repo/org/slf4j/jul-to-slf4j/1.7.30/jul-to-slf4j-1.7.30.jar:/mnt/d/program_files/apache-maven-3.9.5-bin/maven-repo/org/glassfish/jersey/containers/jersey-container-servlet/2.33/jersey-container-servlet-2.33.jar:/mnt/d/program_files/apache-maven-3.9.5-bin/maven-repo/org/glassfish/jersey/containers/jersey-container-servlet-core/2.33/jersey-container-servlet-core-2.33.jar:/mnt/d/program_files/apache-maven-3.9.5-bin/maven-repo/org/glassfish/hk2/external/jakarta.inject/2.6.1/jakarta.inject-2.6.1.jar:/mnt/d/program_files/apache-maven-3.9.5-bin/maven-repo/org/glassfish/jersey/core/jersey-common/2.33/jersey-common-2.33.jar:/mnt/d/program_files/apache-maven-3.9.5-bin/maven-repo/jakarta/annotation/jakarta.annotation-api/1.3.5/jakarta.annotation-api-1.3.5.jar:/mnt/d/program_files/apache-maven-3.9.5-bin/maven-repo/org/glassfish/hk2/osgi-resource-locator/1.0.3/osgi-resource-locator-1.0.3.jar:/mnt/d/program_files/apache-maven-3.9.5-bin/maven-repo/org/glassfish/jersey/core/jersey-server/2.33/jersey-server-2.33.jar:/mnt/d/program_files/apache-maven-3.9.5-bin/maven-repo/org/glassfish/jersey/core/jersey-client/2.33/jersey-client-2.33.jar:/mnt/d/program_files/apache-maven-3.9.5-bin/maven-repo/jakarta/validation/jakarta.validation-api/2.0.2/jakarta.validation-api-2.0.2.jar:/mnt/d/program_files/apache-maven-3.9.5-bin/maven-repo/jakarta/ws/rs/jakarta.ws.rs-api/2.1.6/jakarta.ws.rs-api-2.1.6.jar:/mnt/d/program_files/apache-maven-3.9.5-bin/maven-repo/org/glassfish/jersey/media/jersey-media-json-processing/2.33/jersey-media-json-processing-2.33.jar:/mnt/d/program_files/apache-maven-3.9.5-bin/maven-repo/org/glassfish/jakarta.json/1.1.6/jakarta.json-1.1.6.jar:/mnt/d/program_files/apache-maven-3.9.5-bin/maven-repo/org/glassfish/jsonp-jaxrs/1.1.6/jsonp-jaxrs-1.1.6.jar:/mnt/d/program_files/apache-maven-3.9.5-bin/maven-repo/org/glassfish/jersey/media/jersey-media-multipart/2.33/jersey-media-multipart-2.33.jar:/mnt/d/program_files/apache-maven-3.9.5-bin/maven-repo/org/jvnet/mimepull/mimepull/1.9.13/mimepull-1.9.13.jar:/mnt/d/program_files/apache-maven-3.9.5-bin/maven-repo/org/glassfish/jersey/inject/jersey-hk2/2.33/jersey-hk2-2.33.jar:/mnt/d/program_files/apache-maven-3.9.5-bin/maven-repo/org/glassfish/hk2/hk2-locator/2.6.1/hk2-locator-2.6.1.jar:/mnt/d/program_files/apache-maven-3.9.5-bin/maven-repo/org/glassfish/hk2/external/aopalliance-repackaged/2.6.1/aopalliance-repackaged-2.6.1.jar:/mnt/d/program_files/apache-maven-3.9.5-bin/maven-repo/org/glassfish/hk2/hk2-api/2.6.1/hk2-api-2.6.1.jar:/mnt/d/program_files/apache-maven-3.9.5-bin/maven-repo/org/glassfish/hk2/hk2-utils/2.6.1/hk2-utils-2.6.1.jar:/mnt/d/program_files/apache-maven-3.9.5-bin/maven-repo/org/javassist/javassist/3.25.0-GA/javassist-3.25.0-GA.jar:/mnt/d/program_files/apache-maven-3.9.5-bin/maven-repo/commons-lang/commons-lang/2.6/commons-lang-2.6.jar:/mnt/d/program_files/apache-maven-3.9.5-bin/maven-repo/commons-io/commons-io/2.6/commons-io-2.6.jar:/mnt/d/program_files/apache-maven-3.9.5-bin/maven-repo/com/google/guava/guava/30.1-jre/guava-30.1-jre.jar:/mnt/d/program_files/apache-maven-3.9.5-bin/maven-repo/com/google/guava/failureaccess/1.0.1/failureaccess-1.0.1.jar:/mnt/d/program_files/apache-maven-3.9.5-bin/maven-repo/com/google/guava/listenablefuture/9999.0-empty-to-avoid-conflict-with-guava/listenablefuture-9999.0-empty-to-avoid-conflict-with-guava.jar:/mnt/d/program_files/apache-maven-3.9.5-bin/maven-repo/com/google/code/findbugs/jsr305/3.0.2/jsr305-3.0.2.jar:/mnt/d/program_files/apache-maven-3.9.5-bin/maven-repo/org/checkerframework/checker-qual/3.5.0/checker-qual-3.5.0.jar:/mnt/d/program_files/apache-maven-3.9.5-bin/maven-repo/com/google/errorprone/error_prone_annotations/2.3.4/error_prone_annotations-2.3.4.jar:/mnt/d/program_files/apache-maven-3.9.5-bin/maven-repo/com/google/j2objc/j2objc-annotations/1.3/j2objc-annotations-1.3.jar:/mnt/d/program_files/apache-maven-3.9.5-bin/maven-repo/log4j/log4j/1.2.17/log4j-1.2.17.jar:/mnt/d/program_files/apache-maven-3.9.5-bin/maven-repo/commons-dbcp/commons-dbcp/1.4/commons-dbcp-1.4.jar:/mnt/d/program_files/apache-maven-3.9.5-bin/maven-repo/commons-pool/commons-pool/1.5.4/commons-pool-1.5.4.jar:/mnt/d/program_files/apache-maven-3.9.5-bin/maven-repo/javax/servlet/javax.servlet-api/4.0.1/javax.servlet-api-4.0.1.jar:/mnt/d/program_files/apache-maven-3.9.5-bin/maven-repo/joda-time/joda-time/2.10.9/joda-time-2.10.9.jar:/mnt/d/program_files/apache-maven-3.9.5-bin/maven-repo/com/h2database/h2/1.4.199/h2-1.4.199.jar:/mnt/d/program_files/apache-maven-3.9.5-bin/maven-repo/com/twelvemonkeys/servlet/servlet/3.6.2/servlet-3.6.2.jar:/mnt/d/program_files/apache-maven-3.9.5-bin/maven-repo/com/twelvemonkeys/common/common-lang/3.6.2/common-lang-3.6.2.jar:/mnt/d/program_files/apache-maven-3.9.5-bin/maven-repo/com/twelvemonkeys/common/common-io/3.6.2/common-io-3.6.2.jar:/mnt/d/program_files/apache-maven-3.9.5-bin/maven-repo/com/twelvemonkeys/common/common-image/3.6.2/common-image-3.6.2.jar:/mnt/d/2024SPRING/Software/Teedy/docs-web-common/target/test-classes:/mnt/d/program_files/apache-maven-3.9.5-bin/maven-repo/junit/junit/4.13.1/junit-4.13.1.jar:/mnt/d/program_files/apache-maven-3.9.5-bin/maven-repo/org/hamcrest/hamcrest-core/1.3/hamcrest-core-1.3.jar:/mnt/d/program_files/apache-maven-3.9.5-bin/maven-repo/org/glassfish/jersey/test-framework/providers/jersey-test-framework-provider-inmemory/2.33/jersey-test-framework-provider-inmemory-2.33.jar:/mnt/d/program_files/apache-maven-3.9.5-bin/maven-repo/org/glassfish/jersey/test-framework/providers/jersey-test-framework-provider-external/2.33/jersey-test-framework-provider-external-2.33.jar:/mnt/d/program_files/apache-maven-3.9.5-bin/maven-repo/org/glassfish/jersey/test-framework/providers/jersey-test-framework-provider-jdk-http/2.33/jersey-test-framework-provider-jdk-http-2.33.jar:/mnt/d/program_files/apache-maven-3.9.5-bin/maven-repo/org/glassfish/jersey/containers/jersey-container-jdk-http/2.33/jersey-container-jdk-http-2.33.jar:/mnt/d/program_files/apache-maven-3.9.5-bin/maven-repo/org/glassfish/jersey/test-framework/providers/jersey-test-framework-provider-simple/2.33/jersey-test-framework-provider-simple-2.33.jar:/mnt/d/program_files/apache-maven-3.9.5-bin/maven-repo/org/glassfish/jersey/containers/jersey-container-simple-http/2.33/jersey-container-simple-http-2.33.jar:/mnt/d/program_files/apache-maven-3.9.5-bin/maven-repo/org/simpleframework/simple-http/6.0.1/simple-http-6.0.1.jar:/mnt/d/program_files/apache-maven-3.9.5-bin/maven-repo/org/simpleframework/simple-transport/6.0.1/simple-transport-6.0.1.jar:/mnt/d/program_files/apache-maven-3.9.5-bin/maven-repo/org/simpleframework/simple-common/6.0.1/simple-common-6.0.1.jar:/mnt/d/program_files/apache-maven-3.9.5-bin/maven-repo/org/glassfish/jersey/test-framework/providers/jersey-test-framework-provider-jetty/2.33/jersey-test-framework-provider-jetty-2.33.jar:/mnt/d/program_files/apache-maven-3.9.5-bin/maven-repo/org/glassfish/jersey/containers/jersey-container-jetty-http/2.33/jersey-container-jetty-http-2.33.jar:/mnt/d/program_files/apache-maven-3.9.5-bin/maven-repo/org/eclipse/jetty/jetty-server/9.4.36.v20210114/jetty-server-9.4.36.v20210114.jar:/mnt/d/program_files/apache-maven-3.9.5-bin/maven-repo/org/eclipse/jetty/jetty-http/9.4.36.v20210114/jetty-http-9.4.36.v20210114.jar:/mnt/d/program_files/apache-maven-3.9.5-bin/maven-repo/org/eclipse/jetty/jetty-io/9.4.36.v20210114/jetty-io-9.4.36.v20210114.jar:/mnt/d/program_files/apache-maven-3.9.5-bin/maven-repo/org/eclipse/jetty/jetty-util/9.4.28.v20200408/jetty-util-9.4.28.v20200408.jar:/mnt/d/program_files/apache-maven-3.9.5-bin/maven-repo/org/eclipse/jetty/jetty-continuation/9.4.28.v20200408/jetty-continuation-9.4.28.v20200408.jar:/mnt/d/program_files/apache-maven-3.9.5-bin/maven-repo/org/glassfish/jersey/test-framework/providers/jersey-test-framework-provider-netty/2.33/jersey-test-framework-provider-netty-2.33.jar:/mnt/d/program_files/apache-maven-3.9.5-bin/maven-repo/org/glassfish/jersey/containers/jersey-container-netty-http/2.33/jersey-container-netty-http-2.33.jar:/mnt/d/program_files/apache-maven-3.9.5-bin/maven-repo/org/glassfish/jersey/connectors/jersey-netty-connector/2.33/jersey-netty-connector-2.33.jar:/mnt/d/program_files/apache-maven-3.9.5-bin/maven-repo/io/netty/netty-all/4.1.43.Final/netty-all-4.1.43.Final.jar:/mnt/d/program_files/apache-maven-3.9.5-bin/maven-repo/org/glassfish/jersey/test-framework/providers/jersey-test-framework-provider-grizzly2/2.33/jersey-test-framework-provider-grizzly2-2.33.jar:/mnt/d/program_files/apache-maven-3.9.5-bin/maven-repo/jakarta/servlet/jakarta.servlet-api/4.0.3/jakarta.servlet-api-4.0.3.jar:/mnt/d/program_files/apache-maven-3.9.5-bin/maven-repo/org/glassfish/jersey/test-framework/jersey-test-framework-core/2.33/jersey-test-framework-core-2.33.jar:/mnt/d/program_files/apache-maven-3.9.5-bin/maven-repo/jakarta/xml/bind/jakarta.xml.bind-api/2.3.3/jakarta.xml.bind-api-2.3.3.jar:/mnt/d/program_files/apache-maven-3.9.5-bin/maven-repo/jakarta/activation/jakarta.activation-api/1.2.2/jakarta.activation-api-1.2.2.jar:/mnt/d/program_files/apache-maven-3.9.5-bin/maven-repo/org/glassfish/jersey/media/jersey-media-jaxb/2.33/jersey-media-jaxb-2.33.jar:/mnt/d/program_files/apache-maven-3.9.5-bin/maven-repo/org/glassfish/jersey/containers/jersey-container-grizzly2-http/2.33/jersey-container-grizzly2-http-2.33.jar:/mnt/d/program_files/apache-maven-3.9.5-bin/maven-repo/org/glassfish/grizzly/grizzly-http-server/2.4.4/grizzly-http-server-2.4.4.jar:/mnt/d/program_files/apache-maven-3.9.5-bin/maven-repo/org/glassfish/grizzly/grizzly-http/2.4.4/grizzly-http-2.4.4.jar:/mnt/d/program_files/apache-maven-3.9.5-bin/maven-repo/org/glassfish/grizzly/grizzly-framework/2.4.4/grizzly-framework-2.4.4.jar:/mnt/d/program_files/apache-maven-3.9.5-bin/maven-repo/org/glassfish/jersey/containers/jersey-container-grizzly2-servlet/2.33/jersey-container-grizzly2-servlet-2.33.jar:/mnt/d/program_files/apache-maven-3.9.5-bin/maven-repo/org/glassfish/grizzly/grizzly-http-servlet/2.4.4/grizzly-http-servlet-2.4.4.jar:/mnt/d/program_files/apache-maven-3.9.5-bin/maven-repo/org/subethamail/subethasmtp-wiser/1.2/subethasmtp-wiser-1.2.jar:/mnt/d/program_files/apache-maven-3.9.5-bin/maven-repo/org/subethamail/subethasmtp-smtp/1.2/subethasmtp-smtp-1.2.jar:/mnt/d/program_files/apache-maven-3.9.5-bin/maven-repo/commons-logging/commons-logging/1.1/commons-logging-1.1.jar:/mnt/d/program_files/apache-maven-3.9.5-bin/maven-repo/logkit/logkit/1.0.1/logkit-1.0.1.jar:/mnt/d/program_files/apache-maven-3.9.5-bin/maven-repo/avalon-framework/avalon-framework/4.1.3/avalon-framework-4.1.3.jar:/mnt/d/program_files/apache-maven-3.9.5-bin/maven-repo/javax/servlet/servlet-api/2.3/servlet-api-2.3.jar:/mnt/d/program_files/apache-maven-3.9.5-bin/maven-repo/com/icegreen/greenmail/1.5.8/greenmail-1.5.8.jar:"/>
    <property name="sun.cpu.endian" value="little"/>
    <property name="user.home" value="/root"/>
    <property name="user.language" value="en"/>
    <property name="java.specification.vendor" value="Oracle Corporation"/>
    <property name="java.version.date" value="2024-01-16"/>
    <property name="java.home" value="/usr/lib/jvm/java-11-openjdk-amd64"/>
    <property name="file.separator" value="/"/>
    <property name="basedir" value="/mnt/d/2024SPRING/Software/Teedy/docs-web"/>
    <property name="java.vm.compressedOopsMode" value="32-bit"/>
    <property name="line.separator" value="&#10;"/>
    <property name="java.specification.name" value="Java Platform API Specification"/>
    <property name="java.vm.specification.vendor" value="Oracle Corporation"/>
    <property name="java.awt.graphicsenv" value="sun.awt.X11GraphicsEnvironment"/>
    <property name="surefire.real.class.path" value="/mnt/d/2024SPRING/Software/Teedy/docs-web/target/surefire/surefirebooter10888877565461475042.jar"/>
    <property name="sun.management.compiler" value="HotSpot 64-Bit Tiered Compilers"/>
    <property name="java.runtime.version" value="11.0.22+7-post-Ubuntu-0ubuntu222.04.1"/>
    <property name="user.name" value="root"/>
    <property name="path.separator" value=":"/>
    <property name="os.version" value="5.15.133.1-microsoft-standard-WSL2"/>
    <property name="java.runtime.name" value="OpenJDK Runtime Environment"/>
    <property name="file.encoding" value="UTF-8"/>
    <property name="java.vm.name" value="OpenJDK 64-Bit Server VM"/>
    <property name="localRepository" value="/mnt/d/program_files/apache-maven-3.9.5-bin/maven-repo"/>
    <property name="java.vendor.url.bug" value="https://bugs.launchpad.net/ubuntu/+source/openjdk-lts"/>
    <property name="java.io.tmpdir" value="/tmp"/>
    <property name="java.version" value="11.0.22"/>
    <property name="user.dir" value="/mnt/d/2024SPRING/Software/Teedy/docs-web"/>
    <property name="os.arch" value="amd64"/>
    <property name="java.vm.specification.name" value="Java Virtual Machine Specification"/>
    <property name="java.awt.printerjob" value="sun.print.PSPrinterJob"/>
    <property name="sun.os.patch.level" value="unknown"/>
    <property name="java.library.path" value="/usr/java/packages/lib:/usr/lib/x86_64-linux-gnu/jni:/lib/x86_64-linux-gnu:/usr/lib/x86_64-linux-gnu:/usr/lib/jni:/lib:/usr/lib"/>
    <property name="java.vm.info" value="mixed mode, sharing"/>
    <property name="java.vendor" value="Ubuntu"/>
    <property name="java.vm.version" value="11.0.22+7-post-Ubuntu-0ubuntu222.04.1"/>
    <property name="java.specification.maintenance.version" value="2"/>
    <property name="sun.io.unicode.encoding" value="UnicodeLittle"/>
    <property name="java.class.version" value="55.0"/>
  </properties>
  <testcase name="testEmlImport" classname="com.sismics.docs.rest.TestDocumentResource" time="134.365">
    <system-out><![CDATA[29 Apr 2024 18:43:34,568 INFO com.sismics.util.filter.RequestContextFilter.init(RequestContextFilter.java:43) Using base data directory: /tmp 
29 Apr 2024 18:44:34,440 INFO com.sismics.util.ClasspathScanner.findClasses(ClasspathScanner.java:48) Found 1 classes for IndexingHandler 
29 Apr 2024 18:44:35,029 INFO com.sismics.docs.core.util.indexing.LuceneIndexingHandler.initLucene(LuceneIndexingHandler.java:115) Using RAM Lucene storage 
29 Apr 2024 18:44:37,622 INFO com.sismics.docs.core.service.FileService.startUp(FileService.java:39) File service starting up 
29 Apr 2024 18:44:37,710 INFO com.sismics.docs.core.service.InboxService.startUp(InboxService.java:55) Inbox service starting up 
29 Apr 2024 18:44:55,087 INFO com.sismics.util.ClasspathScanner.findClasses(ClasspathScanner.java:48) Found 2 classes for AuthenticationHandler 
29 Apr 2024 18:45:04,380 INFO com.sismics.docs.core.util.FileUtil.startProcessingFile(FileUtil.java:221) Processing started for file: 3bd9a0a0-be05-46ce-813d-b141a4a8e7ef 
29 Apr 2024 18:45:04,405 INFO com.sismics.docs.core.util.FileUtil.startProcessingFile(FileUtil.java:221) Processing started for file: 53f675da-26a6-4265-9966-4317609f4aa9 
29 Apr 2024 18:45:04,498 INFO com.sismics.docs.core.listener.async.DocumentCreatedAsyncListener.on(DocumentCreatedAsyncListener.java:35) Document created event: DocumentCreatedAsyncEvent{documentId=38549869-928d-4a15-b328-89dfbe556b62} 
29 Apr 2024 18:45:06,331 INFO com.sismics.docs.core.listener.async.FileProcessingAsyncListener.on(FileProcessingAsyncListener.java:53) File created event: FileCreatedAsyncEvent{fileId=3bd9a0a0-be05-46ce-813d-b141a4a8e7ef, language=eng} 
29 Apr 2024 18:45:17,049 INFO com.sismics.util.ClasspathScanner.findClasses(ClasspathScanner.java:48) Found 7 classes for FormatHandler 
29 Apr 2024 18:45:19,892 WARN org.apache.pdfbox.pdmodel.font.PDTrueTypeFont.<init>(PDTrueTypeFont.java:220) Using fallback font 'LiberationSans' for 'Times New Roman' 
29 Apr 2024 18:45:20,119 WARN org.apache.pdfbox.pdmodel.font.PDTrueTypeFont.<init>(PDTrueTypeFont.java:220) Using fallback font 'LiberationSans' for 'Times New Roman,Bold' 
29 Apr 2024 18:45:20,128 WARN org.apache.pdfbox.pdmodel.font.PDTrueTypeFont.<init>(PDTrueTypeFont.java:220) Using fallback font 'LiberationSans' for 'Times New Roman,Italic' 
29 Apr 2024 18:45:20,382 INFO com.sismics.docs.core.listener.async.FileProcessingAsyncListener.extractContent(FileProcessingAsyncListener.java:176) Start extracting content from: File{id=3bd9a0a0-be05-46ce-813d-b141a4a8e7ef, name=14_UNHCR_nd.pdf} 
29 Apr 2024 18:45:20,447 WARN org.apache.pdfbox.pdmodel.font.PDTrueTypeFont.<init>(PDTrueTypeFont.java:220) Using fallback font 'LiberationSans' for 'Times New Roman' 
29 Apr 2024 18:45:20,469 WARN org.apache.pdfbox.pdmodel.font.PDTrueTypeFont.<init>(PDTrueTypeFont.java:220) Using fallback font 'LiberationSans' for 'Times New Roman,Bold' 
29 Apr 2024 18:45:20,473 WARN org.apache.pdfbox.pdmodel.font.PDTrueTypeFont.<init>(PDTrueTypeFont.java:220) Using fallback font 'LiberationSans' for 'Times New Roman,Italic' 
29 Apr 2024 18:45:20,575 WARN org.apache.pdfbox.pdmodel.font.PDTrueTypeFont.<init>(PDTrueTypeFont.java:220) Using fallback font 'LiberationSans' for 'Arial' 
29 Apr 2024 18:45:20,777 INFO com.sismics.docs.core.listener.async.FileProcessingAsyncListener.extractContent(FileProcessingAsyncListener.java:182) File content extracted in 395ms: 3bd9a0a0-be05-46ce-813d-b141a4a8e7ef 
29 Apr 2024 18:45:20,965 INFO com.sismics.docs.core.util.FileUtil.endProcessingFile(FileUtil.java:231) Processing ended for file: 3bd9a0a0-be05-46ce-813d-b141a4a8e7ef 
29 Apr 2024 18:45:20,966 INFO com.sismics.docs.core.listener.async.DocumentUpdatedAsyncListener.on(DocumentUpdatedAsyncListener.java:39) Document updated event: DocumentUpdatedAsyncEvent{documentId=38549869-928d-4a15-b328-89dfbe556b62} 
29 Apr 2024 18:45:21,538 INFO com.sismics.docs.core.listener.async.FileProcessingAsyncListener.on(FileProcessingAsyncListener.java:53) File created event: FileCreatedAsyncEvent{fileId=53f675da-26a6-4265-9966-4317609f4aa9, language=eng} 
29 Apr 2024 18:45:21,748 WARN org.apache.pdfbox.pdmodel.font.PDType1Font.<init>(PDType1Font.java:161) Using fallback font LiberationSans for base font Times-Roman 
29 Apr 2024 18:45:21,757 WARN org.apache.pdfbox.pdmodel.font.PDType1Font.<init>(PDType1Font.java:161) Using fallback font LiberationSans for base font Times-Bold 
29 Apr 2024 18:45:21,769 WARN org.apache.pdfbox.pdmodel.font.PDType1Font.<init>(PDType1Font.java:161) Using fallback font LiberationSans for base font Times-Italic 
29 Apr 2024 18:45:21,780 WARN org.apache.pdfbox.pdmodel.font.PDType1Font.<init>(PDType1Font.java:161) Using fallback font LiberationSans for base font Times-BoldItalic 
29 Apr 2024 18:45:21,780 WARN org.apache.pdfbox.pdmodel.font.PDType1Font.<init>(PDType1Font.java:161) Using fallback font LiberationSans for base font Helvetica 
29 Apr 2024 18:45:21,790 WARN org.apache.pdfbox.pdmodel.font.PDType1Font.<init>(PDType1Font.java:161) Using fallback font LiberationSans for base font Helvetica-Bold 
29 Apr 2024 18:45:21,800 WARN org.apache.pdfbox.pdmodel.font.PDType1Font.<init>(PDType1Font.java:161) Using fallback font LiberationSans for base font Helvetica-Oblique 
29 Apr 2024 18:45:21,811 WARN org.apache.pdfbox.pdmodel.font.PDType1Font.<init>(PDType1Font.java:161) Using fallback font LiberationSans for base font Helvetica-BoldOblique 
29 Apr 2024 18:45:21,822 WARN org.apache.pdfbox.pdmodel.font.PDType1Font.<init>(PDType1Font.java:161) Using fallback font LiberationSans for base font Courier 
29 Apr 2024 18:45:21,830 WARN org.apache.pdfbox.pdmodel.font.PDType1Font.<init>(PDType1Font.java:161) Using fallback font LiberationSans for base font Courier-Bold 
29 Apr 2024 18:45:21,838 WARN org.apache.pdfbox.pdmodel.font.PDType1Font.<init>(PDType1Font.java:161) Using fallback font LiberationSans for base font Courier-Oblique 
29 Apr 2024 18:45:21,844 WARN org.apache.pdfbox.pdmodel.font.PDType1Font.<init>(PDType1Font.java:161) Using fallback font LiberationSans for base font Courier-BoldOblique 
29 Apr 2024 18:45:21,852 WARN org.apache.pdfbox.pdmodel.font.PDType1Font.<init>(PDType1Font.java:161) Using fallback font LiberationSans for base font Symbol 
29 Apr 2024 18:45:21,861 WARN org.apache.pdfbox.pdmodel.font.PDType1Font.<init>(PDType1Font.java:161) Using fallback font LiberationSans for base font ZapfDingbats 
29 Apr 2024 18:45:22,194 INFO com.sismics.docs.core.listener.async.FileProcessingAsyncListener.extractContent(FileProcessingAsyncListener.java:176) Start extracting content from: File{id=53f675da-26a6-4265-9966-4317609f4aa9, name=refugee status determination.pdf} 
29 Apr 2024 18:45:22,448 INFO com.sismics.docs.core.listener.async.FileProcessingAsyncListener.extractContent(FileProcessingAsyncListener.java:182) File content extracted in 253ms: 53f675da-26a6-4265-9966-4317609f4aa9 
29 Apr 2024 18:45:22,715 INFO com.sismics.docs.core.util.FileUtil.endProcessingFile(FileUtil.java:231) Processing ended for file: 53f675da-26a6-4265-9966-4317609f4aa9 
29 Apr 2024 18:45:22,716 INFO com.sismics.docs.core.listener.async.DocumentUpdatedAsyncListener.on(DocumentUpdatedAsyncListener.java:39) Document updated event: DocumentUpdatedAsyncEvent{documentId=38549869-928d-4a15-b328-89dfbe556b62} 
29 Apr 2024 18:45:23,584 INFO org.subethamail.smtp.server.SMTPServer.run(SMTPServer.java:333) SMTP Server socket shut down. 
29 Apr 2024 18:45:23,609 INFO com.sismics.docs.core.service.InboxService.shutDown(InboxService.java:60) Inbox service shutting down 
29 Apr 2024 18:45:23,610 INFO com.sismics.docs.core.service.FileService.shutDown(FileService.java:44) File service shutting down 
]]></system-out>
    <system-err><![CDATA[Apr 29, 2024 6:43:10 PM org.glassfish.jersey.test.external.ExternalTestContainerFactory$ExternalTestContainer <init>
INFO: Creating ExternalTestContainer configured at the base URI http://localhost:9998/docs
Apr 29, 2024 6:43:14 PM org.glassfish.grizzly.servlet.WebappContext deploy
INFO: Starting application [GrizzlyContext] ...
Apr 29, 2024 6:43:15 PM org.glassfish.grizzly.servlet.WebappContext initServlets
INFO: Loading Servlet: org.glassfish.jersey.servlet.ServletContainer
Apr 29, 2024 6:43:33 PM org.glassfish.grizzly.servlet.WebappContext initServlets
INFO: [GrizzlyContext] Servlet [org.glassfish.jersey.servlet.ServletContainer] registered for url pattern(s) [[/*]].
]]></system-err>
  </testcase>
  <testcase name="testPdfExtraction" classname="com.sismics.docs.rest.TestDocumentResource" time="15.67">
    <system-out><![CDATA[29 Apr 2024 18:45:23,697 INFO org.glassfish.jersey.test.external.ExternalTestContainerFactory$ExternalTestContainer.<init>(ExternalTestContainerFactory.java:91) Creating ExternalTestContainer configured at the base URI http://localhost:9998/docs 
29 Apr 2024 18:45:24,638 INFO com.sismics.util.filter.RequestContextFilter.init(RequestContextFilter.java:43) Using base data directory: /tmp 
29 Apr 2024 18:45:34,087 INFO com.sismics.util.ClasspathScanner.findClasses(ClasspathScanner.java:48) Found 1 classes for IndexingHandler 
29 Apr 2024 18:45:34,089 INFO com.sismics.docs.core.util.indexing.LuceneIndexingHandler.initLucene(LuceneIndexingHandler.java:115) Using RAM Lucene storage 
29 Apr 2024 18:45:34,091 INFO com.sismics.docs.core.service.FileService.startUp(FileService.java:39) File service starting up 
29 Apr 2024 18:45:34,093 INFO com.sismics.docs.core.service.InboxService.startUp(InboxService.java:55) Inbox service starting up 
29 Apr 2024 18:45:35,528 INFO com.sismics.docs.core.listener.async.DocumentCreatedAsyncListener.on(DocumentCreatedAsyncListener.java:35) Document created event: DocumentCreatedAsyncEvent{documentId=a6c4055d-ca98-4dac-bc4a-3c91ac221cf6} 
29 Apr 2024 18:45:35,730 INFO com.sismics.docs.core.util.FileUtil.startProcessingFile(FileUtil.java:221) Processing started for file: d4072563-edbb-4d16-a340-1e3f5fbc0fcc 
29 Apr 2024 18:45:35,751 INFO com.sismics.docs.core.listener.async.FileProcessingAsyncListener.on(FileProcessingAsyncListener.java:53) File created event: FileCreatedAsyncEvent{fileId=d4072563-edbb-4d16-a340-1e3f5fbc0fcc, language=eng} 
29 Apr 2024 18:45:35,770 WARN org.apache.pdfbox.pdmodel.font.PDType1Font.<init>(PDType1Font.java:296) Using fallback font LiberationSans for Helvetica-Bold 
29 Apr 2024 18:45:35,774 WARN org.apache.pdfbox.pdmodel.font.PDType1Font.<init>(PDType1Font.java:296) Using fallback font LiberationSans for Helvetica 
29 Apr 2024 18:45:35,791 WARN org.apache.pdfbox.pdmodel.font.PDType1Font.<init>(PDType1Font.java:296) Using fallback font LiberationSans for Times-Bold 
29 Apr 2024 18:45:35,792 WARN org.apache.pdfbox.pdmodel.font.PDType1Font.<init>(PDType1Font.java:296) Using fallback font LiberationSans for Times-Roman 
29 Apr 2024 18:45:35,821 WARN org.apache.pdfbox.pdmodel.font.PDType1Font.<init>(PDType1Font.java:296) Using fallback font LiberationSans for Times-Bold 
29 Apr 2024 18:45:35,823 WARN org.apache.pdfbox.pdmodel.font.PDType1Font.<init>(PDType1Font.java:296) Using fallback font LiberationSans for Times-Italic 
29 Apr 2024 18:45:35,828 WARN org.apache.pdfbox.pdmodel.font.PDType1Font.<init>(PDType1Font.java:296) Using fallback font LiberationSans for Times-Roman 
29 Apr 2024 18:45:35,832 WARN org.apache.pdfbox.pdmodel.font.PDType1Font.<init>(PDType1Font.java:296) Using fallback font LiberationSans for Times-Italic 
29 Apr 2024 18:45:36,308 INFO com.sismics.docs.core.listener.async.FileProcessingAsyncListener.extractContent(FileProcessingAsyncListener.java:176) Start extracting content from: File{id=d4072563-edbb-4d16-a340-1e3f5fbc0fcc, name=wikipedia.pdf} 
29 Apr 2024 18:45:36,327 WARN org.apache.pdfbox.pdmodel.font.PDType1Font.<init>(PDType1Font.java:296) Using fallback font LiberationSans for Helvetica-Bold 
29 Apr 2024 18:45:36,327 WARN org.apache.pdfbox.pdmodel.font.PDType1Font.<init>(PDType1Font.java:296) Using fallback font LiberationSans for Helvetica 
29 Apr 2024 18:45:36,328 WARN org.apache.pdfbox.pdmodel.font.PDType1Font.<init>(PDType1Font.java:296) Using fallback font LiberationSans for Times-Bold 
29 Apr 2024 18:45:36,328 WARN org.apache.pdfbox.pdmodel.font.PDType1Font.<init>(PDType1Font.java:296) Using fallback font LiberationSans for Times-Roman 
29 Apr 2024 18:45:36,330 WARN org.apache.pdfbox.pdmodel.font.PDType1Font.<init>(PDType1Font.java:296) Using fallback font LiberationSans for Times-Bold 
29 Apr 2024 18:45:36,330 WARN org.apache.pdfbox.pdmodel.font.PDType1Font.<init>(PDType1Font.java:296) Using fallback font LiberationSans for Times-Italic 
29 Apr 2024 18:45:36,331 WARN org.apache.pdfbox.pdmodel.font.PDType1Font.<init>(PDType1Font.java:296) Using fallback font LiberationSans for Times-Roman 
29 Apr 2024 18:45:36,332 WARN org.apache.pdfbox.pdmodel.font.PDType1Font.<init>(PDType1Font.java:296) Using fallback font LiberationSans for Times-Italic 
29 Apr 2024 18:45:36,384 WARN org.apache.pdfbox.pdmodel.font.PDFont.loadUnicodeCmap(PDFont.java:150) Invalid ToUnicode CMap in font HSVMXH+HiraKakuPro-W3 
29 Apr 2024 18:45:36,720 WARN org.apache.pdfbox.pdmodel.font.PDFont.loadUnicodeCmap(PDFont.java:150) Invalid ToUnicode CMap in font XICUVH+HiraKakuPro-W3 
29 Apr 2024 18:45:36,837 INFO com.sismics.docs.core.listener.async.FileProcessingAsyncListener.extractContent(FileProcessingAsyncListener.java:182) File content extracted in 528ms: d4072563-edbb-4d16-a340-1e3f5fbc0fcc 
29 Apr 2024 18:45:36,867 INFO com.sismics.docs.core.util.FileUtil.endProcessingFile(FileUtil.java:231) Processing ended for file: d4072563-edbb-4d16-a340-1e3f5fbc0fcc 
29 Apr 2024 18:45:36,868 INFO com.sismics.docs.core.listener.async.DocumentUpdatedAsyncListener.on(DocumentUpdatedAsyncListener.java:39) Document updated event: DocumentUpdatedAsyncEvent{documentId=a6c4055d-ca98-4dac-bc4a-3c91ac221cf6} 
29 Apr 2024 18:45:38,780 WARN org.apache.pdfbox.pdmodel.font.DocsPDType1Font.<init>(DocsPDType1Font.java:102) Using fallback font LiberationSans for base font Helvetica 
29 Apr 2024 18:45:38,781 WARN org.apache.pdfbox.pdmodel.font.DocsPDType1Font.<init>(DocsPDType1Font.java:102) Using fallback font LiberationSans for base font Helvetica-Bold 
29 Apr 2024 18:45:39,359 INFO org.subethamail.smtp.server.SMTPServer.run(SMTPServer.java:333) SMTP Server socket shut down. 
29 Apr 2024 18:45:39,370 INFO com.sismics.docs.core.service.InboxService.shutDown(InboxService.java:60) Inbox service shutting down 
29 Apr 2024 18:45:39,370 INFO com.sismics.docs.core.service.FileService.shutDown(FileService.java:44) File service shutting down 
]]></system-out>
  </testcase>
  <testcase name="testDocxExtraction" classname="com.sismics.docs.rest.TestDocumentResource" time="16.581">
    <system-out><![CDATA[29 Apr 2024 18:45:39,374 INFO org.glassfish.jersey.test.external.ExternalTestContainerFactory$ExternalTestContainer.<init>(ExternalTestContainerFactory.java:91) Creating ExternalTestContainer configured at the base URI http://localhost:9998/docs 
29 Apr 2024 18:45:40,306 INFO com.sismics.util.filter.RequestContextFilter.init(RequestContextFilter.java:43) Using base data directory: /tmp 
29 Apr 2024 18:45:48,536 INFO com.sismics.util.ClasspathScanner.findClasses(ClasspathScanner.java:48) Found 1 classes for IndexingHandler 
29 Apr 2024 18:45:48,538 INFO com.sismics.docs.core.util.indexing.LuceneIndexingHandler.initLucene(LuceneIndexingHandler.java:115) Using RAM Lucene storage 
29 Apr 2024 18:45:48,539 INFO com.sismics.docs.core.service.FileService.startUp(FileService.java:39) File service starting up 
29 Apr 2024 18:45:48,540 INFO com.sismics.docs.core.service.InboxService.startUp(InboxService.java:55) Inbox service starting up 
29 Apr 2024 18:45:49,524 INFO com.sismics.docs.core.listener.async.DocumentCreatedAsyncListener.on(DocumentCreatedAsyncListener.java:35) Document created event: DocumentCreatedAsyncEvent{documentId=ad16bd03-67a2-4781-ac6e-b2384913e1b2} 
29 Apr 2024 18:45:49,712 INFO com.sismics.docs.core.util.FileUtil.startProcessingFile(FileUtil.java:221) Processing started for file: d56ca177-11c2-44be-8231-7a01f4f300a1 
29 Apr 2024 18:45:49,733 INFO com.sismics.docs.core.listener.async.FileProcessingAsyncListener.on(FileProcessingAsyncListener.java:53) File created event: FileCreatedAsyncEvent{fileId=d56ca177-11c2-44be-8231-7a01f4f300a1, language=eng} 
29 Apr 2024 18:45:55,165 WARN org.apache.pdfbox.pdmodel.font.PDType1Font.<init>(PDType1Font.java:296) Using fallback font LiberationSans for Helvetica 
29 Apr 2024 18:45:55,272 INFO com.sismics.docs.core.listener.async.FileProcessingAsyncListener.extractContent(FileProcessingAsyncListener.java:176) Start extracting content from: File{id=d56ca177-11c2-44be-8231-7a01f4f300a1, name=document.docx} 
29 Apr 2024 18:45:55,293 WARN org.apache.pdfbox.pdmodel.font.PDType1Font.<init>(PDType1Font.java:296) Using fallback font LiberationSans for Helvetica 
29 Apr 2024 18:45:55,294 INFO com.sismics.docs.core.listener.async.FileProcessingAsyncListener.extractContent(FileProcessingAsyncListener.java:182) File content extracted in 22ms: d56ca177-11c2-44be-8231-7a01f4f300a1 
29 Apr 2024 18:45:55,302 INFO com.sismics.docs.core.util.FileUtil.endProcessingFile(FileUtil.java:231) Processing ended for file: d56ca177-11c2-44be-8231-7a01f4f300a1 
29 Apr 2024 18:45:55,303 INFO com.sismics.docs.core.listener.async.DocumentUpdatedAsyncListener.on(DocumentUpdatedAsyncListener.java:39) Document updated event: DocumentUpdatedAsyncEvent{documentId=ad16bd03-67a2-4781-ac6e-b2384913e1b2} 
29 Apr 2024 18:45:55,945 INFO org.subethamail.smtp.server.SMTPServer.run(SMTPServer.java:333) SMTP Server socket shut down. 
29 Apr 2024 18:45:55,952 INFO com.sismics.docs.core.service.InboxService.shutDown(InboxService.java:60) Inbox service shutting down 
29 Apr 2024 18:45:55,953 INFO com.sismics.docs.core.service.FileService.shutDown(FileService.java:44) File service shutting down 
]]></system-out>
  </testcase>
  <testcase name="testPptxExtraction" classname="com.sismics.docs.rest.TestDocumentResource" time="34.556">
    <system-out><![CDATA[29 Apr 2024 18:45:55,956 INFO org.glassfish.jersey.test.external.ExternalTestContainerFactory$ExternalTestContainer.<init>(ExternalTestContainerFactory.java:91) Creating ExternalTestContainer configured at the base URI http://localhost:9998/docs 
29 Apr 2024 18:45:56,610 INFO com.sismics.util.filter.RequestContextFilter.init(RequestContextFilter.java:43) Using base data directory: /tmp 
29 Apr 2024 18:46:04,055 INFO com.sismics.util.ClasspathScanner.findClasses(ClasspathScanner.java:48) Found 1 classes for IndexingHandler 
29 Apr 2024 18:46:04,056 INFO com.sismics.docs.core.util.indexing.LuceneIndexingHandler.initLucene(LuceneIndexingHandler.java:115) Using RAM Lucene storage 
29 Apr 2024 18:46:04,058 INFO com.sismics.docs.core.service.FileService.startUp(FileService.java:39) File service starting up 
29 Apr 2024 18:46:04,059 INFO com.sismics.docs.core.service.InboxService.startUp(InboxService.java:55) Inbox service starting up 
29 Apr 2024 18:46:05,024 INFO com.sismics.docs.core.listener.async.DocumentCreatedAsyncListener.on(DocumentCreatedAsyncListener.java:35) Document created event: DocumentCreatedAsyncEvent{documentId=eb164410-cc44-4657-84a3-1fce23c729e0} 
29 Apr 2024 18:46:05,399 INFO com.sismics.docs.core.util.FileUtil.startProcessingFile(FileUtil.java:221) Processing started for file: f7d7851e-166d-4e8b-887f-089b501c841a 
29 Apr 2024 18:46:05,418 INFO com.sismics.docs.core.listener.async.FileProcessingAsyncListener.on(FileProcessingAsyncListener.java:53) File created event: FileCreatedAsyncEvent{fileId=f7d7851e-166d-4e8b-887f-089b501c841a, language=eng} 
29 Apr 2024 18:46:15,807 INFO com.sismics.docs.core.listener.async.FileProcessingAsyncListener.extractContent(FileProcessingAsyncListener.java:176) Start extracting content from: File{id=f7d7851e-166d-4e8b-887f-089b501c841a, name=apache.pptx} 
29 Apr 2024 18:46:15,983 INFO com.sismics.docs.core.listener.async.FileProcessingAsyncListener.extractContent(FileProcessingAsyncListener.java:182) File content extracted in 176ms: f7d7851e-166d-4e8b-887f-089b501c841a 
29 Apr 2024 18:46:15,995 INFO com.sismics.docs.core.util.FileUtil.endProcessingFile(FileUtil.java:231) Processing ended for file: f7d7851e-166d-4e8b-887f-089b501c841a 
29 Apr 2024 18:46:15,996 INFO com.sismics.docs.core.listener.async.DocumentUpdatedAsyncListener.on(DocumentUpdatedAsyncListener.java:39) Document updated event: DocumentUpdatedAsyncEvent{documentId=eb164410-cc44-4657-84a3-1fce23c729e0} 
29 Apr 2024 18:46:30,501 INFO org.subethamail.smtp.server.SMTPServer.run(SMTPServer.java:333) SMTP Server socket shut down. 
29 Apr 2024 18:46:30,509 INFO com.sismics.docs.core.service.InboxService.shutDown(InboxService.java:60) Inbox service shutting down 
29 Apr 2024 18:46:30,510 INFO com.sismics.docs.core.service.FileService.shutDown(FileService.java:44) File service shutting down 
]]></system-out>
  </testcase>
  <testcase name="testCustomMetadata" classname="com.sismics.docs.rest.TestDocumentResource" time="8.972">
    <system-out><![CDATA[29 Apr 2024 18:46:30,513 INFO org.glassfish.jersey.test.external.ExternalTestContainerFactory$ExternalTestContainer.<init>(ExternalTestContainerFactory.java:91) Creating ExternalTestContainer configured at the base URI http://localhost:9998/docs 
29 Apr 2024 18:46:31,174 INFO com.sismics.util.filter.RequestContextFilter.init(RequestContextFilter.java:43) Using base data directory: /tmp 
29 Apr 2024 18:46:37,767 INFO com.sismics.util.ClasspathScanner.findClasses(ClasspathScanner.java:48) Found 1 classes for IndexingHandler 
29 Apr 2024 18:46:37,769 INFO com.sismics.docs.core.util.indexing.LuceneIndexingHandler.initLucene(LuceneIndexingHandler.java:115) Using RAM Lucene storage 
29 Apr 2024 18:46:37,770 INFO com.sismics.docs.core.service.FileService.startUp(FileService.java:39) File service starting up 
29 Apr 2024 18:46:37,772 INFO com.sismics.docs.core.service.InboxService.startUp(InboxService.java:55) Inbox service starting up 
29 Apr 2024 18:46:38,861 INFO com.sismics.docs.core.listener.async.DocumentCreatedAsyncListener.on(DocumentCreatedAsyncListener.java:35) Document created event: DocumentCreatedAsyncEvent{documentId=88f67761-c2ed-40ce-85db-b217354a8b2b} 
29 Apr 2024 18:46:39,112 INFO com.sismics.docs.core.listener.async.DocumentUpdatedAsyncListener.on(DocumentUpdatedAsyncListener.java:39) Document updated event: DocumentUpdatedAsyncEvent{documentId=88f67761-c2ed-40ce-85db-b217354a8b2b} 
29 Apr 2024 18:46:39,321 INFO com.sismics.docs.core.listener.async.DocumentUpdatedAsyncListener.on(DocumentUpdatedAsyncListener.java:39) Document updated event: DocumentUpdatedAsyncEvent{documentId=88f67761-c2ed-40ce-85db-b217354a8b2b} 
29 Apr 2024 18:46:39,481 INFO org.subethamail.smtp.server.SMTPServer.run(SMTPServer.java:333) SMTP Server socket shut down. 
29 Apr 2024 18:46:39,482 INFO com.sismics.docs.core.service.InboxService.shutDown(InboxService.java:60) Inbox service shutting down 
29 Apr 2024 18:46:39,482 INFO com.sismics.docs.core.service.FileService.shutDown(FileService.java:44) File service shutting down 
]]></system-out>
  </testcase>
  <testcase name="testOdtExtraction" classname="com.sismics.docs.rest.TestDocumentResource" time="15.942">
    <system-out><![CDATA[29 Apr 2024 18:46:39,490 INFO org.glassfish.jersey.test.external.ExternalTestContainerFactory$ExternalTestContainer.<init>(ExternalTestContainerFactory.java:91) Creating ExternalTestContainer configured at the base URI http://localhost:9998/docs 
29 Apr 2024 18:46:40,290 INFO com.sismics.util.filter.RequestContextFilter.init(RequestContextFilter.java:43) Using base data directory: /tmp 
29 Apr 2024 18:46:47,145 INFO com.sismics.util.ClasspathScanner.findClasses(ClasspathScanner.java:48) Found 1 classes for IndexingHandler 
29 Apr 2024 18:46:47,147 INFO com.sismics.docs.core.util.indexing.LuceneIndexingHandler.initLucene(LuceneIndexingHandler.java:115) Using RAM Lucene storage 
29 Apr 2024 18:46:47,148 INFO com.sismics.docs.core.service.FileService.startUp(FileService.java:39) File service starting up 
29 Apr 2024 18:46:47,151 INFO com.sismics.docs.core.service.InboxService.startUp(InboxService.java:55) Inbox service starting up 
29 Apr 2024 18:46:48,367 INFO com.sismics.docs.core.listener.async.DocumentCreatedAsyncListener.on(DocumentCreatedAsyncListener.java:35) Document created event: DocumentCreatedAsyncEvent{documentId=6d7e623c-f8bb-4225-b9c5-d9eb118d9333} 
29 Apr 2024 18:46:48,499 INFO com.sismics.docs.core.util.FileUtil.startProcessingFile(FileUtil.java:221) Processing started for file: 27bde467-230a-4f2d-93c7-0a851f3105e5 
29 Apr 2024 18:46:48,510 INFO com.sismics.docs.core.listener.async.FileProcessingAsyncListener.on(FileProcessingAsyncListener.java:53) File created event: FileCreatedAsyncEvent{fileId=27bde467-230a-4f2d-93c7-0a851f3105e5, language=eng} 
29 Apr 2024 18:46:54,872 WARN org.apache.pdfbox.pdmodel.font.PDType1Font.<init>(PDType1Font.java:296) Using fallback font LiberationSans for Helvetica 
29 Apr 2024 18:46:54,994 INFO com.sismics.docs.core.listener.async.FileProcessingAsyncListener.extractContent(FileProcessingAsyncListener.java:176) Start extracting content from: File{id=27bde467-230a-4f2d-93c7-0a851f3105e5, name=document.odt} 
29 Apr 2024 18:46:55,011 WARN org.apache.pdfbox.pdmodel.font.PDType1Font.<init>(PDType1Font.java:296) Using fallback font LiberationSans for Helvetica 
29 Apr 2024 18:46:55,012 INFO com.sismics.docs.core.listener.async.FileProcessingAsyncListener.extractContent(FileProcessingAsyncListener.java:182) File content extracted in 18ms: 27bde467-230a-4f2d-93c7-0a851f3105e5 
29 Apr 2024 18:46:55,017 INFO com.sismics.docs.core.util.FileUtil.endProcessingFile(FileUtil.java:231) Processing ended for file: 27bde467-230a-4f2d-93c7-0a851f3105e5 
29 Apr 2024 18:46:55,018 INFO com.sismics.docs.core.listener.async.DocumentUpdatedAsyncListener.on(DocumentUpdatedAsyncListener.java:39) Document updated event: DocumentUpdatedAsyncEvent{documentId=6d7e623c-f8bb-4225-b9c5-d9eb118d9333} 
29 Apr 2024 18:46:55,419 INFO org.subethamail.smtp.server.SMTPServer.run(SMTPServer.java:333) SMTP Server socket shut down. 
29 Apr 2024 18:46:55,427 INFO com.sismics.docs.core.service.InboxService.shutDown(InboxService.java:60) Inbox service shutting down 
29 Apr 2024 18:46:55,427 INFO com.sismics.docs.core.service.FileService.shutDown(FileService.java:44) File service shutting down 
]]></system-out>
  </testcase>
  <testcase name="testPlainTextExtraction" classname="com.sismics.docs.rest.TestDocumentResource" time="8.427">
    <system-out><![CDATA[29 Apr 2024 18:46:55,429 INFO org.glassfish.jersey.test.external.ExternalTestContainerFactory$ExternalTestContainer.<init>(ExternalTestContainerFactory.java:91) Creating ExternalTestContainer configured at the base URI http://localhost:9998/docs 
29 Apr 2024 18:46:56,068 INFO com.sismics.util.filter.RequestContextFilter.init(RequestContextFilter.java:43) Using base data directory: /tmp 
29 Apr 2024 18:47:02,554 INFO com.sismics.util.ClasspathScanner.findClasses(ClasspathScanner.java:48) Found 1 classes for IndexingHandler 
29 Apr 2024 18:47:02,555 INFO com.sismics.docs.core.util.indexing.LuceneIndexingHandler.initLucene(LuceneIndexingHandler.java:115) Using RAM Lucene storage 
29 Apr 2024 18:47:02,557 INFO com.sismics.docs.core.service.FileService.startUp(FileService.java:39) File service starting up 
29 Apr 2024 18:47:02,558 INFO com.sismics.docs.core.service.InboxService.startUp(InboxService.java:55) Inbox service starting up 
29 Apr 2024 18:47:03,381 INFO com.sismics.docs.core.listener.async.DocumentCreatedAsyncListener.on(DocumentCreatedAsyncListener.java:35) Document created event: DocumentCreatedAsyncEvent{documentId=b8695dcd-9ca1-42d5-bcba-c460caa9a3c9} 
29 Apr 2024 18:47:03,501 INFO com.sismics.docs.core.util.FileUtil.startProcessingFile(FileUtil.java:221) Processing started for file: d476da17-c739-4034-8193-8defe011f7e8 
29 Apr 2024 18:47:03,514 INFO com.sismics.docs.core.listener.async.FileProcessingAsyncListener.on(FileProcessingAsyncListener.java:53) File created event: FileCreatedAsyncEvent{fileId=d476da17-c739-4034-8193-8defe011f7e8, language=eng} 
29 Apr 2024 18:47:03,537 WARN org.apache.pdfbox.pdmodel.font.PDTrueTypeFont.<init>(PDTrueTypeFont.java:220) Using fallback font 'LiberationSans' for 'LiberationMono' 
29 Apr 2024 18:47:03,666 INFO com.sismics.docs.core.listener.async.FileProcessingAsyncListener.extractContent(FileProcessingAsyncListener.java:176) Start extracting content from: File{id=d476da17-c739-4034-8193-8defe011f7e8, name=document.txt} 
29 Apr 2024 18:47:03,667 INFO com.sismics.docs.core.listener.async.FileProcessingAsyncListener.extractContent(FileProcessingAsyncListener.java:182) File content extracted in 1ms: d476da17-c739-4034-8193-8defe011f7e8 
29 Apr 2024 18:47:03,674 INFO com.sismics.docs.core.util.FileUtil.endProcessingFile(FileUtil.java:231) Processing ended for file: d476da17-c739-4034-8193-8defe011f7e8 
29 Apr 2024 18:47:03,675 INFO com.sismics.docs.core.listener.async.DocumentUpdatedAsyncListener.on(DocumentUpdatedAsyncListener.java:39) Document updated event: DocumentUpdatedAsyncEvent{documentId=b8695dcd-9ca1-42d5-bcba-c460caa9a3c9} 
29 Apr 2024 18:47:03,846 INFO org.subethamail.smtp.server.SMTPServer.run(SMTPServer.java:333) SMTP Server socket shut down. 
29 Apr 2024 18:47:03,853 INFO com.sismics.docs.core.service.InboxService.shutDown(InboxService.java:60) Inbox service shutting down 
29 Apr 2024 18:47:03,853 INFO com.sismics.docs.core.service.FileService.shutDown(FileService.java:44) File service shutting down 
]]></system-out>
  </testcase>
  <testcase name="testDocumentResource" classname="com.sismics.docs.rest.TestDocumentResource" time="24.348">
    <system-out><![CDATA[29 Apr 2024 18:47:03,856 INFO org.glassfish.jersey.test.external.ExternalTestContainerFactory$ExternalTestContainer.<init>(ExternalTestContainerFactory.java:91) Creating ExternalTestContainer configured at the base URI http://localhost:9998/docs 
29 Apr 2024 18:47:04,447 INFO com.sismics.util.filter.RequestContextFilter.init(RequestContextFilter.java:43) Using base data directory: /tmp 
29 Apr 2024 18:47:11,583 INFO com.sismics.util.ClasspathScanner.findClasses(ClasspathScanner.java:48) Found 1 classes for IndexingHandler 
29 Apr 2024 18:47:11,584 INFO com.sismics.docs.core.util.indexing.LuceneIndexingHandler.initLucene(LuceneIndexingHandler.java:115) Using RAM Lucene storage 
29 Apr 2024 18:47:11,586 INFO com.sismics.docs.core.service.FileService.startUp(FileService.java:39) File service starting up 
29 Apr 2024 18:47:11,588 INFO com.sismics.docs.core.service.InboxService.startUp(InboxService.java:55) Inbox service starting up 
29 Apr 2024 18:47:12,710 INFO com.sismics.docs.core.listener.async.DocumentCreatedAsyncListener.on(DocumentCreatedAsyncListener.java:35) Document created event: DocumentCreatedAsyncEvent{documentId=c5f4aba1-c431-42d7-bd76-3233b524a410} 
29 Apr 2024 18:47:12,737 INFO com.sismics.docs.core.listener.async.DocumentCreatedAsyncListener.on(DocumentCreatedAsyncListener.java:35) Document created event: DocumentCreatedAsyncEvent{documentId=b41f06ad-f6eb-4bd9-87d4-63531ef5a2de} 
29 Apr 2024 18:47:12,901 INFO com.sismics.docs.core.util.FileUtil.startProcessingFile(FileUtil.java:221) Processing started for file: ce71e8a4-fdd1-442f-bfc1-896261d69c9f 
29 Apr 2024 18:47:12,928 INFO com.sismics.docs.core.listener.async.FileProcessingAsyncListener.on(FileProcessingAsyncListener.java:53) File created event: FileCreatedAsyncEvent{fileId=ce71e8a4-fdd1-442f-bfc1-896261d69c9f, language=eng} 
29 Apr 2024 18:47:13,214 INFO com.sismics.docs.core.listener.async.FileProcessingAsyncListener.extractContent(FileProcessingAsyncListener.java:176) Start extracting content from: File{id=ce71e8a4-fdd1-442f-bfc1-896261d69c9f, name=Einstein-Roosevelt-letter.png} 
29 Apr 2024 18:47:17,148 INFO com.sismics.docs.core.listener.async.FileProcessingAsyncListener.extractContent(FileProcessingAsyncListener.java:182) File content extracted in 3,934ms: ce71e8a4-fdd1-442f-bfc1-896261d69c9f 
29 Apr 2024 18:47:17,154 INFO com.sismics.docs.core.util.FileUtil.endProcessingFile(FileUtil.java:231) Processing ended for file: ce71e8a4-fdd1-442f-bfc1-896261d69c9f 
29 Apr 2024 18:47:17,155 INFO com.sismics.docs.core.listener.async.DocumentUpdatedAsyncListener.on(DocumentUpdatedAsyncListener.java:39) Document updated event: DocumentUpdatedAsyncEvent{documentId=c5f4aba1-c431-42d7-bd76-3233b524a410} 
29 Apr 2024 18:47:17,230 INFO com.sismics.docs.core.listener.async.DocumentUpdatedAsyncListener.on(DocumentUpdatedAsyncListener.java:39) Document updated event: DocumentUpdatedAsyncEvent{documentId=c5f4aba1-c431-42d7-bd76-3233b524a410} 
29 Apr 2024 18:47:17,451 INFO com.sismics.docs.core.listener.async.DocumentCreatedAsyncListener.on(DocumentCreatedAsyncListener.java:35) Document created event: DocumentCreatedAsyncEvent{documentId=221b1f01-0164-4ff3-bcfa-e54acbdb9011} 
29 Apr 2024 18:47:17,679 INFO com.sismics.docs.core.util.FileUtil.startProcessingFile(FileUtil.java:221) Processing started for file: ce29dbbd-33b7-47f7-a68e-bddc67de984f 
29 Apr 2024 18:47:17,703 INFO com.sismics.docs.core.listener.async.FileProcessingAsyncListener.on(FileProcessingAsyncListener.java:53) File created event: FileCreatedAsyncEvent{fileId=ce29dbbd-33b7-47f7-a68e-bddc67de984f, language=eng} 
29 Apr 2024 18:47:17,973 INFO com.sismics.docs.core.listener.async.FileProcessingAsyncListener.extractContent(FileProcessingAsyncListener.java:176) Start extracting content from: File{id=ce29dbbd-33b7-47f7-a68e-bddc67de984f, name=Einstein-Roosevelt-letter.png} 
29 Apr 2024 18:47:21,491 INFO com.sismics.docs.core.listener.async.FileProcessingAsyncListener.extractContent(FileProcessingAsyncListener.java:182) File content extracted in 3,517ms: ce29dbbd-33b7-47f7-a68e-bddc67de984f 
29 Apr 2024 18:47:21,497 INFO com.sismics.docs.core.util.FileUtil.endProcessingFile(FileUtil.java:231) Processing ended for file: ce29dbbd-33b7-47f7-a68e-bddc67de984f 
29 Apr 2024 18:47:21,498 INFO com.sismics.docs.core.listener.async.DocumentUpdatedAsyncListener.on(DocumentUpdatedAsyncListener.java:39) Document updated event: DocumentUpdatedAsyncEvent{documentId=221b1f01-0164-4ff3-bcfa-e54acbdb9011} 
29 Apr 2024 18:47:26,870 INFO com.sismics.docs.core.listener.async.DocumentUpdatedAsyncListener.on(DocumentUpdatedAsyncListener.java:39) Document updated event: DocumentUpdatedAsyncEvent{documentId=c5f4aba1-c431-42d7-bd76-3233b524a410} 
29 Apr 2024 18:47:26,896 INFO com.sismics.docs.core.listener.async.DocumentUpdatedAsyncListener.on(DocumentUpdatedAsyncListener.java:39) Document updated event: DocumentUpdatedAsyncEvent{documentId=b41f06ad-f6eb-4bd9-87d4-63531ef5a2de} 
29 Apr 2024 18:47:28,148 INFO com.sismics.docs.core.listener.async.FileDeletedAsyncListener.on(FileDeletedAsyncListener.java:33) File deleted event: FileDeletedAsyncEvent{fileId=ce71e8a4-fdd1-442f-bfc1-896261d69c9f} 
29 Apr 2024 18:47:28,152 INFO com.sismics.docs.core.listener.async.DocumentDeletedAsyncListener.on(DocumentDeletedAsyncListener.java:31) Document deleted event: DocumentDeletedAsyncEvent{documentId=c5f4aba1-c431-42d7-bd76-3233b524a410} 
29 Apr 2024 18:47:28,194 INFO org.subethamail.smtp.server.SMTPServer.run(SMTPServer.java:333) SMTP Server socket shut down. 
29 Apr 2024 18:47:28,195 INFO com.sismics.docs.core.service.InboxService.shutDown(InboxService.java:60) Inbox service shutting down 
29 Apr 2024 18:47:28,196 INFO com.sismics.docs.core.service.FileService.shutDown(FileService.java:44) File service shutting down 
]]></system-out>
  </testcase>
  <testcase name="testVideoExtraction" classname="com.sismics.docs.rest.TestDocumentResource" time="9.505">
    <failure message="expected:&lt;1&gt; but was:&lt;0&gt;" type="java.lang.AssertionError"><![CDATA[java.lang.AssertionError: expected:<1> but was:<0>
	at com.sismics.docs.rest.TestDocumentResource.testVideoExtraction(TestDocumentResource.java:672)
]]></failure>
    <system-out><![CDATA[29 Apr 2024 18:47:28,200 INFO org.glassfish.jersey.test.external.ExternalTestContainerFactory$ExternalTestContainer.<init>(ExternalTestContainerFactory.java:91) Creating ExternalTestContainer configured at the base URI http://localhost:9998/docs 
29 Apr 2024 18:47:28,836 INFO com.sismics.util.filter.RequestContextFilter.init(RequestContextFilter.java:43) Using base data directory: /tmp 
29 Apr 2024 18:47:35,197 INFO com.sismics.util.ClasspathScanner.findClasses(ClasspathScanner.java:48) Found 1 classes for IndexingHandler 
29 Apr 2024 18:47:35,198 INFO com.sismics.docs.core.util.indexing.LuceneIndexingHandler.initLucene(LuceneIndexingHandler.java:115) Using RAM Lucene storage 
29 Apr 2024 18:47:35,199 INFO com.sismics.docs.core.service.FileService.startUp(FileService.java:39) File service starting up 
29 Apr 2024 18:47:35,201 INFO com.sismics.docs.core.service.InboxService.startUp(InboxService.java:55) Inbox service starting up 
29 Apr 2024 18:47:36,121 INFO com.sismics.docs.core.listener.async.DocumentCreatedAsyncListener.on(DocumentCreatedAsyncListener.java:35) Document created event: DocumentCreatedAsyncEvent{documentId=286145ff-b5b7-4809-924d-fd6aac526b6d} 
29 Apr 2024 18:47:36,224 INFO com.sismics.docs.core.util.FileUtil.startProcessingFile(FileUtil.java:221) Processing started for file: d6c67d45-bcb8-4208-a904-e57bc7ea819f 
29 Apr 2024 18:47:36,234 INFO com.sismics.docs.core.listener.async.FileProcessingAsyncListener.on(FileProcessingAsyncListener.java:53) File created event: FileCreatedAsyncEvent{fileId=d6c67d45-bcb8-4208-a904-e57bc7ea819f, language=eng} 
29 Apr 2024 18:47:37,383 INFO com.sismics.docs.core.listener.async.FileProcessingAsyncListener.extractContent(FileProcessingAsyncListener.java:176) Start extracting content from: File{id=d6c67d45-bcb8-4208-a904-e57bc7ea819f, name=video.webm} 
29 Apr 2024 18:47:37,504 INFO com.sismics.docs.core.listener.async.FileProcessingAsyncListener.extractContent(FileProcessingAsyncListener.java:182) File content extracted in 121ms: d6c67d45-bcb8-4208-a904-e57bc7ea819f 
29 Apr 2024 18:47:37,511 INFO com.sismics.docs.core.util.FileUtil.endProcessingFile(FileUtil.java:231) Processing ended for file: d6c67d45-bcb8-4208-a904-e57bc7ea819f 
29 Apr 2024 18:47:37,512 INFO com.sismics.docs.core.listener.async.DocumentUpdatedAsyncListener.on(DocumentUpdatedAsyncListener.java:39) Document updated event: DocumentUpdatedAsyncEvent{documentId=286145ff-b5b7-4809-924d-fd6aac526b6d} 
29 Apr 2024 18:47:37,577 INFO org.subethamail.smtp.server.SMTPServer.run(SMTPServer.java:333) SMTP Server socket shut down. 
29 Apr 2024 18:47:37,584 INFO com.sismics.docs.core.service.InboxService.shutDown(InboxService.java:60) Inbox service shutting down 
29 Apr 2024 18:47:37,584 INFO com.sismics.docs.core.service.FileService.shutDown(FileService.java:44) File service shutting down 
]]></system-out>
  </testcase>
</testsuite>