<?xml version="1.0" encoding="UTF-8"?>
<testsuite xmlns:xsi="http://www.w3.org/2001/XMLSchema-instance" xsi:noNamespaceSchemaLocation="https://maven.apache.org/surefire/maven-surefire-plugin/xsd/surefire-test-report-3.0.xsd" version="3.0" name="com.sismics.docs.rest.TestShareResource" time="112.672" tests="1" errors="0" skipped="0" failures="0">
  <properties>
    <property name="awt.toolkit" value="sun.awt.X11.XToolkit"/>
    <property name="java.specification.version" value="11"/>
    <property name="sun.cpu.isalist" value=""/>
    <property name="sun.jnu.encoding" value="UTF-8"/>
    <property name="java.class.path" value="/mnt/d/2024SPRING/Software/Teedy/docs-web/target/test-classes:/mnt/d/2024SPRING/Software/Teedy/docs-web/target/classes:/mnt/d/2024SPRING/Software/Teedy/docs-core/target/classes:/mnt/d/program_files/apache-maven-3.9.5-bin/maven-repo/org/hibernate/hibernate-core/5.4.27.Final/hibernate-core-5.4.27.Final.jar:/mnt/d/program_files/apache-maven-3.9.5-bin/maven-repo/org/jboss/logging/jboss-logging/3.4.1.Final/jboss-logging-3.4.1.Final.jar:/mnt/d/program_files/apache-maven-3.9.5-bin/maven-repo/javax/persistence/javax.persistence-api/2.2/javax.persistence-api-2.2.jar:/mnt/d/program_files/apache-maven-3.9.5-bin/maven-repo/net/bytebuddy/byte-buddy/1.10.17/byte-buddy-1.10.17.jar:/mnt/d/program_files/apache-maven-3.9.5-bin/maven-repo/antlr/antlr/2.7.7/antlr-2.7.7.jar:/mnt/d/program_files/apache-maven-3.9.5-bin/maven-repo/org/jboss/spec/javax/transaction/jboss-transaction-api_1.2_spec/1.1.1.Final/jboss-transaction-api_1.2_spec-1.1.1.Final.jar:/mnt/d/program_files/apache-maven-3.9.5-bin/maven-repo/org/jboss/jandex/2.1.3.Final/jandex-2.1.3.Final.jar:/mnt/d/program_files/apache-maven-3.9.5-bin/maven-repo/com/fasterxml/classmate/1.5.1/classmate-1.5.1.jar:/mnt/d/program_files/apache-maven-3.9.5-bin/maven-repo/javax/activation/javax.activation-api/1.2.0/javax.activation-api-1.2.0.jar:/mnt/d/program_files/apache-maven-3.9.5-bin/maven-repo/org/dom4j/dom4j/2.1.3/dom4j-2.1.3.jar:/mnt/d/program_files/apache-maven-3.9.5-bin/maven-repo/org/hibernate/common/hibernate-commons-annotations/5.1.2.Final/hibernate-commons-annotations-5.1.2.Final.jar:/mnt/d/program_files/apache-maven-3.9.5-bin/maven-repo/org/glassfish/jaxb/jaxb-runtime/2.3.1/jaxb-runtime-2.3.1.jar:/mnt/d/program_files/apache-maven-3.9.5-bin/maven-repo/org/glassfish/jaxb/txw2/2.3.1/txw2-2.3.1.jar:/mnt/d/program_files/apache-maven-3.9.5-bin/maven-repo/com/sun/istack/istack-commons-runtime/3.0.7/istack-commons-runtime-3.0.7.jar:/mnt/d/program_files/apache-maven-3.9.5-bin/maven-repo/org/jvnet/staxex/stax-ex/1.8/stax-ex-1.8.jar:/mnt/d/program_files/apache-maven-3.9.5-bin/maven-repo/com/sun/xml/fastinfoset/FastInfoset/1.2.15/FastInfoset-1.2.15.jar:/mnt/d/program_files/apache-maven-3.9.5-bin/maven-repo/org/hibernate/hibernate-entitymanager/5.4.27.Final/hibernate-entitymanager-5.4.27.Final.jar:/mnt/d/program_files/apache-maven-3.9.5-bin/maven-repo/org/hibernate/hibernate-c3p0/5.4.27.Final/hibernate-c3p0-5.4.27.Final.jar:/mnt/d/program_files/apache-maven-3.9.5-bin/maven-repo/com/mchange/c3p0/0.9.5.5/c3p0-0.9.5.5.jar:/mnt/d/program_files/apache-maven-3.9.5-bin/maven-repo/com/mchange/mchange-commons-java/0.2.19/mchange-commons-java-0.2.19.jar:/mnt/d/program_files/apache-maven-3.9.5-bin/maven-repo/org/apache/commons/commons-compress/1.18/commons-compress-1.18.jar:/mnt/d/program_files/apache-maven-3.9.5-bin/maven-repo/org/apache/commons/commons-email/1.5/commons-email-1.5.jar:/mnt/d/program_files/apache-maven-3.9.5-bin/maven-repo/org/freemarker/freemarker/2.3.30/freemarker-2.3.30.jar:/mnt/d/program_files/apache-maven-3.9.5-bin/maven-repo/org/glassfish/javax.json/1.1.4/javax.json-1.1.4.jar:/mnt/d/program_files/apache-maven-3.9.5-bin/maven-repo/org/jsoup/jsoup/1.13.1/jsoup-1.13.1.jar:/mnt/d/program_files/apache-maven-3.9.5-bin/maven-repo/org/slf4j/slf4j-log4j12/1.7.30/slf4j-log4j12-1.7.30.jar:/mnt/d/program_files/apache-maven-3.9.5-bin/maven-repo/org/slf4j/slf4j-api/1.7.30/slf4j-api-1.7.30.jar:/mnt/d/program_files/apache-maven-3.9.5-bin/maven-repo/org/slf4j/jcl-over-slf4j/1.7.30/jcl-over-slf4j-1.7.30.jar:/mnt/d/program_files/apache-maven-3.9.5-bin/maven-repo/at/favre/lib/bcrypt/0.9.0/bcrypt-0.9.0.jar:/mnt/d/program_files/apache-maven-3.9.5-bin/maven-repo/at/favre/lib/bytes/1.3.0/bytes-1.3.0.jar:/mnt/d/program_files/apache-maven-3.9.5-bin/maven-repo/org/apache/lucene/lucene-core/8.7.0/lucene-core-8.7.0.jar:/mnt/d/program_files/apache-maven-3.9.5-bin/maven-repo/org/apache/lucene/lucene-analyzers-common/8.7.0/lucene-analyzers-common-8.7.0.jar:/mnt/d/program_files/apache-maven-3.9.5-bin/maven-repo/org/apache/lucene/lucene-queryparser/8.7.0/lucene-queryparser-8.7.0.jar:/mnt/d/program_files/apache-maven-3.9.5-bin/maven-repo/org/apache/lucene/lucene-queries/8.7.0/lucene-queries-8.7.0.jar:/mnt/d/program_files/apache-maven-3.9.5-bin/maven-repo/org/apache/lucene/lucene-sandbox/8.7.0/lucene-sandbox-8.7.0.jar:/mnt/d/program_files/apache-maven-3.9.5-bin/maven-repo/org/apache/lucene/lucene-suggest/8.7.0/lucene-suggest-8.7.0.jar:/mnt/d/program_files/apache-maven-3.9.5-bin/maven-repo/org/apache/lucene/lucene-highlighter/8.7.0/lucene-highlighter-8.7.0.jar:/mnt/d/program_files/apache-maven-3.9.5-bin/maven-repo/org/apache/lucene/lucene-memory/8.7.0/lucene-memory-8.7.0.jar:/mnt/d/program_files/apache-maven-3.9.5-bin/maven-repo/com/sun/mail/javax.mail/1.6.2/javax.mail-1.6.2.jar:/mnt/d/program_files/apache-maven-3.9.5-bin/maven-repo/javax/activation/activation/1.1/activation-1.1.jar:/mnt/d/program_files/apache-maven-3.9.5-bin/maven-repo/com/squareup/okhttp3/okhttp/4.9.0/okhttp-4.9.0.jar:/mnt/d/program_files/apache-maven-3.9.5-bin/maven-repo/com/squareup/okio/okio/2.8.0/okio-2.8.0.jar:/mnt/d/program_files/apache-maven-3.9.5-bin/maven-repo/org/jetbrains/kotlin/kotlin-stdlib-common/1.4.0/kotlin-stdlib-common-1.4.0.jar:/mnt/d/program_files/apache-maven-3.9.5-bin/maven-repo/org/jetbrains/kotlin/kotlin-stdlib/1.4.10/kotlin-stdlib-1.4.10.jar:/mnt/d/program_files/apache-maven-3.9.5-bin/maven-repo/org/jetbrains/annotations/13.0/annotations-13.0.jar:/mnt/d/program_files/apache-maven-3.9.5-bin/maven-repo/org/apache/directory/api/api-all/2.0.1/api-all-2.0.1.jar:/mnt/d/program_files/apache-maven-3.9.5-bin/maven-repo/org/apache/servicemix/bundles/org.apache.servicemix.bundles.xpp3/1.1.4c_7/org.apache.servicemix.bundles.xpp3-1.1.4c_7.jar:/mnt/d/program_files/apache-maven-3.9.5-bin/maven-repo/org/apache/servicemix/bundles/org.apache.servicemix.bundles.dom4j/2.1.1_1/org.apache.servicemix.bundles.dom4j-2.1.1_1.jar:/mnt/d/program_files/apache-maven-3.9.5-bin/maven-repo/org/apache/commons/commons-pool2/2.8.0/commons-pool2-2.8.0.jar:/mnt/d/program_files/apache-maven-3.9.5-bin/maven-repo/org/apache/mina/mina-core/2.1.3/mina-core-2.1.3.jar:/mnt/d/program_files/apache-maven-3.9.5-bin/maven-repo/org/apache/commons/commons-lang3/3.9/commons-lang3-3.9.jar:/mnt/d/program_files/apache-maven-3.9.5-bin/maven-repo/org/apache/commons/commons-collections4/4.4/commons-collections4-4.4.jar:/mnt/d/program_files/apache-maven-3.9.5-bin/maven-repo/org/apache/servicemix/bundles/org.apache.servicemix.bundles.antlr/2.7.7_5/org.apache.servicemix.bundles.antlr-2.7.7_5.jar:/mnt/d/program_files/apache-maven-3.9.5-bin/maven-repo/commons-codec/commons-codec/1.14/commons-codec-1.14.jar:/mnt/d/program_files/apache-maven-3.9.5-bin/maven-repo/org/apache/lucene/lucene-backward-codecs/8.7.0/lucene-backward-codecs-8.7.0.jar:/mnt/d/program_files/apache-maven-3.9.5-bin/maven-repo/org/imgscalr/imgscalr-lib/4.2/imgscalr-lib-4.2.jar:/mnt/d/program_files/apache-maven-3.9.5-bin/maven-repo/org/apache/pdfbox/pdfbox/2.0.22/pdfbox-2.0.22.jar:/mnt/d/program_files/apache-maven-3.9.5-bin/maven-repo/org/apache/pdfbox/fontbox/2.0.22/fontbox-2.0.22.jar:/mnt/d/program_files/apache-maven-3.9.5-bin/maven-repo/org/bouncycastle/bcprov-jdk15on/1.68/bcprov-jdk15on-1.68.jar:/mnt/d/program_files/apache-maven-3.9.5-bin/maven-repo/fr/opensagres/xdocreport/fr.opensagres.odfdom.converter.pdf/2.0.2/fr.opensagres.odfdom.converter.pdf-2.0.2.jar:/mnt/d/program_files/apache-maven-3.9.5-bin/maven-repo/fr/opensagres/xdocreport/fr.opensagres.odfdom.converter.core/2.0.2/fr.opensagres.odfdom.converter.core-2.0.2.jar:/mnt/d/program_files/apache-maven-3.9.5-bin/maven-repo/org/odftoolkit/odfdom-java/0.8.7/odfdom-java-0.8.7.jar:/mnt/d/program_files/apache-maven-3.9.5-bin/maven-repo/xerces/xercesImpl/2.9.1/xercesImpl-2.9.1.jar:/mnt/d/program_files/apache-maven-3.9.5-bin/maven-repo/xml-apis/xml-apis/1.3.04/xml-apis-1.3.04.jar:/mnt/d/program_files/apache-maven-3.9.5-bin/maven-repo/fr/opensagres/xdocreport/fr.opensagres.xdocreport.itext.extension/2.0.2/fr.opensagres.xdocreport.itext.extension-2.0.2.jar:/mnt/d/program_files/apache-maven-3.9.5-bin/maven-repo/com/lowagie/itext/2.1.7/itext-2.1.7.jar:/mnt/d/program_files/apache-maven-3.9.5-bin/maven-repo/fr/opensagres/xdocreport/fr.opensagres.poi.xwpf.converter.pdf/2.0.2/fr.opensagres.poi.xwpf.converter.pdf-2.0.2.jar:/mnt/d/program_files/apache-maven-3.9.5-bin/maven-repo/fr/opensagres/xdocreport/fr.opensagres.poi.xwpf.converter.core/2.0.2/fr.opensagres.poi.xwpf.converter.core-2.0.2.jar:/mnt/d/program_files/apache-maven-3.9.5-bin/maven-repo/org/apache/poi/poi-ooxml/4.0.1/poi-ooxml-4.0.1.jar:/mnt/d/program_files/apache-maven-3.9.5-bin/maven-repo/org/apache/poi/poi/4.0.1/poi-4.0.1.jar:/mnt/d/program_files/apache-maven-3.9.5-bin/maven-repo/org/apache/commons/commons-math3/3.6.1/commons-math3-3.6.1.jar:/mnt/d/program_files/apache-maven-3.9.5-bin/maven-repo/com/github/virtuald/curvesapi/1.05/curvesapi-1.05.jar:/mnt/d/program_files/apache-maven-3.9.5-bin/maven-repo/org/apache/poi/ooxml-schemas/1.4/ooxml-schemas-1.4.jar:/mnt/d/program_files/apache-maven-3.9.5-bin/maven-repo/org/apache/xmlbeans/xmlbeans/3.0.1/xmlbeans-3.0.1.jar:/mnt/d/program_files/apache-maven-3.9.5-bin/maven-repo/com/twelvemonkeys/imageio/imageio-jpeg/3.6.2/imageio-jpeg-3.6.2.jar:/mnt/d/program_files/apache-maven-3.9.5-bin/maven-repo/com/twelvemonkeys/imageio/imageio-core/3.6.2/imageio-core-3.6.2.jar:/mnt/d/program_files/apache-maven-3.9.5-bin/maven-repo/com/twelvemonkeys/imageio/imageio-metadata/3.6.2/imageio-metadata-3.6.2.jar:/mnt/d/program_files/apache-maven-3.9.5-bin/maven-repo/com/twelvemonkeys/imageio/imageio-tiff/3.6.2/imageio-tiff-3.6.2.jar:/mnt/d/program_files/apache-maven-3.9.5-bin/maven-repo/com/github/jai-imageio/jai-imageio-jpeg2000/1.4.0/jai-imageio-jpeg2000-1.4.0.jar:/mnt/d/program_files/apache-maven-3.9.5-bin/maven-repo/com/github/jai-imageio/jai-imageio-core/1.4.0/jai-imageio-core-1.4.0.jar:/mnt/d/program_files/apache-maven-3.9.5-bin/maven-repo/com/levigo/jbig2/levigo-jbig2-imageio/2.0/levigo-jbig2-imageio-2.0.jar:/mnt/d/program_files/apache-maven-3.9.5-bin/maven-repo/org/postgresql/postgresql/42.2.18/postgresql-42.2.18.jar:/mnt/d/program_files/apache-maven-3.9.5-bin/maven-repo/javax/xml/bind/jaxb-api/2.3.0/jaxb-api-2.3.0.jar:/mnt/d/program_files/apache-maven-3.9.5-bin/maven-repo/com/sun/xml/bind/jaxb-core/2.3.0/jaxb-core-2.3.0.jar:/mnt/d/program_files/apache-maven-3.9.5-bin/maven-repo/com/sun/xml/bind/jaxb-impl/2.3.0/jaxb-impl-2.3.0.jar:/mnt/d/2024SPRING/Software/Teedy/docs-web-common/target/classes:/mnt/d/program_files/apache-maven-3.9.5-bin/maven-repo/org/slf4j/jul-to-slf4j/1.7.30/jul-to-slf4j-1.7.30.jar:/mnt/d/program_files/apache-maven-3.9.5-bin/maven-repo/org/glassfish/jersey/containers/jersey-container-servlet/2.33/jersey-container-servlet-2.33.jar:/mnt/d/program_files/apache-maven-3.9.5-bin/maven-repo/org/glassfish/jersey/containers/jersey-container-servlet-core/2.33/jersey-container-servlet-core-2.33.jar:/mnt/d/program_files/apache-maven-3.9.5-bin/maven-repo/org/glassfish/hk2/external/jakarta.inject/2.6.1/jakarta.inject-2.6.1.jar:/mnt/d/program_files/apache-maven-3.9.5-bin/maven-repo/org/glassfish/jersey/core/jersey-common/2.33/jersey-common-2.33.jar:/mnt/d/program_files/apache-maven-3.9.5-bin/maven-repo/jakarta/annotation/jakarta.annotation-api/1.3.5/jakarta.annotation-api-1.3.5.jar:/mnt/d/program_files/apache-maven-3.9.5-bin/maven-repo/org/glassfish/hk2/osgi-resource-locator/1.0.3/osgi-resource-locator-1.0.3.jar:/mnt/d/program_files/apache-maven-3.9.5-bin/maven-repo/org/glassfish/jersey/core/jersey-server/2.33/jersey-server-2.33.jar:/mnt/d/program_files/apache-maven-3.9.5-bin/maven-repo/org/glassfish/jersey/core/jersey-client/2.33/jersey-client-2.33.jar:/mnt/d/program_files/apache-maven-3.9.5-bin/maven-repo/jakarta/validation/jakarta.validation-api/2.0.2/jakarta.validation-api-2.0.2.jar:/mnt/d/program_files/apache-maven-3.9.5-bin/maven-repo/jakarta/ws/rs/jakarta.ws.rs-api/2.1.6/jakarta.ws.rs-api-2.1.6.jar:/mnt/d/program_files/apache-maven-3.9.5-bin/maven-repo/org/glassfish/jersey/media/jersey-media-json-processing/2.33/jersey-media-json-processing-2.33.jar:/mnt/d/program_files/apache-maven-3.9.5-bin/maven-repo/org/glassfish/jakarta.json/1.1.6/jakarta.json-1.1.6.jar:/mnt/d/program_files/apache-maven-3.9.5-bin/maven-repo/org/glassfish/jsonp-jaxrs/1.1.6/jsonp-jaxrs-1.1.6.jar:/mnt/d/program_files/apache-maven-3.9.5-bin/maven-repo/org/glassfish/jersey/media/jersey-media-multipart/2.33/jersey-media-multipart-2.33.jar:/mnt/d/program_files/apache-maven-3.9.5-bin/maven-repo/org/jvnet/mimepull/mimepull/1.9.13/mimepull-1.9.13.jar:/mnt/d/program_files/apache-maven-3.9.5-bin/maven-repo/org/glassfish/jersey/inject/jersey-hk2/2.33/jersey-hk2-2.33.jar:/mnt/d/program_files/apache-maven-3.9.5-bin/maven-repo/org/glassfish/hk2/hk2-locator/2.6.1/hk2-locator-2.6.1.jar:/mnt/d/program_files/apache-maven-3.9.5-bin/maven-repo/org/glassfish/hk2/external/aopalliance-repackaged/2.6.1/aopalliance-repackaged-2.6.1.jar:/mnt/d/program_files/apache-maven-3.9.5-bin/maven-repo/org/glassfish/hk2/hk2-api/2.6.1/hk2-api-2.6.1.jar:/mnt/d/program_files/apache-maven-3.9.5-bin/maven-repo/org/glassfish/hk2/hk2-utils/2.6.1/hk2-utils-2.6.1.jar:/mnt/d/program_files/apache-maven-3.9.5-bin/maven-repo/org/javassist/javassist/3.25.0-GA/javassist-3.25.0-GA.jar:/mnt/d/program_files/apache-maven-3.9.5-bin/maven-repo/commons-lang/commons-lang/2.6/commons-lang-2.6.jar:/mnt/d/program_files/apache-maven-3.9.5-bin/maven-repo/commons-io/commons-io/2.6/commons-io-2.6.jar:/mnt/d/program_files/apache-maven-3.9.5-bin/maven-repo/com/google/guava/guava/30.1-jre/guava-30.1-jre.jar:/mnt/d/program_files/apache-maven-3.9.5-bin/maven-repo/com/google/guava/failureaccess/1.0.1/failureaccess-1.0.1.jar:/mnt/d/program_files/apache-maven-3.9.5-bin/maven-repo/com/google/guava/listenablefuture/9999.0-empty-to-avoid-conflict-with-guava/listenablefuture-9999.0-empty-to-avoid-conflict-with-guava.jar:/mnt/d/program_files/apache-maven-3.9.5-bin/maven-repo/com/google/code/findbugs/jsr305/3.0.2/jsr305-3.0.2.jar:/mnt/d/program_files/apache-maven-3.9.5-bin/maven-repo/org/checkerframework/checker-qual/3.5.0/checker-qual-3.5.0.jar:/mnt/d/program_files/apache-maven-3.9.5-bin/maven-repo/com/google/errorprone/error_prone_annotations/2.3.4/error_prone_annotations-2.3.4.jar:/mnt/d/program_files/apache-maven-3.9.5-bin/maven-repo/com/google/j2objc/j2objc-annotations/1.3/j2objc-annotations-1.3.jar:/mnt/d/program_files/apache-maven-3.9.5-bin/maven-repo/log4j/log4j/1.2.17/log4j-1.2.17.jar:/mnt/d/program_files/apache-maven-3.9.5-bin/maven-repo/commons-dbcp/commons-dbcp/1.4/commons-dbcp-1.4.jar:/mnt/d/program_files/apache-maven-3.9.5-bin/maven-repo/commons-pool/commons-pool/1.5.4/commons-pool-1.5.4.jar:/mnt/d/program_files/apache-maven-3.9.5-bin/maven-repo/javax/servlet/javax.servlet-api/4.0.1/javax.servlet-api-4.0.1.jar:/mnt/d/program_files/apache-maven-3.9.5-bin/maven-repo/joda-time/joda-time/2.10.9/joda-time-2.10.9.jar:/mnt/d/program_files/apache-maven-3.9.5-bin/maven-repo/com/h2database/h2/1.4.199/h2-1.4.199.jar:/mnt/d/program_files/apache-maven-3.9.5-bin/maven-repo/com/twelvemonkeys/servlet/servlet/3.6.2/servlet-3.6.2.jar:/mnt/d/program_files/apache-maven-3.9.5-bin/maven-repo/com/twelvemonkeys/common/common-lang/3.6.2/common-lang-3.6.2.jar:/mnt/d/program_files/apache-maven-3.9.5-bin/maven-repo/com/twelvemonkeys/common/common-io/3.6.2/common-io-3.6.2.jar:/mnt/d/program_files/apache-maven-3.9.5-bin/maven-repo/com/twelvemonkeys/common/common-image/3.6.2/common-image-3.6.2.jar:/mnt/d/2024SPRING/Software/Teedy/docs-web-common/target/test-classes:/mnt/d/program_files/apache-maven-3.9.5-bin/maven-repo/junit/junit/4.13.1/junit-4.13.1.jar:/mnt/d/program_files/apache-maven-3.9.5-bin/maven-repo/org/hamcrest/hamcrest-core/1.3/hamcrest-core-1.3.jar:/mnt/d/program_files/apache-maven-3.9.5-bin/maven-repo/org/glassfish/jersey/test-framework/providers/jersey-test-framework-provider-inmemory/2.33/jersey-test-framework-provider-inmemory-2.33.jar:/mnt/d/program_files/apache-maven-3.9.5-bin/maven-repo/org/glassfish/jersey/test-framework/providers/jersey-test-framework-provider-external/2.33/jersey-test-framework-provider-external-2.33.jar:/mnt/d/program_files/apache-maven-3.9.5-bin/maven-repo/org/glassfish/jersey/test-framework/providers/jersey-test-framework-provider-jdk-http/2.33/jersey-test-framework-provider-jdk-http-2.33.jar:/mnt/d/program_files/apache-maven-3.9.5-bin/maven-repo/org/glassfish/jersey/containers/jersey-container-jdk-http/2.33/jersey-container-jdk-http-2.33.jar:/mnt/d/program_files/apache-maven-3.9.5-bin/maven-repo/org/glassfish/jersey/test-framework/providers/jersey-test-framework-provider-simple/2.33/jersey-test-framework-provider-simple-2.33.jar:/mnt/d/program_files/apache-maven-3.9.5-bin/maven-repo/org/glassfish/jersey/containers/jersey-container-simple-http/2.33/jersey-container-simple-http-2.33.jar:/mnt/d/program_files/apache-maven-3.9.5-bin/maven-repo/org/simpleframework/simple-http/6.0.1/simple-http-6.0.1.jar:/mnt/d/program_files/apache-maven-3.9.5-bin/maven-repo/org/simpleframework/simple-transport/6.0.1/simple-transport-6.0.1.jar:/mnt/d/program_files/apache-maven-3.9.5-bin/maven-repo/org/simpleframework/simple-common/6.0.1/simple-common-6.0.1.jar:/mnt/d/program_files/apache-maven-3.9.5-bin/maven-repo/org/glassfish/jersey/test-framework/providers/jersey-test-framework-provider-jetty/2.33/jersey-test-framework-provider-jetty-2.33.jar:/mnt/d/program_files/apache-maven-3.9.5-bin/maven-repo/org/glassfish/jersey/containers/jersey-container-jetty-http/2.33/jersey-container-jetty-http-2.33.jar:/mnt/d/program_files/apache-maven-3.9.5-bin/maven-repo/org/eclipse/jetty/jetty-server/9.4.36.v20210114/jetty-server-9.4.36.v20210114.jar:/mnt/d/program_files/apache-maven-3.9.5-bin/maven-repo/org/eclipse/jetty/jetty-http/9.4.36.v20210114/jetty-http-9.4.36.v20210114.jar:/mnt/d/program_files/apache-maven-3.9.5-bin/maven-repo/org/eclipse/jetty/jetty-io/9.4.36.v20210114/jetty-io-9.4.36.v20210114.jar:/mnt/d/program_files/apache-maven-3.9.5-bin/maven-repo/org/eclipse/jetty/jetty-util/9.4.28.v20200408/jetty-util-9.4.28.v20200408.jar:/mnt/d/program_files/apache-maven-3.9.5-bin/maven-repo/org/eclipse/jetty/jetty-continuation/9.4.28.v20200408/jetty-continuation-9.4.28.v20200408.jar:/mnt/d/program_files/apache-maven-3.9.5-bin/maven-repo/org/glassfish/jersey/test-framework/providers/jersey-test-framework-provider-netty/2.33/jersey-test-framework-provider-netty-2.33.jar:/mnt/d/program_files/apache-maven-3.9.5-bin/maven-repo/org/glassfish/jersey/containers/jersey-container-netty-http/2.33/jersey-container-netty-http-2.33.jar:/mnt/d/program_files/apache-maven-3.9.5-bin/maven-repo/org/glassfish/jersey/connectors/jersey-netty-connector/2.33/jersey-netty-connector-2.33.jar:/mnt/d/program_files/apache-maven-3.9.5-bin/maven-repo/io/netty/netty-all/4.1.43.Final/netty-all-4.1.43.Final.jar:/mnt/d/program_files/apache-maven-3.9.5-bin/maven-repo/org/glassfish/jersey/test-framework/providers/jersey-test-framework-provider-grizzly2/2.33/jersey-test-framework-provider-grizzly2-2.33.jar:/mnt/d/program_files/apache-maven-3.9.5-bin/maven-repo/jakarta/servlet/jakarta.servlet-api/4.0.3/jakarta.servlet-api-4.0.3.jar:/mnt/d/program_files/apache-maven-3.9.5-bin/maven-repo/org/glassfish/jersey/test-framework/jersey-test-framework-core/2.33/jersey-test-framework-core-2.33.jar:/mnt/d/program_files/apache-maven-3.9.5-bin/maven-repo/jakarta/xml/bind/jakarta.xml.bind-api/2.3.3/jakarta.xml.bind-api-2.3.3.jar:/mnt/d/program_files/apache-maven-3.9.5-bin/maven-repo/jakarta/activation/jakarta.activation-api/1.2.2/jakarta.activation-api-1.2.2.jar:/mnt/d/program_files/apache-maven-3.9.5-bin/maven-repo/org/glassfish/jersey/media/jersey-media-jaxb/2.33/jersey-media-jaxb-2.33.jar:/mnt/d/program_files/apache-maven-3.9.5-bin/maven-repo/org/glassfish/jersey/containers/jersey-container-grizzly2-http/2.33/jersey-container-grizzly2-http-2.33.jar:/mnt/d/program_files/apache-maven-3.9.5-bin/maven-repo/org/glassfish/grizzly/grizzly-http-server/2.4.4/grizzly-http-server-2.4.4.jar:/mnt/d/program_files/apache-maven-3.9.5-bin/maven-repo/org/glassfish/grizzly/grizzly-http/2.4.4/grizzly-http-2.4.4.jar:/mnt/d/program_files/apache-maven-3.9.5-bin/maven-repo/org/glassfish/grizzly/grizzly-framework/2.4.4/grizzly-framework-2.4.4.jar:/mnt/d/program_files/apache-maven-3.9.5-bin/maven-repo/org/glassfish/jersey/containers/jersey-container-grizzly2-servlet/2.33/jersey-container-grizzly2-servlet-2.33.jar:/mnt/d/program_files/apache-maven-3.9.5-bin/maven-repo/org/glassfish/grizzly/grizzly-http-servlet/2.4.4/grizzly-http-servlet-2.4.4.jar:/mnt/d/program_files/apache-maven-3.9.5-bin/maven-repo/org/subethamail/subethasmtp-wiser/1.2/subethasmtp-wiser-1.2.jar:/mnt/d/program_files/apache-maven-3.9.5-bin/maven-repo/org/subethamail/subethasmtp-smtp/1.2/subethasmtp-smtp-1.2.jar:/mnt/d/program_files/apache-maven-3.9.5-bin/maven-repo/commons-logging/commons-logging/1.1/commons-logging-1.1.jar:/mnt/d/program_files/apache-maven-3.9.5-bin/maven-repo/logkit/logkit/1.0.1/logkit-1.0.1.jar:/mnt/d/program_files/apache-maven-3.9.5-bin/maven-repo/avalon-framework/avalon-framework/4.1.3/avalon-framework-4.1.3.jar:/mnt/d/program_files/apache-maven-3.9.5-bin/maven-repo/javax/servlet/servlet-api/2.3/servlet-api-2.3.jar:/mnt/d/program_files/apache-maven-3.9.5-bin/maven-repo/com/icegreen/greenmail/1.5.8/greenmail-1.5.8.jar:"/>
    <property name="java.vm.vendor" value="Ubuntu"/>
    <property name="sun.arch.data.model" value="64"/>
    <property name="java.vendor.url" value="https://ubuntu.com/"/>
    <property name="user.timezone" value=""/>
    <property name="java.vm.specification.version" value="11"/>
    <property name="os.name" value="Linux"/>
    <property name="sun.java.launcher" value="SUN_STANDARD"/>
    <property name="sun.boot.library.path" value="/usr/lib/jvm/java-11-openjdk-amd64/lib"/>
    <property name="sun.java.command" value="/mnt/d/2024SPRING/Software/Teedy/docs-web/target/surefire/surefirebooter12121319478020541837.jar /mnt/d/2024SPRING/Software/Teedy/docs-web/target/surefire 2024-04-29T18-31-54_946-jvmRun1 surefire171637922700779611tmp surefire_213376869124005205210tmp"/>
    <property name="jdk.debug" value="release"/>
    <property name="surefire.test.class.path" value="/mnt/d/2024SPRING/Software/Teedy/docs-web/target/test-classes:/mnt/d/2024SPRING/Software/Teedy/docs-web/target/classes:/mnt/d/2024SPRING/Software/Teedy/docs-core/target/classes:/mnt/d/program_files/apache-maven-3.9.5-bin/maven-repo/org/hibernate/hibernate-core/5.4.27.Final/hibernate-core-5.4.27.Final.jar:/mnt/d/program_files/apache-maven-3.9.5-bin/maven-repo/org/jboss/logging/jboss-logging/3.4.1.Final/jboss-logging-3.4.1.Final.jar:/mnt/d/program_files/apache-maven-3.9.5-bin/maven-repo/javax/persistence/javax.persistence-api/2.2/javax.persistence-api-2.2.jar:/mnt/d/program_files/apache-maven-3.9.5-bin/maven-repo/net/bytebuddy/byte-buddy/1.10.17/byte-buddy-1.10.17.jar:/mnt/d/program_files/apache-maven-3.9.5-bin/maven-repo/antlr/antlr/2.7.7/antlr-2.7.7.jar:/mnt/d/program_files/apache-maven-3.9.5-bin/maven-repo/org/jboss/spec/javax/transaction/jboss-transaction-api_1.2_spec/1.1.1.Final/jboss-transaction-api_1.2_spec-1.1.1.Final.jar:/mnt/d/program_files/apache-maven-3.9.5-bin/maven-repo/org/jboss/jandex/2.1.3.Final/jandex-2.1.3.Final.jar:/mnt/d/program_files/apache-maven-3.9.5-bin/maven-repo/com/fasterxml/classmate/1.5.1/classmate-1.5.1.jar:/mnt/d/program_files/apache-maven-3.9.5-bin/maven-repo/javax/activation/javax.activation-api/1.2.0/javax.activation-api-1.2.0.jar:/mnt/d/program_files/apache-maven-3.9.5-bin/maven-repo/org/dom4j/dom4j/2.1.3/dom4j-2.1.3.jar:/mnt/d/program_files/apache-maven-3.9.5-bin/maven-repo/org/hibernate/common/hibernate-commons-annotations/5.1.2.Final/hibernate-commons-annotations-5.1.2.Final.jar:/mnt/d/program_files/apache-maven-3.9.5-bin/maven-repo/org/glassfish/jaxb/jaxb-runtime/2.3.1/jaxb-runtime-2.3.1.jar:/mnt/d/program_files/apache-maven-3.9.5-bin/maven-repo/org/glassfish/jaxb/txw2/2.3.1/txw2-2.3.1.jar:/mnt/d/program_files/apache-maven-3.9.5-bin/maven-repo/com/sun/istack/istack-commons-runtime/3.0.7/istack-commons-runtime-3.0.7.jar:/mnt/d/program_files/apache-maven-3.9.5-bin/maven-repo/org/jvnet/staxex/stax-ex/1.8/stax-ex-1.8.jar:/mnt/d/program_files/apache-maven-3.9.5-bin/maven-repo/com/sun/xml/fastinfoset/FastInfoset/1.2.15/FastInfoset-1.2.15.jar:/mnt/d/program_files/apache-maven-3.9.5-bin/maven-repo/org/hibernate/hibernate-entitymanager/5.4.27.Final/hibernate-entitymanager-5.4.27.Final.jar:/mnt/d/program_files/apache-maven-3.9.5-bin/maven-repo/org/hibernate/hibernate-c3p0/5.4.27.Final/hibernate-c3p0-5.4.27.Final.jar:/mnt/d/program_files/apache-maven-3.9.5-bin/maven-repo/com/mchange/c3p0/0.9.5.5/c3p0-0.9.5.5.jar:/mnt/d/program_files/apache-maven-3.9.5-bin/maven-repo/com/mchange/mchange-commons-java/0.2.19/mchange-commons-java-0.2.19.jar:/mnt/d/program_files/apache-maven-3.9.5-bin/maven-repo/org/apache/commons/commons-compress/1.18/commons-compress-1.18.jar:/mnt/d/program_files/apache-maven-3.9.5-bin/maven-repo/org/apache/commons/commons-email/1.5/commons-email-1.5.jar:/mnt/d/program_files/apache-maven-3.9.5-bin/maven-repo/org/freemarker/freemarker/2.3.30/freemarker-2.3.30.jar:/mnt/d/program_files/apache-maven-3.9.5-bin/maven-repo/org/glassfish/javax.json/1.1.4/javax.json-1.1.4.jar:/mnt/d/program_files/apache-maven-3.9.5-bin/maven-repo/org/jsoup/jsoup/1.13.1/jsoup-1.13.1.jar:/mnt/d/program_files/apache-maven-3.9.5-bin/maven-repo/org/slf4j/slf4j-log4j12/1.7.30/slf4j-log4j12-1.7.30.jar:/mnt/d/program_files/apache-maven-3.9.5-bin/maven-repo/org/slf4j/slf4j-api/1.7.30/slf4j-api-1.7.30.jar:/mnt/d/program_files/apache-maven-3.9.5-bin/maven-repo/org/slf4j/jcl-over-slf4j/1.7.30/jcl-over-slf4j-1.7.30.jar:/mnt/d/program_files/apache-maven-3.9.5-bin/maven-repo/at/favre/lib/bcrypt/0.9.0/bcrypt-0.9.0.jar:/mnt/d/program_files/apache-maven-3.9.5-bin/maven-repo/at/favre/lib/bytes/1.3.0/bytes-1.3.0.jar:/mnt/d/program_files/apache-maven-3.9.5-bin/maven-repo/org/apache/lucene/lucene-core/8.7.0/lucene-core-8.7.0.jar:/mnt/d/program_files/apache-maven-3.9.5-bin/maven-repo/org/apache/lucene/lucene-analyzers-common/8.7.0/lucene-analyzers-common-8.7.0.jar:/mnt/d/program_files/apache-maven-3.9.5-bin/maven-repo/org/apache/lucene/lucene-queryparser/8.7.0/lucene-queryparser-8.7.0.jar:/mnt/d/program_files/apache-maven-3.9.5-bin/maven-repo/org/apache/lucene/lucene-queries/8.7.0/lucene-queries-8.7.0.jar:/mnt/d/program_files/apache-maven-3.9.5-bin/maven-repo/org/apache/lucene/lucene-sandbox/8.7.0/lucene-sandbox-8.7.0.jar:/mnt/d/program_files/apache-maven-3.9.5-bin/maven-repo/org/apache/lucene/lucene-suggest/8.7.0/lucene-suggest-8.7.0.jar:/mnt/d/program_files/apache-maven-3.9.5-bin/maven-repo/org/apache/lucene/lucene-highlighter/8.7.0/lucene-highlighter-8.7.0.jar:/mnt/d/program_files/apache-maven-3.9.5-bin/maven-repo/org/apache/lucene/lucene-memory/8.7.0/lucene-memory-8.7.0.jar:/mnt/d/program_files/apache-maven-3.9.5-bin/maven-repo/com/sun/mail/javax.mail/1.6.2/javax.mail-1.6.2.jar:/mnt/d/program_files/apache-maven-3.9.5-bin/maven-repo/javax/activation/activation/1.1/activation-1.1.jar:/mnt/d/program_files/apache-maven-3.9.5-bin/maven-repo/com/squareup/okhttp3/okhttp/4.9.0/okhttp-4.9.0.jar:/mnt/d/program_files/apache-maven-3.9.5-bin/maven-repo/com/squareup/okio/okio/2.8.0/okio-2.8.0.jar:/mnt/d/program_files/apache-maven-3.9.5-bin/maven-repo/org/jetbrains/kotlin/kotlin-stdlib-common/1.4.0/kotlin-stdlib-common-1.4.0.jar:/mnt/d/program_files/apache-maven-3.9.5-bin/maven-repo/org/jetbrains/kotlin/kotlin-stdlib/1.4.10/kotlin-stdlib-1.4.10.jar:/mnt/d/program_files/apache-maven-3.9.5-bin/maven-repo/org/jetbrains/annotations/13.0/annotations-13.0.jar:/mnt/d/program_files/apache-maven-3.9.5-bin/maven-repo/org/apache/directory/api/api-all/2.0.1/api-all-2.0.1.jar:/mnt/d/program_files/apache-maven-3.9.5-bin/maven-repo/org/apache/servicemix/bundles/org.apache.servicemix.bundles.xpp3/1.1.4c_7/org.apache.servicemix.bundles.xpp3-1.1.4c_7.jar:/mnt/d/program_files/apache-maven-3.9.5-bin/maven-repo/org/apache/servicemix/bundles/org.apache.servicemix.bundles.dom4j/2.1.1_1/org.apache.servicemix.bundles.dom4j-2.1.1_1.jar:/mnt/d/program_files/apache-maven-3.9.5-bin/maven-repo/org/apache/commons/commons-pool2/2.8.0/commons-pool2-2.8.0.jar:/mnt/d/program_files/apache-maven-3.9.5-bin/maven-repo/org/apache/mina/mina-core/2.1.3/mina-core-2.1.3.jar:/mnt/d/program_files/apache-maven-3.9.5-bin/maven-repo/org/apache/commons/commons-lang3/3.9/commons-lang3-3.9.jar:/mnt/d/program_files/apache-maven-3.9.5-bin/maven-repo/org/apache/commons/commons-collections4/4.4/commons-collections4-4.4.jar:/mnt/d/program_files/apache-maven-3.9.5-bin/maven-repo/org/apache/servicemix/bundles/org.apache.servicemix.bundles.antlr/2.7.7_5/org.apache.servicemix.bundles.antlr-2.7.7_5.jar:/mnt/d/program_files/apache-maven-3.9.5-bin/maven-repo/commons-codec/commons-codec/1.14/commons-codec-1.14.jar:/mnt/d/program_files/apache-maven-3.9.5-bin/maven-repo/org/apache/lucene/lucene-backward-codecs/8.7.0/lucene-backward-codecs-8.7.0.jar:/mnt/d/program_files/apache-maven-3.9.5-bin/maven-repo/org/imgscalr/imgscalr-lib/4.2/imgscalr-lib-4.2.jar:/mnt/d/program_files/apache-maven-3.9.5-bin/maven-repo/org/apache/pdfbox/pdfbox/2.0.22/pdfbox-2.0.22.jar:/mnt/d/program_files/apache-maven-3.9.5-bin/maven-repo/org/apache/pdfbox/fontbox/2.0.22/fontbox-2.0.22.jar:/mnt/d/program_files/apache-maven-3.9.5-bin/maven-repo/org/bouncycastle/bcprov-jdk15on/1.68/bcprov-jdk15on-1.68.jar:/mnt/d/program_files/apache-maven-3.9.5-bin/maven-repo/fr/opensagres/xdocreport/fr.opensagres.odfdom.converter.pdf/2.0.2/fr.opensagres.odfdom.converter.pdf-2.0.2.jar:/mnt/d/program_files/apache-maven-3.9.5-bin/maven-repo/fr/opensagres/xdocreport/fr.opensagres.odfdom.converter.core/2.0.2/fr.opensagres.odfdom.converter.core-2.0.2.jar:/mnt/d/program_files/apache-maven-3.9.5-bin/maven-repo/org/odftoolkit/odfdom-java/0.8.7/odfdom-java-0.8.7.jar:/mnt/d/program_files/apache-maven-3.9.5-bin/maven-repo/xerces/xercesImpl/2.9.1/xercesImpl-2.9.1.jar:/mnt/d/program_files/apache-maven-3.9.5-bin/maven-repo/xml-apis/xml-apis/1.3.04/xml-apis-1.3.04.jar:/mnt/d/program_files/apache-maven-3.9.5-bin/maven-repo/fr/opensagres/xdocreport/fr.opensagres.xdocreport.itext.extension/2.0.2/fr.opensagres.xdocreport.itext.extension-2.0.2.jar:/mnt/d/program_files/apache-maven-3.9.5-bin/maven-repo/com/lowagie/itext/2.1.7/itext-2.1.7.jar:/mnt/d/program_files/apache-maven-3.9.5-bin/maven-repo/fr/opensagres/xdocreport/fr.opensagres.poi.xwpf.converter.pdf/2.0.2/fr.opensagres.poi.xwpf.converter.pdf-2.0.2.jar:/mnt/d/program_files/apache-maven-3.9.5-bin/maven-repo/fr/opensagres/xdocreport/fr.opensagres.poi.xwpf.converter.core/2.0.2/fr.opensagres.poi.xwpf.converter.core-2.0.2.jar:/mnt/d/program_files/apache-maven-3.9.5-bin/maven-repo/org/apache/poi/poi-ooxml/4.0.1/poi-ooxml-4.0.1.jar:/mnt/d/program_files/apache-maven-3.9.5-bin/maven-repo/org/apache/poi/poi/4.0.1/poi-4.0.1.jar:/mnt/d/program_files/apache-maven-3.9.5-bin/maven-repo/org/apache/commons/commons-math3/3.6.1/commons-math3-3.6.1.jar:/mnt/d/program_files/apache-maven-3.9.5-bin/maven-repo/com/github/virtuald/curvesapi/1.05/curvesapi-1.05.jar:/mnt/d/program_files/apache-maven-3.9.5-bin/maven-repo/org/apache/poi/ooxml-schemas/1.4/ooxml-schemas-1.4.jar:/mnt/d/program_files/apache-maven-3.9.5-bin/maven-repo/org/apache/xmlbeans/xmlbeans/3.0.1/xmlbeans-3.0.1.jar:/mnt/d/program_files/apache-maven-3.9.5-bin/maven-repo/com/twelvemonkeys/imageio/imageio-jpeg/3.6.2/imageio-jpeg-3.6.2.jar:/mnt/d/program_files/apache-maven-3.9.5-bin/maven-repo/com/twelvemonkeys/imageio/imageio-core/3.6.2/imageio-core-3.6.2.jar:/mnt/d/program_files/apache-maven-3.9.5-bin/maven-repo/com/twelvemonkeys/imageio/imageio-metadata/3.6.2/imageio-metadata-3.6.2.jar:/mnt/d/program_files/apache-maven-3.9.5-bin/maven-repo/com/twelvemonkeys/imageio/imageio-tiff/3.6.2/imageio-tiff-3.6.2.jar:/mnt/d/program_files/apache-maven-3.9.5-bin/maven-repo/com/github/jai-imageio/jai-imageio-jpeg2000/1.4.0/jai-imageio-jpeg2000-1.4.0.jar:/mnt/d/program_files/apache-maven-3.9.5-bin/maven-repo/com/github/jai-imageio/jai-imageio-core/1.4.0/jai-imageio-core-1.4.0.jar:/mnt/d/program_files/apache-maven-3.9.5-bin/maven-repo/com/levigo/jbig2/levigo-jbig2-imageio/2.0/levigo-jbig2-imageio-2.0.jar:/mnt/d/program_files/apache-maven-3.9.5-bin/maven-repo/org/postgresql/postgresql/42.2.18/postgresql-42.2.18.jar:/mnt/d/program_files/apache-maven-3.9.5-bin/maven-repo/javax/xml/bind/jaxb-api/2.3.0/jaxb-api-2.3.0.jar:/mnt/d/program_files/apache-maven-3.9.5-bin/maven-repo/com/sun/xml/bind/jaxb-core/2.3.0/jaxb-core-2.3.0.jar:/mnt/d/program_files/apache-maven-3.9.5-bin/maven-repo/com/sun/xml/bind/jaxb-impl/2.3.0/jaxb-impl-2.3.0.jar:/mnt/d/2024SPRING/Software/Teedy/docs-web-common/target/classes:/mnt/d/program_files/apache-maven-3.9.5-bin/maven-repo/org/slf4j/jul-to-slf4j/1.7.30/jul-to-slf4j-1.7.30.jar:/mnt/d/program_files/apache-maven-3.9.5-bin/maven-repo/org/glassfish/jersey/containers/jersey-container-servlet/2.33/jersey-container-servlet-2.33.jar:/mnt/d/program_files/apache-maven-3.9.5-bin/maven-repo/org/glassfish/jersey/containers/jersey-container-servlet-core/2.33/jersey-container-servlet-core-2.33.jar:/mnt/d/program_files/apache-maven-3.9.5-bin/maven-repo/org/glassfish/hk2/external/jakarta.inject/2.6.1/jakarta.inject-2.6.1.jar:/mnt/d/program_files/apache-maven-3.9.5-bin/maven-repo/org/glassfish/jersey/core/jersey-common/2.33/jersey-common-2.33.jar:/mnt/d/program_files/apache-maven-3.9.5-bin/maven-repo/jakarta/annotation/jakarta.annotation-api/1.3.5/jakarta.annotation-api-1.3.5.jar:/mnt/d/program_files/apache-maven-3.9.5-bin/maven-repo/org/glassfish/hk2/osgi-resource-locator/1.0.3/osgi-resource-locator-1.0.3.jar:/mnt/d/program_files/apache-maven-3.9.5-bin/maven-repo/org/glassfish/jersey/core/jersey-server/2.33/jersey-server-2.33.jar:/mnt/d/program_files/apache-maven-3.9.5-bin/maven-repo/org/glassfish/jersey/core/jersey-client/2.33/jersey-client-2.33.jar:/mnt/d/program_files/apache-maven-3.9.5-bin/maven-repo/jakarta/validation/jakarta.validation-api/2.0.2/jakarta.validation-api-2.0.2.jar:/mnt/d/program_files/apache-maven-3.9.5-bin/maven-repo/jakarta/ws/rs/jakarta.ws.rs-api/2.1.6/jakarta.ws.rs-api-2.1.6.jar:/mnt/d/program_files/apache-maven-3.9.5-bin/maven-repo/org/glassfish/jersey/media/jersey-media-json-processing/2.33/jersey-media-json-processing-2.33.jar:/mnt/d/program_files/apache-maven-3.9.5-bin/maven-repo/org/glassfish/jakarta.json/1.1.6/jakarta.json-1.1.6.jar:/mnt/d/program_files/apache-maven-3.9.5-bin/maven-repo/org/glassfish/jsonp-jaxrs/1.1.6/jsonp-jaxrs-1.1.6.jar:/mnt/d/program_files/apache-maven-3.9.5-bin/maven-repo/org/glassfish/jersey/media/jersey-media-multipart/2.33/jersey-media-multipart-2.33.jar:/mnt/d/program_files/apache-maven-3.9.5-bin/maven-repo/org/jvnet/mimepull/mimepull/1.9.13/mimepull-1.9.13.jar:/mnt/d/program_files/apache-maven-3.9.5-bin/maven-repo/org/glassfish/jersey/inject/jersey-hk2/2.33/jersey-hk2-2.33.jar:/mnt/d/program_files/apache-maven-3.9.5-bin/maven-repo/org/glassfish/hk2/hk2-locator/2.6.1/hk2-locator-2.6.1.jar:/mnt/d/program_files/apache-maven-3.9.5-bin/maven-repo/org/glassfish/hk2/external/aopalliance-repackaged/2.6.1/aopalliance-repackaged-2.6.1.jar:/mnt/d/program_files/apache-maven-3.9.5-bin/maven-repo/org/glassfish/hk2/hk2-api/2.6.1/hk2-api-2.6.1.jar:/mnt/d/program_files/apache-maven-3.9.5-bin/maven-repo/org/glassfish/hk2/hk2-utils/2.6.1/hk2-utils-2.6.1.jar:/mnt/d/program_files/apache-maven-3.9.5-bin/maven-repo/org/javassist/javassist/3.25.0-GA/javassist-3.25.0-GA.jar:/mnt/d/program_files/apache-maven-3.9.5-bin/maven-repo/commons-lang/commons-lang/2.6/commons-lang-2.6.jar:/mnt/d/program_files/apache-maven-3.9.5-bin/maven-repo/commons-io/commons-io/2.6/commons-io-2.6.jar:/mnt/d/program_files/apache-maven-3.9.5-bin/maven-repo/com/google/guava/guava/30.1-jre/guava-30.1-jre.jar:/mnt/d/program_files/apache-maven-3.9.5-bin/maven-repo/com/google/guava/failureaccess/1.0.1/failureaccess-1.0.1.jar:/mnt/d/program_files/apache-maven-3.9.5-bin/maven-repo/com/google/guava/listenablefuture/9999.0-empty-to-avoid-conflict-with-guava/listenablefuture-9999.0-empty-to-avoid-conflict-with-guava.jar:/mnt/d/program_files/apache-maven-3.9.5-bin/maven-repo/com/google/code/findbugs/jsr305/3.0.2/jsr305-3.0.2.jar:/mnt/d/program_files/apache-maven-3.9.5-bin/maven-repo/org/checkerframework/checker-qual/3.5.0/checker-qual-3.5.0.jar:/mnt/d/program_files/apache-maven-3.9.5-bin/maven-repo/com/google/errorprone/error_prone_annotations/2.3.4/error_prone_annotations-2.3.4.jar:/mnt/d/program_files/apache-maven-3.9.5-bin/maven-repo/com/google/j2objc/j2objc-annotations/1.3/j2objc-annotations-1.3.jar:/mnt/d/program_files/apache-maven-3.9.5-bin/maven-repo/log4j/log4j/1.2.17/log4j-1.2.17.jar:/mnt/d/program_files/apache-maven-3.9.5-bin/maven-repo/commons-dbcp/commons-dbcp/1.4/commons-dbcp-1.4.jar:/mnt/d/program_files/apache-maven-3.9.5-bin/maven-repo/commons-pool/commons-pool/1.5.4/commons-pool-1.5.4.jar:/mnt/d/program_files/apache-maven-3.9.5-bin/maven-repo/javax/servlet/javax.servlet-api/4.0.1/javax.servlet-api-4.0.1.jar:/mnt/d/program_files/apache-maven-3.9.5-bin/maven-repo/joda-time/joda-time/2.10.9/joda-time-2.10.9.jar:/mnt/d/program_files/apache-maven-3.9.5-bin/maven-repo/com/h2database/h2/1.4.199/h2-1.4.199.jar:/mnt/d/program_files/apache-maven-3.9.5-bin/maven-repo/com/twelvemonkeys/servlet/servlet/3.6.2/servlet-3.6.2.jar:/mnt/d/program_files/apache-maven-3.9.5-bin/maven-repo/com/twelvemonkeys/common/common-lang/3.6.2/common-lang-3.6.2.jar:/mnt/d/program_files/apache-maven-3.9.5-bin/maven-repo/com/twelvemonkeys/common/common-io/3.6.2/common-io-3.6.2.jar:/mnt/d/program_files/apache-maven-3.9.5-bin/maven-repo/com/twelvemonkeys/common/common-image/3.6.2/common-image-3.6.2.jar:/mnt/d/2024SPRING/Software/Teedy/docs-web-common/target/test-classes:/mnt/d/program_files/apache-maven-3.9.5-bin/maven-repo/junit/junit/4.13.1/junit-4.13.1.jar:/mnt/d/program_files/apache-maven-3.9.5-bin/maven-repo/org/hamcrest/hamcrest-core/1.3/hamcrest-core-1.3.jar:/mnt/d/program_files/apache-maven-3.9.5-bin/maven-repo/org/glassfish/jersey/test-framework/providers/jersey-test-framework-provider-inmemory/2.33/jersey-test-framework-provider-inmemory-2.33.jar:/mnt/d/program_files/apache-maven-3.9.5-bin/maven-repo/org/glassfish/jersey/test-framework/providers/jersey-test-framework-provider-external/2.33/jersey-test-framework-provider-external-2.33.jar:/mnt/d/program_files/apache-maven-3.9.5-bin/maven-repo/org/glassfish/jersey/test-framework/providers/jersey-test-framework-provider-jdk-http/2.33/jersey-test-framework-provider-jdk-http-2.33.jar:/mnt/d/program_files/apache-maven-3.9.5-bin/maven-repo/org/glassfish/jersey/containers/jersey-container-jdk-http/2.33/jersey-container-jdk-http-2.33.jar:/mnt/d/program_files/apache-maven-3.9.5-bin/maven-repo/org/glassfish/jersey/test-framework/providers/jersey-test-framework-provider-simple/2.33/jersey-test-framework-provider-simple-2.33.jar:/mnt/d/program_files/apache-maven-3.9.5-bin/maven-repo/org/glassfish/jersey/containers/jersey-container-simple-http/2.33/jersey-container-simple-http-2.33.jar:/mnt/d/program_files/apache-maven-3.9.5-bin/maven-repo/org/simpleframework/simple-http/6.0.1/simple-http-6.0.1.jar:/mnt/d/program_files/apache-maven-3.9.5-bin/maven-repo/org/simpleframework/simple-transport/6.0.1/simple-transport-6.0.1.jar:/mnt/d/program_files/apache-maven-3.9.5-bin/maven-repo/org/simpleframework/simple-common/6.0.1/simple-common-6.0.1.jar:/mnt/d/program_files/apache-maven-3.9.5-bin/maven-repo/org/glassfish/jersey/test-framework/providers/jersey-test-framework-provider-jetty/2.33/jersey-test-framework-provider-jetty-2.33.jar:/mnt/d/program_files/apache-maven-3.9.5-bin/maven-repo/org/glassfish/jersey/containers/jersey-container-jetty-http/2.33/jersey-container-jetty-http-2.33.jar:/mnt/d/program_files/apache-maven-3.9.5-bin/maven-repo/org/eclipse/jetty/jetty-server/9.4.36.v20210114/jetty-server-9.4.36.v20210114.jar:/mnt/d/program_files/apache-maven-3.9.5-bin/maven-repo/org/eclipse/jetty/jetty-http/9.4.36.v20210114/jetty-http-9.4.36.v20210114.jar:/mnt/d/program_files/apache-maven-3.9.5-bin/maven-repo/org/eclipse/jetty/jetty-io/9.4.36.v20210114/jetty-io-9.4.36.v20210114.jar:/mnt/d/program_files/apache-maven-3.9.5-bin/maven-repo/org/eclipse/jetty/jetty-util/9.4.28.v20200408/jetty-util-9.4.28.v20200408.jar:/mnt/d/program_files/apache-maven-3.9.5-bin/maven-repo/org/eclipse/jetty/jetty-continuation/9.4.28.v20200408/jetty-continuation-9.4.28.v20200408.jar:/mnt/d/program_files/apache-maven-3.9.5-bin/maven-repo/org/glassfish/jersey/test-framework/providers/jersey-test-framework-provider-netty/2.33/jersey-test-framework-provider-netty-2.33.jar:/mnt/d/program_files/apache-maven-3.9.5-bin/maven-repo/org/glassfish/jersey/containers/jersey-container-netty-http/2.33/jersey-container-netty-http-2.33.jar:/mnt/d/program_files/apache-maven-3.9.5-bin/maven-repo/org/glassfish/jersey/connectors/jersey-netty-connector/2.33/jersey-netty-connector-2.33.jar:/mnt/d/program_files/apache-maven-3.9.5-bin/maven-repo/io/netty/netty-all/4.1.43.Final/netty-all-4.1.43.Final.jar:/mnt/d/program_files/apache-maven-3.9.5-bin/maven-repo/org/glassfish/jersey/test-framework/providers/jersey-test-framework-provider-grizzly2/2.33/jersey-test-framework-provider-grizzly2-2.33.jar:/mnt/d/program_files/apache-maven-3.9.5-bin/maven-repo/jakarta/servlet/jakarta.servlet-api/4.0.3/jakarta.servlet-api-4.0.3.jar:/mnt/d/program_files/apache-maven-3.9.5-bin/maven-repo/org/glassfish/jersey/test-framework/jersey-test-framework-core/2.33/jersey-test-framework-core-2.33.jar:/mnt/d/program_files/apache-maven-3.9.5-bin/maven-repo/jakarta/xml/bind/jakarta.xml.bind-api/2.3.3/jakarta.xml.bind-api-2.3.3.jar:/mnt/d/program_files/apache-maven-3.9.5-bin/maven-repo/jakarta/activation/jakarta.activation-api/1.2.2/jakarta.activation-api-1.2.2.jar:/mnt/d/program_files/apache-maven-3.9.5-bin/maven-repo/org/glassfish/jersey/media/jersey-media-jaxb/2.33/jersey-media-jaxb-2.33.jar:/mnt/d/program_files/apache-maven-3.9.5-bin/maven-repo/org/glassfish/jersey/containers/jersey-container-grizzly2-http/2.33/jersey-container-grizzly2-http-2.33.jar:/mnt/d/program_files/apache-maven-3.9.5-bin/maven-repo/org/glassfish/grizzly/grizzly-http-server/2.4.4/grizzly-http-server-2.4.4.jar:/mnt/d/program_files/apache-maven-3.9.5-bin/maven-repo/org/glassfish/grizzly/grizzly-http/2.4.4/grizzly-http-2.4.4.jar:/mnt/d/program_files/apache-maven-3.9.5-bin/maven-repo/org/glassfish/grizzly/grizzly-framework/2.4.4/grizzly-framework-2.4.4.jar:/mnt/d/program_files/apache-maven-3.9.5-bin/maven-repo/org/glassfish/jersey/containers/jersey-container-grizzly2-servlet/2.33/jersey-container-grizzly2-servlet-2.33.jar:/mnt/d/program_files/apache-maven-3.9.5-bin/maven-repo/org/glassfish/grizzly/grizzly-http-servlet/2.4.4/grizzly-http-servlet-2.4.4.jar:/mnt/d/program_files/apache-maven-3.9.5-bin/maven-repo/org/subethamail/subethasmtp-wiser/1.2/subethasmtp-wiser-1.2.jar:/mnt/d/program_files/apache-maven-3.9.5-bin/maven-repo/org/subethamail/subethasmtp-smtp/1.2/subethasmtp-smtp-1.2.jar:/mnt/d/program_files/apache-maven-3.9.5-bin/maven-repo/commons-logging/commons-logging/1.1/commons-logging-1.1.jar:/mnt/d/program_files/apache-maven-3.9.5-bin/maven-repo/logkit/logkit/1.0.1/logkit-1.0.1.jar:/mnt/d/program_files/apache-maven-3.9.5-bin/maven-repo/avalon-framework/avalon-framework/4.1.3/avalon-framework-4.1.3.jar:/mnt/d/program_files/apache-maven-3.9.5-bin/maven-repo/javax/servlet/servlet-api/2.3/servlet-api-2.3.jar:/mnt/d/program_files/apache-maven-3.9.5-bin/maven-repo/com/icegreen/greenmail/1.5.8/greenmail-1.5.8.jar:"/>
    <property name="sun.cpu.endian" value="little"/>
    <property name="user.home" value="/root"/>
    <property name="user.language" value="en"/>
    <property name="java.specification.vendor" value="Oracle Corporation"/>
    <property name="java.version.date" value="2024-01-16"/>
    <property name="java.home" value="/usr/lib/jvm/java-11-openjdk-amd64"/>
    <property name="file.separator" value="/"/>
    <property name="basedir" value="/mnt/d/2024SPRING/Software/Teedy/docs-web"/>
    <property name="java.vm.compressedOopsMode" value="32-bit"/>
    <property name="line.separator" value="&#10;"/>
    <property name="java.specification.name" value="Java Platform API Specification"/>
    <property name="java.vm.specification.vendor" value="Oracle Corporation"/>
    <property name="java.awt.graphicsenv" value="sun.awt.X11GraphicsEnvironment"/>
    <property name="surefire.real.class.path" value="/mnt/d/2024SPRING/Software/Teedy/docs-web/target/surefire/surefirebooter12121319478020541837.jar"/>
    <property name="sun.management.compiler" value="HotSpot 64-Bit Tiered Compilers"/>
    <property name="java.runtime.version" value="11.0.22+7-post-Ubuntu-0ubuntu222.04.1"/>
    <property name="user.name" value="root"/>
    <property name="path.separator" value=":"/>
    <property name="os.version" value="5.15.133.1-microsoft-standard-WSL2"/>
    <property name="java.runtime.name" value="OpenJDK Runtime Environment"/>
    <property name="file.encoding" value="UTF-8"/>
    <property name="java.vm.name" value="OpenJDK 64-Bit Server VM"/>
    <property name="localRepository" value="/mnt/d/program_files/apache-maven-3.9.5-bin/maven-repo"/>
    <property name="java.vendor.url.bug" value="https://bugs.launchpad.net/ubuntu/+source/openjdk-lts"/>
    <property name="java.io.tmpdir" value="/tmp"/>
    <property name="java.version" value="11.0.22"/>
    <property name="user.dir" value="/mnt/d/2024SPRING/Software/Teedy/docs-web"/>
    <property name="os.arch" value="amd64"/>
    <property name="java.vm.specification.name" value="Java Virtual Machine Specification"/>
    <property name="java.awt.printerjob" value="sun.print.PSPrinterJob"/>
    <property name="sun.os.patch.level" value="unknown"/>
    <property name="java.library.path" value="/usr/java/packages/lib:/usr/lib/x86_64-linux-gnu/jni:/lib/x86_64-linux-gnu:/usr/lib/x86_64-linux-gnu:/usr/lib/jni:/lib:/usr/lib"/>
    <property name="java.vm.info" value="mixed mode, sharing"/>
    <property name="java.vendor" value="Ubuntu"/>
    <property name="java.vm.version" value="11.0.22+7-post-Ubuntu-0ubuntu222.04.1"/>
    <property name="java.specification.maintenance.version" value="2"/>
    <property name="sun.io.unicode.encoding" value="UnicodeLittle"/>
    <property name="java.class.version" value="55.0"/>
  </properties>
  <testcase name="testShareResource" classname="com.sismics.docs.rest.TestShareResource" time="111.08">
    <system-out><![CDATA[29 Apr 2024 19:00:19,723 INFO com.sismics.util.filter.RequestContextFilter.init(RequestContextFilter.java:43) Using base data directory: /tmp 
29 Apr 2024 19:01:04,696 INFO com.sismics.util.ClasspathScanner.findClasses(ClasspathScanner.java:48) Found 1 classes for IndexingHandler 
29 Apr 2024 19:01:05,321 INFO com.sismics.docs.core.util.indexing.LuceneIndexingHandler.initLucene(LuceneIndexingHandler.java:115) Using RAM Lucene storage 
29 Apr 2024 19:01:07,493 INFO com.sismics.docs.core.service.FileService.startUp(FileService.java:39) File service starting up 
29 Apr 2024 19:01:07,559 INFO com.sismics.docs.core.service.InboxService.startUp(InboxService.java:55) Inbox service starting up 
29 Apr 2024 19:01:23,837 INFO com.sismics.util.ClasspathScanner.findClasses(ClasspathScanner.java:48) Found 2 classes for AuthenticationHandler 
29 Apr 2024 19:01:30,258 INFO com.sismics.docs.core.listener.async.DocumentCreatedAsyncListener.on(DocumentCreatedAsyncListener.java:35) Document created event: DocumentCreatedAsyncEvent{documentId=62a2b50c-f5f7-4f71-bab1-7309555b7375} 
29 Apr 2024 19:01:33,491 INFO com.sismics.docs.core.util.FileUtil.startProcessingFile(FileUtil.java:221) Processing started for file: c2088fe3-049c-4f26-a8c5-96cd0b9413c7 
29 Apr 2024 19:01:33,552 INFO com.sismics.docs.core.listener.async.FileProcessingAsyncListener.on(FileProcessingAsyncListener.java:53) File created event: FileCreatedAsyncEvent{fileId=c2088fe3-049c-4f26-a8c5-96cd0b9413c7, language=eng} 
29 Apr 2024 19:01:43,566 INFO com.sismics.util.ClasspathScanner.findClasses(ClasspathScanner.java:48) Found 7 classes for FormatHandler 
29 Apr 2024 19:01:44,316 INFO com.sismics.docs.core.listener.async.FileProcessingAsyncListener.extractContent(FileProcessingAsyncListener.java:176) Start extracting content from: File{id=c2088fe3-049c-4f26-a8c5-96cd0b9413c7, name=PIA00452.jpg} 
29 Apr 2024 19:01:47,649 INFO com.sismics.docs.core.listener.async.FileProcessingAsyncListener.extractContent(FileProcessingAsyncListener.java:182) File content extracted in 3,332ms: c2088fe3-049c-4f26-a8c5-96cd0b9413c7 
29 Apr 2024 19:01:47,659 INFO com.sismics.docs.core.util.FileUtil.endProcessingFile(FileUtil.java:231) Processing ended for file: c2088fe3-049c-4f26-a8c5-96cd0b9413c7 
29 Apr 2024 19:01:47,661 INFO com.sismics.docs.core.listener.async.DocumentUpdatedAsyncListener.on(DocumentUpdatedAsyncListener.java:39) Document updated event: DocumentUpdatedAsyncEvent{documentId=62a2b50c-f5f7-4f71-bab1-7309555b7375} 
29 Apr 2024 19:01:48,415 INFO com.sismics.docs.core.listener.async.DocumentUpdatedAsyncListener.on(DocumentUpdatedAsyncListener.java:39) Document updated event: DocumentUpdatedAsyncEvent{documentId=62a2b50c-f5f7-4f71-bab1-7309555b7375} 
29 Apr 2024 19:01:49,493 INFO com.sismics.docs.core.listener.async.DocumentUpdatedAsyncListener.on(DocumentUpdatedAsyncListener.java:39) Document updated event: DocumentUpdatedAsyncEvent{documentId=62a2b50c-f5f7-4f71-bab1-7309555b7375} 
29 Apr 2024 19:01:49,566 INFO org.subethamail.smtp.server.SMTPServer.run(SMTPServer.java:333) SMTP Server socket shut down. 
29 Apr 2024 19:01:49,602 INFO com.sismics.docs.core.service.InboxService.shutDown(InboxService.java:60) Inbox service shutting down 
29 Apr 2024 19:01:49,603 INFO com.sismics.docs.core.service.FileService.shutDown(FileService.java:44) File service shutting down 
]]></system-out>
    <system-err><![CDATA[Apr 29, 2024 6:59:59 PM org.glassfish.jersey.test.external.ExternalTestContainerFactory$ExternalTestContainer <init>
INFO: Creating ExternalTestContainer configured at the base URI http://localhost:9998/docs
Apr 29, 2024 7:00:03 PM org.glassfish.grizzly.servlet.WebappContext deploy
INFO: Starting application [GrizzlyContext] ...
Apr 29, 2024 7:00:04 PM org.glassfish.grizzly.servlet.WebappContext initServlets
INFO: Loading Servlet: org.glassfish.jersey.servlet.ServletContainer
Apr 29, 2024 7:00:18 PM org.glassfish.grizzly.servlet.WebappContext initServlets
INFO: [GrizzlyContext] Servlet [org.glassfish.jersey.servlet.ServletContainer] registered for url pattern(s) [[/*]].
]]></system-err>
  </testcase>
</testsuite>